<?xml version="1.0" encoding="UTF-8"?>
<coverage generated="1664356273191" clover="3.2.0">
  <project timestamp="1664356273191" name="All files">
    <metrics statements="667" coveredstatements="647" conditionals="124" coveredconditionals="124" methods="35" coveredmethods="29" elements="826" coveredelements="800" complexity="0" loc="667" ncloc="667" packages="2" files="7" classes="7"/>
    <package name="src">
      <metrics statements="52" coveredstatements="40" conditionals="1" coveredconditionals="1" methods="4" coveredmethods="1"/>
      <file name="DescribeChar.js" path="/Users/xixixi/project/private/regular-expression/src/DescribeChar.js">
        <metrics statements="28" coveredstatements="28" conditionals="0" coveredconditionals="0" methods="0" coveredmethods="0"/>
        <line num="1" count="1" type="stmt"/>
        <line num="2" count="1" type="stmt"/>
        <line num="3" count="1" type="stmt"/>
        <line num="4" count="1" type="stmt"/>
        <line num="5" count="1" type="stmt"/>
        <line num="6" count="1" type="stmt"/>
        <line num="7" count="1" type="stmt"/>
        <line num="8" count="1" type="stmt"/>
        <line num="9" count="1" type="stmt"/>
        <line num="10" count="1" type="stmt"/>
        <line num="11" count="1" type="stmt"/>
        <line num="12" count="1" type="stmt"/>
        <line num="13" count="1" type="stmt"/>
        <line num="14" count="1" type="stmt"/>
        <line num="15" count="1" type="stmt"/>
        <line num="16" count="1" type="stmt"/>
        <line num="17" count="1" type="stmt"/>
        <line num="18" count="1" type="stmt"/>
        <line num="19" count="1" type="stmt"/>
        <line num="20" count="1" type="stmt"/>
        <line num="21" count="1" type="stmt"/>
        <line num="22" count="1" type="stmt"/>
        <line num="23" count="1" type="stmt"/>
        <line num="24" count="1" type="stmt"/>
        <line num="25" count="1" type="stmt"/>
        <line num="26" count="1" type="stmt"/>
        <line num="27" count="1" type="stmt"/>
        <line num="28" count="1" type="stmt"/>
      </file>
      <file name="index.js" path="/Users/xixixi/project/private/regular-expression/src/index.js">
        <metrics statements="24" coveredstatements="12" conditionals="1" coveredconditionals="1" methods="4" coveredmethods="1"/>
        <line num="1" count="1" type="stmt"/>
        <line num="2" count="1" type="stmt"/>
        <line num="3" count="1" type="stmt"/>
        <line num="4" count="1" type="stmt"/>
        <line num="5" count="0" type="stmt"/>
        <line num="6" count="0" type="stmt"/>
        <line num="7" count="0" type="stmt"/>
        <line num="8" count="0" type="stmt"/>
        <line num="9" count="1" type="stmt"/>
        <line num="10" count="1" type="stmt"/>
        <line num="11" count="0" type="stmt"/>
        <line num="12" count="0" type="stmt"/>
        <line num="13" count="1" type="stmt"/>
        <line num="14" count="1" type="stmt"/>
        <line num="15" count="0" type="stmt"/>
        <line num="16" count="0" type="stmt"/>
        <line num="17" count="0" type="stmt"/>
        <line num="18" count="0" type="stmt"/>
        <line num="19" count="0" type="stmt"/>
        <line num="20" count="0" type="stmt"/>
        <line num="21" count="1" type="cond" truecount="1" falsecount="0"/>
        <line num="22" count="1" type="stmt"/>
        <line num="23" count="1" type="stmt"/>
        <line num="24" count="1" type="stmt"/>
      </file>
    </package>
    <package name="src.generateNode">
      <metrics statements="615" coveredstatements="607" conditionals="123" coveredconditionals="123" methods="31" coveredmethods="28"/>
      <file name="ExpNodeError.js" path="/Users/xixixi/project/private/regular-expression/src/generateNode/ExpNodeError.js">
        <metrics statements="13" coveredstatements="13" conditionals="3" coveredconditionals="3" methods="3" coveredmethods="3"/>
        <line num="1" count="1" type="stmt"/>
        <line num="2" count="1" type="cond" truecount="1" falsecount="0"/>
        <line num="3" count="4" type="stmt"/>
        <line num="4" count="4" type="stmt"/>
        <line num="5" count="1" type="cond" truecount="1" falsecount="0"/>
        <line num="6" count="2" type="stmt"/>
        <line num="7" count="2" type="stmt"/>
        <line num="8" count="1" type="cond" truecount="1" falsecount="0"/>
        <line num="9" count="2" type="stmt"/>
        <line num="10" count="2" type="stmt"/>
        <line num="11" count="1" type="stmt"/>
        <line num="12" count="1" type="stmt"/>
        <line num="13" count="1" type="stmt"/>
      </file>
      <file name="NodeType.js" path="/Users/xixixi/project/private/regular-expression/src/generateNode/NodeType.js">
        <metrics statements="12" coveredstatements="12" conditionals="0" coveredconditionals="0" methods="0" coveredmethods="0"/>
        <line num="1" count="1" type="stmt"/>
        <line num="2" count="1" type="stmt"/>
        <line num="3" count="1" type="stmt"/>
        <line num="4" count="1" type="stmt"/>
        <line num="5" count="1" type="stmt"/>
        <line num="6" count="1" type="stmt"/>
        <line num="7" count="1" type="stmt"/>
        <line num="8" count="1" type="stmt"/>
        <line num="9" count="1" type="stmt"/>
        <line num="10" count="1" type="stmt"/>
        <line num="11" count="1" type="stmt"/>
        <line num="12" count="1" type="stmt"/>
      </file>
      <file name="expNode.js" path="/Users/xixixi/project/private/regular-expression/src/generateNode/expNode.js">
        <metrics statements="182" coveredstatements="182" conditionals="13" coveredconditionals="13" methods="12" coveredmethods="12"/>
        <line num="1" count="1" type="stmt"/>
        <line num="2" count="1" type="stmt"/>
        <line num="3" count="1" type="stmt"/>
        <line num="4" count="1" type="stmt"/>
        <line num="5" count="1" type="stmt"/>
        <line num="6" count="1" type="stmt"/>
        <line num="7" count="1" type="stmt"/>
        <line num="8" count="1" type="stmt"/>
        <line num="9" count="1" type="stmt"/>
        <line num="10" count="1" type="stmt"/>
        <line num="11" count="1" type="stmt"/>
        <line num="12" count="1" type="stmt"/>
        <line num="13" count="1" type="stmt"/>
        <line num="14" count="1" type="stmt"/>
        <line num="15" count="1" type="stmt"/>
        <line num="16" count="1" type="stmt"/>
        <line num="17" count="1" type="stmt"/>
        <line num="18" count="309" type="cond" truecount="1" falsecount="0"/>
        <line num="19" count="309" type="stmt"/>
        <line num="20" count="309" type="stmt"/>
        <line num="21" count="309" type="stmt"/>
        <line num="22" count="309" type="stmt"/>
        <line num="23" count="309" type="stmt"/>
        <line num="24" count="309" type="stmt"/>
        <line num="25" count="309" type="stmt"/>
        <line num="26" count="1" type="stmt"/>
        <line num="27" count="1" type="stmt"/>
        <line num="28" count="1" type="stmt"/>
        <line num="29" count="1" type="stmt"/>
        <line num="30" count="1" type="stmt"/>
        <line num="31" count="1" type="stmt"/>
        <line num="32" count="1" type="stmt"/>
        <line num="33" count="1" type="stmt"/>
        <line num="34" count="1" type="cond" truecount="1" falsecount="0"/>
        <line num="35" count="28" type="stmt"/>
        <line num="36" count="28" type="stmt"/>
        <line num="37" count="28" type="stmt"/>
        <line num="38" count="28" type="stmt"/>
        <line num="39" count="28" type="stmt"/>
        <line num="40" count="28" type="stmt"/>
        <line num="41" count="28" type="stmt"/>
        <line num="42" count="1" type="stmt"/>
        <line num="43" count="1" type="stmt"/>
        <line num="44" count="1" type="stmt"/>
        <line num="45" count="1" type="stmt"/>
        <line num="46" count="1" type="stmt"/>
        <line num="47" count="1" type="stmt"/>
        <line num="48" count="1" type="cond" truecount="1" falsecount="0"/>
        <line num="49" count="8" type="stmt"/>
        <line num="50" count="8" type="stmt"/>
        <line num="51" count="8" type="stmt"/>
        <line num="52" count="8" type="stmt"/>
        <line num="53" count="8" type="stmt"/>
        <line num="54" count="1" type="stmt"/>
        <line num="55" count="1" type="stmt"/>
        <line num="56" count="1" type="stmt"/>
        <line num="57" count="1" type="stmt"/>
        <line num="58" count="1" type="stmt"/>
        <line num="59" count="1" type="stmt"/>
        <line num="60" count="1" type="cond" truecount="1" falsecount="0"/>
        <line num="61" count="4" type="stmt"/>
        <line num="62" count="4" type="stmt"/>
        <line num="63" count="4" type="stmt"/>
        <line num="64" count="4" type="stmt"/>
        <line num="65" count="4" type="stmt"/>
        <line num="66" count="1" type="stmt"/>
        <line num="67" count="1" type="stmt"/>
        <line num="68" count="1" type="stmt"/>
        <line num="69" count="1" type="stmt"/>
        <line num="70" count="1" type="stmt"/>
        <line num="71" count="1" type="stmt"/>
        <line num="72" count="1" type="stmt"/>
        <line num="73" count="1" type="stmt"/>
        <line num="74" count="1" type="cond" truecount="1" falsecount="0"/>
        <line num="75" count="19" type="stmt"/>
        <line num="76" count="19" type="stmt"/>
        <line num="77" count="19" type="stmt"/>
        <line num="78" count="19" type="stmt"/>
        <line num="79" count="19" type="stmt"/>
        <line num="80" count="19" type="stmt"/>
        <line num="81" count="19" type="stmt"/>
        <line num="82" count="1" type="stmt"/>
        <line num="83" count="1" type="stmt"/>
        <line num="84" count="1" type="stmt"/>
        <line num="85" count="1" type="stmt"/>
        <line num="86" count="1" type="stmt"/>
        <line num="87" count="1" type="stmt"/>
        <line num="88" count="1" type="stmt"/>
        <line num="89" count="1" type="stmt"/>
        <line num="90" count="1" type="cond" truecount="1" falsecount="0"/>
        <line num="91" count="8" type="stmt"/>
        <line num="92" count="8" type="stmt"/>
        <line num="93" count="8" type="stmt"/>
        <line num="94" count="8" type="stmt"/>
        <line num="95" count="8" type="stmt"/>
        <line num="96" count="8" type="stmt"/>
        <line num="97" count="8" type="stmt"/>
        <line num="98" count="1" type="stmt"/>
        <line num="99" count="1" type="stmt"/>
        <line num="100" count="1" type="stmt"/>
        <line num="101" count="1" type="stmt"/>
        <line num="102" count="1" type="stmt"/>
        <line num="103" count="1" type="stmt"/>
        <line num="104" count="1" type="stmt"/>
        <line num="105" count="1" type="cond" truecount="1" falsecount="0"/>
        <line num="106" count="20" type="stmt"/>
        <line num="107" count="20" type="stmt"/>
        <line num="108" count="20" type="stmt"/>
        <line num="109" count="20" type="stmt"/>
        <line num="110" count="20" type="stmt"/>
        <line num="111" count="20" type="stmt"/>
        <line num="112" count="1" type="stmt"/>
        <line num="113" count="1" type="stmt"/>
        <line num="114" count="1" type="stmt"/>
        <line num="115" count="1" type="stmt"/>
        <line num="116" count="1" type="stmt"/>
        <line num="117" count="1" type="stmt"/>
        <line num="118" count="1" type="stmt"/>
        <line num="119" count="1" type="cond" truecount="1" falsecount="0"/>
        <line num="120" count="15" type="stmt"/>
        <line num="121" count="15" type="stmt"/>
        <line num="122" count="15" type="stmt"/>
        <line num="123" count="15" type="stmt"/>
        <line num="124" count="15" type="stmt"/>
        <line num="125" count="1" type="stmt"/>
        <line num="126" count="1" type="stmt"/>
        <line num="127" count="1" type="stmt"/>
        <line num="128" count="1" type="stmt"/>
        <line num="129" count="1" type="stmt"/>
        <line num="130" count="1" type="stmt"/>
        <line num="131" count="1" type="cond" truecount="1" falsecount="0"/>
        <line num="132" count="4" type="stmt"/>
        <line num="133" count="4" type="stmt"/>
        <line num="134" count="4" type="stmt"/>
        <line num="135" count="4" type="stmt"/>
        <line num="136" count="4" type="stmt"/>
        <line num="137" count="1" type="stmt"/>
        <line num="138" count="1" type="stmt"/>
        <line num="139" count="1" type="stmt"/>
        <line num="140" count="1" type="stmt"/>
        <line num="141" count="1" type="stmt"/>
        <line num="142" count="1" type="stmt"/>
        <line num="143" count="1" type="stmt"/>
        <line num="144" count="1" type="cond" truecount="1" falsecount="0"/>
        <line num="145" count="28" type="stmt"/>
        <line num="146" count="28" type="stmt"/>
        <line num="147" count="28" type="stmt"/>
        <line num="148" count="28" type="stmt"/>
        <line num="149" count="28" type="stmt"/>
        <line num="150" count="28" type="stmt"/>
        <line num="151" count="1" type="stmt"/>
        <line num="152" count="1" type="stmt"/>
        <line num="153" count="1" type="stmt"/>
        <line num="154" count="1" type="stmt"/>
        <line num="155" count="1" type="stmt"/>
        <line num="156" count="1" type="stmt"/>
        <line num="157" count="1" type="cond" truecount="1" falsecount="0"/>
        <line num="158" count="175" type="stmt"/>
        <line num="159" count="175" type="stmt"/>
        <line num="160" count="175" type="stmt"/>
        <line num="161" count="175" type="stmt"/>
        <line num="162" count="175" type="stmt"/>
        <line num="163" count="175" type="stmt"/>
        <line num="164" count="1" type="stmt"/>
        <line num="165" count="1" type="cond" truecount="1" falsecount="0"/>
        <line num="166" count="340" type="cond" truecount="1" falsecount="0"/>
        <line num="167" count="340" type="stmt"/>
        <line num="168" count="1" type="stmt"/>
        <line num="169" count="1" type="stmt"/>
        <line num="170" count="1" type="stmt"/>
        <line num="171" count="1" type="stmt"/>
        <line num="172" count="1" type="stmt"/>
        <line num="173" count="1" type="stmt"/>
        <line num="174" count="1" type="stmt"/>
        <line num="175" count="1" type="stmt"/>
        <line num="176" count="1" type="stmt"/>
        <line num="177" count="1" type="stmt"/>
        <line num="178" count="1" type="stmt"/>
        <line num="179" count="1" type="stmt"/>
        <line num="180" count="1" type="stmt"/>
        <line num="181" count="1" type="stmt"/>
        <line num="182" count="1" type="stmt"/>
      </file>
      <file name="meta.js" path="/Users/xixixi/project/private/regular-expression/src/generateNode/meta.js">
        <metrics statements="40" coveredstatements="32" conditionals="4" coveredconditionals="4" methods="6" coveredmethods="3"/>
        <line num="1" count="1" type="stmt"/>
        <line num="2" count="1" type="stmt"/>
        <line num="3" count="1" type="stmt"/>
        <line num="4" count="1" type="stmt"/>
        <line num="5" count="1" type="stmt"/>
        <line num="6" count="1" type="stmt"/>
        <line num="7" count="1" type="stmt"/>
        <line num="8" count="0" type="stmt"/>
        <line num="9" count="0" type="stmt"/>
        <line num="10" count="0" type="stmt"/>
        <line num="11" count="1" type="stmt"/>
        <line num="12" count="0" type="stmt"/>
        <line num="13" count="0" type="stmt"/>
        <line num="14" count="1" type="stmt"/>
        <line num="15" count="1" type="cond" truecount="1" falsecount="0"/>
        <line num="16" count="29" type="stmt"/>
        <line num="17" count="29" type="cond" truecount="1" falsecount="0"/>
        <line num="18" count="29" type="stmt"/>
        <line num="19" count="1" type="stmt"/>
        <line num="20" count="1" type="stmt"/>
        <line num="21" count="0" type="stmt"/>
        <line num="22" count="0" type="stmt"/>
        <line num="23" count="0" type="stmt"/>
        <line num="24" count="1" type="stmt"/>
        <line num="25" count="1" type="cond" truecount="1" falsecount="0"/>
        <line num="26" count="4" type="stmt"/>
        <line num="27" count="4" type="stmt"/>
        <line num="28" count="1" type="stmt"/>
        <line num="29" count="1" type="cond" truecount="1" falsecount="0"/>
        <line num="30" count="2" type="stmt"/>
        <line num="31" count="2" type="stmt"/>
        <line num="32" count="1" type="stmt"/>
        <line num="33" count="1" type="stmt"/>
        <line num="34" count="1" type="stmt"/>
        <line num="35" count="1" type="stmt"/>
        <line num="36" count="1" type="stmt"/>
        <line num="37" count="1" type="stmt"/>
        <line num="38" count="1" type="stmt"/>
        <line num="39" count="1" type="stmt"/>
        <line num="40" count="1" type="stmt"/>
      </file>
      <file name="parseExp.js" path="/Users/xixixi/project/private/regular-expression/src/generateNode/parseExp.js">
        <metrics statements="368" coveredstatements="368" conditionals="103" coveredconditionals="103" methods="10" coveredmethods="10"/>
        <line num="1" count="1" type="stmt"/>
        <line num="2" count="1" type="stmt"/>
        <line num="3" count="1" type="stmt"/>
        <line num="4" count="1" type="stmt"/>
        <line num="5" count="1" type="stmt"/>
        <line num="6" count="1" type="stmt"/>
        <line num="7" count="1" type="stmt"/>
        <line num="8" count="1" type="stmt"/>
        <line num="9" count="1" type="stmt"/>
        <line num="10" count="1" type="stmt"/>
        <line num="11" count="1" type="stmt"/>
        <line num="12" count="1" type="stmt"/>
        <line num="13" count="1" type="stmt"/>
        <line num="14" count="1" type="stmt"/>
        <line num="15" count="1" type="stmt"/>
        <line num="16" count="1" type="stmt"/>
        <line num="17" count="1" type="stmt"/>
        <line num="18" count="1" type="stmt"/>
        <line num="19" count="1" type="stmt"/>
        <line num="20" count="1" type="stmt"/>
        <line num="21" count="1" type="stmt"/>
        <line num="22" count="1" type="stmt"/>
        <line num="23" count="1" type="stmt"/>
        <line num="24" count="1" type="stmt"/>
        <line num="25" count="1" type="stmt"/>
        <line num="26" count="1" type="stmt"/>
        <line num="27" count="1" type="stmt"/>
        <line num="28" count="1" type="stmt"/>
        <line num="29" count="1" type="stmt"/>
        <line num="30" count="1" type="stmt"/>
        <line num="31" count="1" type="stmt"/>
        <line num="32" count="1" type="stmt"/>
        <line num="33" count="1" type="cond" truecount="1" falsecount="0"/>
        <line num="34" count="6" type="stmt"/>
        <line num="35" count="6" type="cond" truecount="2" falsecount="0"/>
        <line num="36" count="4" type="stmt"/>
        <line num="37" count="4" type="stmt"/>
        <line num="38" count="4" type="stmt"/>
        <line num="39" count="4" type="stmt"/>
        <line num="40" count="4" type="cond" truecount="1" falsecount="0"/>
        <line num="41" count="2" type="stmt"/>
        <line num="42" count="2" type="stmt"/>
        <line num="43" count="2" type="cond" truecount="1" falsecount="0"/>
        <line num="44" count="1" type="stmt"/>
        <line num="45" count="1" type="stmt"/>
        <line num="46" count="1" type="stmt"/>
        <line num="47" count="1" type="stmt"/>
        <line num="48" count="1" type="stmt"/>
        <line num="49" count="1" type="stmt"/>
        <line num="50" count="6" type="stmt"/>
        <line num="51" count="6" type="stmt"/>
        <line num="52" count="1" type="stmt"/>
        <line num="53" count="1" type="stmt"/>
        <line num="54" count="1" type="stmt"/>
        <line num="55" count="1" type="stmt"/>
        <line num="56" count="1" type="stmt"/>
        <line num="57" count="1" type="stmt"/>
        <line num="58" count="1" type="cond" truecount="1" falsecount="0"/>
        <line num="59" count="4" type="stmt"/>
        <line num="60" count="4" type="cond" truecount="2" falsecount="0"/>
        <line num="61" count="1" type="stmt"/>
        <line num="62" count="1" type="stmt"/>
        <line num="63" count="3" type="cond" truecount="1" falsecount="0"/>
        <line num="64" count="3" type="stmt"/>
        <line num="65" count="3" type="stmt"/>
        <line num="66" count="3" type="stmt"/>
        <line num="67" count="3" type="stmt"/>
        <line num="68" count="1" type="stmt"/>
        <line num="69" count="1" type="stmt"/>
        <line num="70" count="1" type="stmt"/>
        <line num="71" count="1" type="stmt"/>
        <line num="72" count="1" type="stmt"/>
        <line num="73" count="1" type="stmt"/>
        <line num="74" count="1" type="cond" truecount="1" falsecount="0"/>
        <line num="75" count="259" type="stmt"/>
        <line num="76" count="259" type="cond" truecount="2" falsecount="0"/>
        <line num="77" count="103" type="stmt"/>
        <line num="78" count="103" type="stmt"/>
        <line num="79" count="103" type="stmt"/>
        <line num="80" count="103" type="stmt"/>
        <line num="81" count="259" type="stmt"/>
        <line num="82" count="1" type="stmt"/>
        <line num="83" count="1" type="stmt"/>
        <line num="84" count="1" type="stmt"/>
        <line num="85" count="1" type="stmt"/>
        <line num="86" count="1" type="stmt"/>
        <line num="87" count="1" type="stmt"/>
        <line num="88" count="1" type="stmt"/>
        <line num="89" count="1" type="cond" truecount="1" falsecount="0"/>
        <line num="90" count="11" type="stmt"/>
        <line num="91" count="11" type="cond" truecount="1" falsecount="0"/>
        <line num="92" count="33" type="stmt"/>
        <line num="93" count="33" type="cond" truecount="2" falsecount="0"/>
        <line num="94" count="24" type="stmt"/>
        <line num="95" count="24" type="stmt"/>
        <line num="96" count="24" type="cond" truecount="2" falsecount="0"/>
        <line num="97" count="23" type="stmt"/>
        <line num="98" count="23" type="cond" truecount="2" falsecount="0"/>
        <line num="99" count="1" type="stmt"/>
        <line num="100" count="1" type="stmt"/>
        <line num="101" count="33" type="stmt"/>
        <line num="102" count="11" type="stmt"/>
        <line num="103" count="11" type="stmt"/>
        <line num="104" count="1" type="stmt"/>
        <line num="105" count="1" type="stmt"/>
        <line num="106" count="1" type="stmt"/>
        <line num="107" count="1" type="stmt"/>
        <line num="108" count="1" type="stmt"/>
        <line num="109" count="1" type="stmt"/>
        <line num="110" count="1" type="stmt"/>
        <line num="111" count="1" type="cond" truecount="1" falsecount="0"/>
        <line num="112" count="15" type="stmt"/>
        <line num="113" count="15" type="stmt"/>
        <line num="114" count="15" type="cond" truecount="1" falsecount="0"/>
        <line num="115" count="6" type="stmt"/>
        <line num="116" count="6" type="cond" truecount="2" falsecount="0"/>
        <line num="117" count="5" type="stmt"/>
        <line num="118" count="5" type="stmt"/>
        <line num="119" count="5" type="cond" truecount="1" falsecount="0"/>
        <line num="120" count="2" type="stmt"/>
        <line num="121" count="2" type="stmt"/>
        <line num="122" count="2" type="stmt"/>
        <line num="123" count="5" type="cond" truecount="2" falsecount="0"/>
        <line num="124" count="3" type="stmt"/>
        <line num="125" count="3" type="cond" truecount="2" falsecount="0"/>
        <line num="126" count="1" type="stmt"/>
        <line num="127" count="1" type="stmt"/>
        <line num="128" count="1" type="stmt"/>
        <line num="129" count="1" type="stmt"/>
        <line num="130" count="5" type="stmt"/>
        <line num="131" count="6" type="stmt"/>
        <line num="132" count="14" type="cond" truecount="1" falsecount="0"/>
        <line num="133" count="14" type="stmt"/>
        <line num="134" count="1" type="stmt"/>
        <line num="135" count="1" type="stmt"/>
        <line num="136" count="1" type="stmt"/>
        <line num="137" count="1" type="stmt"/>
        <line num="138" count="1" type="stmt"/>
        <line num="139" count="1" type="stmt"/>
        <line num="140" count="1" type="stmt"/>
        <line num="141" count="1" type="stmt"/>
        <line num="142" count="1" type="stmt"/>
        <line num="143" count="1" type="cond" truecount="1" falsecount="0"/>
        <line num="144" count="9" type="stmt"/>
        <line num="145" count="9" type="stmt"/>
        <line num="146" count="9" type="stmt"/>
        <line num="147" count="9" type="stmt"/>
        <line num="148" count="9" type="stmt"/>
        <line num="149" count="9" type="stmt"/>
        <line num="150" count="9" type="cond" truecount="2" falsecount="0"/>
        <line num="151" count="1" type="stmt"/>
        <line num="152" count="1" type="stmt"/>
        <line num="153" count="1" type="stmt"/>
        <line num="154" count="1" type="stmt"/>
        <line num="155" count="1" type="cond" truecount="1" falsecount="0"/>
        <line num="156" count="1" type="stmt"/>
        <line num="157" count="1" type="stmt"/>
        <line num="158" count="1" type="stmt"/>
        <line num="159" count="1" type="stmt"/>
        <line num="160" count="1" type="stmt"/>
        <line num="161" count="1" type="stmt"/>
        <line num="162" count="1" type="stmt"/>
        <line num="163" count="9" type="cond" truecount="1" falsecount="0"/>
        <line num="164" count="8" type="stmt"/>
        <line num="165" count="8" type="stmt"/>
        <line num="166" count="1" type="stmt"/>
        <line num="167" count="1" type="stmt"/>
        <line num="168" count="1" type="stmt"/>
        <line num="169" count="1" type="stmt"/>
        <line num="170" count="1" type="stmt"/>
        <line num="171" count="1" type="stmt"/>
        <line num="172" count="1" type="cond" truecount="1" falsecount="0"/>
        <line num="173" count="9" type="stmt"/>
        <line num="174" count="9" type="stmt"/>
        <line num="175" count="9" type="stmt"/>
        <line num="176" count="9" type="cond" truecount="2" falsecount="0"/>
        <line num="177" count="9" type="stmt"/>
        <line num="178" count="9" type="stmt"/>
        <line num="179" count="1" type="stmt"/>
        <line num="180" count="1" type="stmt"/>
        <line num="181" count="1" type="stmt"/>
        <line num="182" count="1" type="cond" truecount="1" falsecount="0"/>
        <line num="183" count="42" type="stmt"/>
        <line num="184" count="42" type="stmt"/>
        <line num="185" count="42" type="stmt"/>
        <line num="186" count="42" type="stmt"/>
        <line num="187" count="42" type="stmt"/>
        <line num="188" count="42" type="stmt"/>
        <line num="189" count="42" type="stmt"/>
        <line num="190" count="42" type="stmt"/>
        <line num="191" count="42" type="stmt"/>
        <line num="192" count="42" type="stmt"/>
        <line num="193" count="42" type="cond" truecount="1" falsecount="0"/>
        <line num="194" count="101" type="stmt"/>
        <line num="195" count="101" type="cond" truecount="3" falsecount="0"/>
        <line num="196" count="52" type="stmt"/>
        <line num="197" count="52" type="stmt"/>
        <line num="198" count="52" type="stmt"/>
        <line num="199" count="52" type="stmt"/>
        <line num="200" count="52" type="stmt"/>
        <line num="201" count="52" type="stmt"/>
        <line num="202" count="52" type="stmt"/>
        <line num="203" count="52" type="stmt"/>
        <line num="204" count="52" type="stmt"/>
        <line num="205" count="52" type="stmt"/>
        <line num="206" count="52" type="stmt"/>
        <line num="207" count="101" type="stmt"/>
        <line num="208" count="101" type="stmt"/>
        <line num="209" count="42" type="stmt"/>
        <line num="210" count="42" type="cond" truecount="1" falsecount="0"/>
        <line num="211" count="106" type="cond" truecount="2" falsecount="0"/>
        <line num="212" count="106" type="cond" truecount="2" falsecount="0"/>
        <line num="213" count="106" type="stmt"/>
        <line num="214" count="42" type="stmt"/>
        <line num="215" count="42" type="cond" truecount="1" falsecount="0"/>
        <line num="216" count="368" type="stmt"/>
        <line num="217" count="368" type="stmt"/>
        <line num="218" count="368" type="stmt"/>
        <line num="219" count="368" type="cond" truecount="2" falsecount="0"/>
        <line num="220" count="27" type="stmt"/>
        <line num="221" count="27" type="stmt"/>
        <line num="222" count="27" type="stmt"/>
        <line num="223" count="27" type="stmt"/>
        <line num="224" count="341" type="cond" truecount="2" falsecount="0"/>
        <line num="225" count="339" type="cond" truecount="1" falsecount="0"/>
        <line num="226" count="339" type="stmt"/>
        <line num="227" count="339" type="stmt"/>
        <line num="228" count="339" type="cond" truecount="1" falsecount="0"/>
        <line num="229" count="339" type="stmt"/>
        <line num="230" count="339" type="stmt"/>
        <line num="231" count="339" type="stmt"/>
        <line num="232" count="339" type="cond" truecount="2" falsecount="0"/>
        <line num="233" count="339" type="stmt"/>
        <line num="234" count="339" type="stmt"/>
        <line num="235" count="339" type="stmt"/>
        <line num="236" count="339" type="cond" truecount="1" falsecount="0"/>
        <line num="237" count="339" type="stmt"/>
        <line num="238" count="339" type="stmt"/>
        <line num="239" count="339" type="cond" truecount="2" falsecount="0"/>
        <line num="240" count="339" type="stmt"/>
        <line num="241" count="339" type="stmt"/>
        <line num="242" count="339" type="stmt"/>
        <line num="243" count="339" type="stmt"/>
        <line num="244" count="339" type="stmt"/>
        <line num="245" count="339" type="stmt"/>
        <line num="246" count="339" type="cond" truecount="1" falsecount="0"/>
        <line num="247" count="339" type="stmt"/>
        <line num="248" count="339" type="stmt"/>
        <line num="249" count="339" type="stmt"/>
        <line num="250" count="339" type="stmt"/>
        <line num="251" count="339" type="cond" truecount="2" falsecount="0"/>
        <line num="252" count="339" type="stmt"/>
        <line num="253" count="339" type="cond" truecount="2" falsecount="0"/>
        <line num="254" count="339" type="stmt"/>
        <line num="255" count="339" type="stmt"/>
        <line num="256" count="339" type="stmt"/>
        <line num="257" count="339" type="cond" truecount="1" falsecount="0"/>
        <line num="258" count="339" type="cond" truecount="1" falsecount="0"/>
        <line num="259" count="339" type="stmt"/>
        <line num="260" count="339" type="stmt"/>
        <line num="261" count="339" type="stmt"/>
        <line num="262" count="339" type="cond" truecount="1" falsecount="0"/>
        <line num="263" count="339" type="stmt"/>
        <line num="264" count="339" type="stmt"/>
        <line num="265" count="339" type="stmt"/>
        <line num="266" count="339" type="cond" truecount="1" falsecount="0"/>
        <line num="267" count="339" type="stmt"/>
        <line num="268" count="339" type="stmt"/>
        <line num="269" count="339" type="cond" truecount="1" falsecount="0"/>
        <line num="270" count="339" type="stmt"/>
        <line num="271" count="339" type="stmt"/>
        <line num="272" count="339" type="stmt"/>
        <line num="273" count="339" type="cond" truecount="1" falsecount="0"/>
        <line num="274" count="339" type="stmt"/>
        <line num="275" count="339" type="stmt"/>
        <line num="276" count="339" type="stmt"/>
        <line num="277" count="339" type="cond" truecount="2" falsecount="0"/>
        <line num="278" count="339" type="stmt"/>
        <line num="279" count="339" type="stmt"/>
        <line num="280" count="339" type="stmt"/>
        <line num="281" count="339" type="stmt"/>
        <line num="282" count="339" type="stmt"/>
        <line num="283" count="339" type="stmt"/>
        <line num="284" count="339" type="cond" truecount="1" falsecount="0"/>
        <line num="285" count="339" type="stmt"/>
        <line num="286" count="339" type="stmt"/>
        <line num="287" count="339" type="cond" truecount="2" falsecount="0"/>
        <line num="288" count="339" type="stmt"/>
        <line num="289" count="339" type="stmt"/>
        <line num="290" count="339" type="stmt"/>
        <line num="291" count="339" type="stmt"/>
        <line num="292" count="339" type="stmt"/>
        <line num="293" count="339" type="stmt"/>
        <line num="294" count="339" type="stmt"/>
        <line num="295" count="339" type="cond" truecount="1" falsecount="0"/>
        <line num="296" count="339" type="stmt"/>
        <line num="297" count="339" type="stmt"/>
        <line num="298" count="339" type="stmt"/>
        <line num="299" count="339" type="cond" truecount="1" falsecount="0"/>
        <line num="300" count="339" type="stmt"/>
        <line num="301" count="339" type="stmt"/>
        <line num="302" count="339" type="stmt"/>
        <line num="303" count="339" type="stmt"/>
        <line num="304" count="339" type="cond" truecount="1" falsecount="0"/>
        <line num="305" count="339" type="stmt"/>
        <line num="306" count="339" type="stmt"/>
        <line num="307" count="339" type="stmt"/>
        <line num="308" count="339" type="stmt"/>
        <line num="309" count="339" type="cond" truecount="1" falsecount="0"/>
        <line num="310" count="339" type="stmt"/>
        <line num="311" count="339" type="stmt"/>
        <line num="312" count="339" type="stmt"/>
        <line num="313" count="339" type="cond" truecount="1" falsecount="0"/>
        <line num="314" count="339" type="stmt"/>
        <line num="315" count="339" type="stmt"/>
        <line num="316" count="339" type="cond" truecount="2" falsecount="0"/>
        <line num="317" count="339" type="stmt"/>
        <line num="318" count="339" type="cond" truecount="2" falsecount="0"/>
        <line num="319" count="339" type="stmt"/>
        <line num="320" count="339" type="stmt"/>
        <line num="321" count="339" type="cond" truecount="2" falsecount="0"/>
        <line num="322" count="339" type="cond" truecount="2" falsecount="0"/>
        <line num="323" count="339" type="cond" truecount="2" falsecount="0"/>
        <line num="324" count="339" type="stmt"/>
        <line num="325" count="339" type="cond" truecount="1" falsecount="0"/>
        <line num="326" count="339" type="stmt"/>
        <line num="327" count="339" type="cond" truecount="2" falsecount="0"/>
        <line num="328" count="339" type="stmt"/>
        <line num="329" count="339" type="stmt"/>
        <line num="330" count="339" type="cond" truecount="1" falsecount="0"/>
        <line num="331" count="339" type="stmt"/>
        <line num="332" count="339" type="stmt"/>
        <line num="333" count="339" type="cond" truecount="1" falsecount="0"/>
        <line num="334" count="339" type="stmt"/>
        <line num="335" count="339" type="stmt"/>
        <line num="336" count="339" type="stmt"/>
        <line num="337" count="339" type="stmt"/>
        <line num="338" count="339" type="stmt"/>
        <line num="339" count="339" type="stmt"/>
        <line num="340" count="339" type="cond" truecount="1" falsecount="0"/>
        <line num="341" count="339" type="stmt"/>
        <line num="342" count="339" type="stmt"/>
        <line num="343" count="339" type="stmt"/>
        <line num="344" count="339" type="stmt"/>
        <line num="345" count="339" type="stmt"/>
        <line num="346" count="42" type="cond" truecount="1" falsecount="0"/>
        <line num="347" count="2" type="stmt"/>
        <line num="348" count="2" type="stmt"/>
        <line num="349" count="2" type="stmt"/>
        <line num="350" count="2" type="stmt"/>
        <line num="351" count="2" type="stmt"/>
        <line num="352" count="2" type="stmt"/>
        <line num="353" count="42" type="cond" truecount="2" falsecount="0"/>
        <line num="354" count="13" type="stmt"/>
        <line num="355" count="13" type="stmt"/>
        <line num="356" count="13" type="stmt"/>
        <line num="357" count="42" type="cond" truecount="2" falsecount="0"/>
        <line num="358" count="2" type="stmt"/>
        <line num="359" count="2" type="stmt"/>
        <line num="360" count="38" type="cond" truecount="1" falsecount="0"/>
        <line num="361" count="38" type="stmt"/>
        <line num="362" count="38" type="stmt"/>
        <line num="363" count="38" type="stmt"/>
        <line num="364" count="38" type="stmt"/>
        <line num="365" count="1" type="stmt"/>
        <line num="366" count="1" type="stmt"/>
        <line num="367" count="1" type="stmt"/>
        <line num="368" count="1" type="stmt"/>
      </file>
    </package>
  </project>
</coverage>
