<?xml version="1.0" encoding="UTF-8"?>
<coverage generated="1700646249226" clover="3.2.0">
  <project timestamp="1700646249227" name="All files">
    <metrics statements="677" coveredstatements="639" conditionals="174" coveredconditionals="160" methods="36" coveredmethods="30" elements="887" coveredelements="829" complexity="0" loc="677" ncloc="677" packages="2" files="6" classes="6"/>
    <package name="src">
      <metrics statements="438" coveredstatements="434" conditionals="105" coveredconditionals="98" methods="19" coveredmethods="18"/>
      <file name="DescribeChar.js" path="/Users/xixixi/project/private/regular-expression/src/DescribeChar.js">
        <metrics statements="28" coveredstatements="28" conditionals="0" coveredconditionals="0" methods="0" coveredmethods="0"/>
        <line num="1" count="1" type="stmt"/>
        <line num="2" count="1" type="stmt"/>
        <line num="3" count="1" type="stmt"/>
        <line num="4" count="1" type="stmt"/>
        <line num="5" count="1" type="stmt"/>
        <line num="6" count="1" type="stmt"/>
        <line num="7" count="1" type="stmt"/>
        <line num="8" count="1" type="stmt"/>
        <line num="9" count="1" type="stmt"/>
        <line num="10" count="1" type="stmt"/>
        <line num="11" count="1" type="stmt"/>
        <line num="12" count="1" type="stmt"/>
        <line num="13" count="1" type="stmt"/>
        <line num="14" count="1" type="stmt"/>
        <line num="15" count="1" type="stmt"/>
        <line num="16" count="1" type="stmt"/>
        <line num="17" count="1" type="stmt"/>
        <line num="18" count="1" type="stmt"/>
        <line num="19" count="1" type="stmt"/>
        <line num="20" count="1" type="stmt"/>
        <line num="21" count="1" type="stmt"/>
        <line num="22" count="1" type="stmt"/>
        <line num="23" count="1" type="stmt"/>
        <line num="24" count="1" type="stmt"/>
        <line num="25" count="1" type="stmt"/>
        <line num="26" count="1" type="stmt"/>
        <line num="27" count="1" type="stmt"/>
        <line num="28" count="1" type="stmt"/>
      </file>
      <file name="index.js" path="/Users/xixixi/project/private/regular-expression/src/index.js">
        <metrics statements="38" coveredstatements="36" conditionals="3" coveredconditionals="3" methods="4" coveredmethods="3"/>
        <line num="1" count="1" type="stmt"/>
        <line num="2" count="1" type="stmt"/>
        <line num="3" count="1" type="stmt"/>
        <line num="4" count="1" type="stmt"/>
        <line num="5" count="1" type="stmt"/>
        <line num="6" count="1" type="stmt"/>
        <line num="7" count="1" type="cond" truecount="1" falsecount="0"/>
        <line num="8" count="109" type="stmt"/>
        <line num="9" count="109" type="stmt"/>
        <line num="10" count="109" type="stmt"/>
        <line num="11" count="109" type="stmt"/>
        <line num="12" count="109" type="stmt"/>
        <line num="13" count="109" type="stmt"/>
        <line num="14" count="109" type="stmt"/>
        <line num="15" count="109" type="stmt"/>
        <line num="16" count="109" type="stmt"/>
        <line num="17" count="109" type="stmt"/>
        <line num="18" count="109" type="stmt"/>
        <line num="19" count="1" type="stmt"/>
        <line num="20" count="1" type="stmt"/>
        <line num="21" count="0" type="stmt"/>
        <line num="22" count="0" type="stmt"/>
        <line num="23" count="1" type="stmt"/>
        <line num="24" count="1" type="cond" truecount="1" falsecount="0"/>
        <line num="25" count="109" type="stmt"/>
        <line num="26" count="109" type="stmt"/>
        <line num="27" count="1" type="stmt"/>
        <line num="28" count="1" type="cond" truecount="1" falsecount="0"/>
        <line num="29" count="109" type="stmt"/>
        <line num="30" count="109" type="stmt"/>
        <line num="31" count="109" type="stmt"/>
        <line num="32" count="109" type="stmt"/>
        <line num="33" count="1" type="stmt"/>
        <line num="34" count="1" type="stmt"/>
        <line num="35" count="1" type="stmt"/>
        <line num="36" count="1" type="stmt"/>
        <line num="37" count="1" type="stmt"/>
        <line num="38" count="1" type="stmt"/>
      </file>
      <file name="match.js" path="/Users/xixixi/project/private/regular-expression/src/match.js">
        <metrics statements="372" coveredstatements="370" conditionals="102" coveredconditionals="95" methods="15" coveredmethods="15"/>
        <line num="1" count="1" type="stmt"/>
        <line num="2" count="1" type="stmt"/>
        <line num="3" count="1" type="stmt"/>
        <line num="4" count="1" type="stmt"/>
        <line num="5" count="1" type="stmt"/>
        <line num="6" count="1" type="stmt"/>
        <line num="7" count="1" type="stmt"/>
        <line num="8" count="1" type="stmt"/>
        <line num="9" count="1" type="stmt"/>
        <line num="10" count="1" type="stmt"/>
        <line num="11" count="1" type="stmt"/>
        <line num="12" count="1" type="stmt"/>
        <line num="13" count="1" type="stmt"/>
        <line num="14" count="1" type="stmt"/>
        <line num="15" count="1" type="stmt"/>
        <line num="16" count="1" type="cond" truecount="1" falsecount="0"/>
        <line num="17" count="109" type="stmt"/>
        <line num="18" count="109" type="stmt"/>
        <line num="19" count="109" type="stmt"/>
        <line num="20" count="109" type="stmt"/>
        <line num="21" count="109" type="stmt"/>
        <line num="22" count="109" type="stmt"/>
        <line num="23" count="1" type="cond" truecount="1" falsecount="0"/>
        <line num="24" count="312" type="stmt"/>
        <line num="25" count="312" type="stmt"/>
        <line num="26" count="312" type="stmt"/>
        <line num="27" count="312" type="stmt"/>
        <line num="28" count="312" type="stmt"/>
        <line num="29" count="312" type="stmt"/>
        <line num="30" count="312" type="stmt"/>
        <line num="31" count="312" type="stmt"/>
        <line num="32" count="312" type="stmt"/>
        <line num="33" count="312" type="stmt"/>
        <line num="34" count="312" type="stmt"/>
        <line num="35" count="312" type="stmt"/>
        <line num="36" count="312" type="stmt"/>
        <line num="37" count="312" type="stmt"/>
        <line num="38" count="312" type="stmt"/>
        <line num="39" count="1" type="cond" truecount="1" falsecount="0"/>
        <line num="40" count="109" type="stmt"/>
        <line num="41" count="109" type="stmt"/>
        <line num="42" count="109" type="cond" truecount="1" falsecount="0"/>
        <line num="43" count="274" type="stmt"/>
        <line num="44" count="274" type="cond" truecount="2" falsecount="0"/>
        <line num="45" count="71" type="stmt"/>
        <line num="46" count="71" type="stmt"/>
        <line num="47" count="203" type="cond" truecount="1" falsecount="0"/>
        <line num="48" count="203" type="stmt"/>
        <line num="49" count="203" type="stmt"/>
        <line num="50" count="203" type="stmt"/>
        <line num="51" count="109" type="stmt"/>
        <line num="52" count="109" type="stmt"/>
        <line num="53" count="1" type="cond" truecount="1" falsecount="0"/>
        <line num="54" count="274" type="cond" truecount="1" falsecount="0"/>
        <line num="55" count="603" type="stmt"/>
        <line num="56" count="603" type="stmt"/>
        <line num="57" count="603" type="stmt"/>
        <line num="58" count="603" type="cond" truecount="1" falsecount="0"/>
        <line num="59" count="444" type="stmt"/>
        <line num="60" count="444" type="stmt"/>
        <line num="61" count="603" type="cond" truecount="1" falsecount="0"/>
        <line num="62" count="26" type="stmt"/>
        <line num="63" count="26" type="stmt"/>
        <line num="64" count="603" type="cond" truecount="1" falsecount="0"/>
        <line num="65" count="3" type="stmt"/>
        <line num="66" count="3" type="stmt"/>
        <line num="67" count="603" type="cond" truecount="1" falsecount="0"/>
        <line num="68" count="53" type="stmt"/>
        <line num="69" count="53" type="stmt"/>
        <line num="70" count="603" type="cond" truecount="1" falsecount="0"/>
        <line num="71" count="12" type="stmt"/>
        <line num="72" count="12" type="stmt"/>
        <line num="73" count="603" type="cond" truecount="1" falsecount="0"/>
        <line num="74" count="15" type="stmt"/>
        <line num="75" count="15" type="stmt"/>
        <line num="76" count="603" type="cond" truecount="1" falsecount="0"/>
        <line num="77" count="36" type="stmt"/>
        <line num="78" count="36" type="stmt"/>
        <line num="79" count="603" type="stmt"/>
        <line num="80" count="603" type="stmt"/>
        <line num="81" count="603" type="stmt"/>
        <line num="82" count="603" type="cond" truecount="1" falsecount="0"/>
        <line num="83" count="14" type="stmt"/>
        <line num="84" count="14" type="stmt"/>
        <line num="85" count="603" type="stmt"/>
        <line num="86" count="603" type="cond" truecount="1" falsecount="0"/>
        <line num="87" count="201" type="stmt"/>
        <line num="88" count="201" type="stmt"/>
        <line num="89" count="603" type="cond" truecount="4" falsecount="0"/>
        <line num="90" count="76" type="stmt"/>
        <line num="91" count="76" type="stmt"/>
        <line num="92" count="603" type="stmt"/>
        <line num="93" count="274" type="stmt"/>
        <line num="94" count="274" type="cond" truecount="2" falsecount="0"/>
        <line num="95" count="274" type="stmt"/>
        <line num="96" count="1" type="cond" truecount="1" falsecount="0"/>
        <line num="97" count="65" type="stmt"/>
        <line num="98" count="65" type="stmt"/>
        <line num="99" count="65" type="stmt"/>
        <line num="100" count="65" type="stmt"/>
        <line num="101" count="65" type="stmt"/>
        <line num="102" count="65" type="stmt"/>
        <line num="103" count="65" type="stmt"/>
        <line num="104" count="65" type="stmt"/>
        <line num="105" count="65" type="stmt"/>
        <line num="106" count="65" type="stmt"/>
        <line num="107" count="65" type="stmt"/>
        <line num="108" count="65" type="stmt"/>
        <line num="109" count="65" type="stmt"/>
        <line num="110" count="65" type="stmt"/>
        <line num="111" count="65" type="stmt"/>
        <line num="112" count="1" type="cond" truecount="1" falsecount="0"/>
        <line num="113" count="60" type="stmt"/>
        <line num="114" count="60" type="stmt"/>
        <line num="115" count="60" type="cond" truecount="0" falsecount="1"/>
        <line num="116" count="0" type="stmt"/>
        <line num="117" count="0" type="stmt"/>
        <line num="118" count="60" type="stmt"/>
        <line num="119" count="60" type="stmt"/>
        <line num="120" count="60" type="stmt"/>
        <line num="121" count="60" type="stmt"/>
        <line num="122" count="60" type="stmt"/>
        <line num="123" count="60" type="stmt"/>
        <line num="124" count="60" type="cond" truecount="2" falsecount="0"/>
        <line num="125" count="45" type="cond" truecount="1" falsecount="0"/>
        <line num="126" count="45" type="cond" truecount="2" falsecount="0"/>
        <line num="127" count="44" type="stmt"/>
        <line num="128" count="44" type="stmt"/>
        <line num="129" count="44" type="stmt"/>
        <line num="130" count="44" type="stmt"/>
        <line num="131" count="45" type="stmt"/>
        <line num="132" count="60" type="stmt"/>
        <line num="133" count="60" type="cond" truecount="2" falsecount="0"/>
        <line num="134" count="49" type="cond" truecount="5" falsecount="0"/>
        <line num="135" count="49" type="stmt"/>
        <line num="136" count="49" type="stmt"/>
        <line num="137" count="49" type="stmt"/>
        <line num="138" count="49" type="stmt"/>
        <line num="139" count="49" type="stmt"/>
        <line num="140" count="49" type="stmt"/>
        <line num="141" count="49" type="stmt"/>
        <line num="142" count="49" type="stmt"/>
        <line num="143" count="60" type="stmt"/>
        <line num="144" count="60" type="stmt"/>
        <line num="145" count="1" type="cond" truecount="1" falsecount="0"/>
        <line num="146" count="77" type="stmt"/>
        <line num="147" count="77" type="stmt"/>
        <line num="148" count="77" type="stmt"/>
        <line num="149" count="77" type="stmt"/>
        <line num="150" count="77" type="stmt"/>
        <line num="151" count="77" type="stmt"/>
        <line num="152" count="77" type="stmt"/>
        <line num="153" count="77" type="stmt"/>
        <line num="154" count="77" type="stmt"/>
        <line num="155" count="77" type="stmt"/>
        <line num="156" count="77" type="stmt"/>
        <line num="157" count="77" type="stmt"/>
        <line num="158" count="77" type="stmt"/>
        <line num="159" count="77" type="stmt"/>
        <line num="160" count="1" type="cond" truecount="1" falsecount="0"/>
        <line num="161" count="250" type="cond" truecount="2" falsecount="0"/>
        <line num="162" count="42" type="cond" truecount="2" falsecount="0"/>
        <line num="163" count="42" type="stmt"/>
        <line num="164" count="42" type="stmt"/>
        <line num="165" count="42" type="stmt"/>
        <line num="166" count="42" type="cond" truecount="2" falsecount="0"/>
        <line num="167" count="42" type="stmt"/>
        <line num="168" count="42" type="stmt"/>
        <line num="169" count="42" type="stmt"/>
        <line num="170" count="42" type="stmt"/>
        <line num="171" count="42" type="stmt"/>
        <line num="172" count="42" type="stmt"/>
        <line num="173" count="42" type="stmt"/>
        <line num="174" count="42" type="stmt"/>
        <line num="175" count="42" type="stmt"/>
        <line num="176" count="42" type="stmt"/>
        <line num="177" count="42" type="stmt"/>
        <line num="178" count="42" type="stmt"/>
        <line num="179" count="42" type="stmt"/>
        <line num="180" count="42" type="stmt"/>
        <line num="181" count="42" type="stmt"/>
        <line num="182" count="42" type="stmt"/>
        <line num="183" count="42" type="stmt"/>
        <line num="184" count="42" type="stmt"/>
        <line num="185" count="42" type="stmt"/>
        <line num="186" count="250" type="stmt"/>
        <line num="187" count="1" type="cond" truecount="1" falsecount="0"/>
        <line num="188" count="516" type="stmt"/>
        <line num="189" count="516" type="cond" truecount="2" falsecount="0"/>
        <line num="190" count="249" type="stmt"/>
        <line num="191" count="249" type="stmt"/>
        <line num="192" count="249" type="stmt"/>
        <line num="193" count="249" type="stmt"/>
        <line num="194" count="249" type="cond" truecount="1" falsecount="0"/>
        <line num="195" count="249" type="stmt"/>
        <line num="196" count="249" type="cond" truecount="2" falsecount="0"/>
        <line num="197" count="249" type="stmt"/>
        <line num="198" count="249" type="stmt"/>
        <line num="199" count="516" type="stmt"/>
        <line num="200" count="1" type="cond" truecount="1" falsecount="0"/>
        <line num="201" count="516" type="stmt"/>
        <line num="202" count="516" type="stmt"/>
        <line num="203" count="516" type="stmt"/>
        <line num="204" count="516" type="stmt"/>
        <line num="205" count="516" type="cond" truecount="1" falsecount="0"/>
        <line num="206" count="436" type="cond" truecount="1" falsecount="0"/>
        <line num="207" count="660" type="cond" truecount="1" falsecount="0"/>
        <line num="208" count="210" type="stmt"/>
        <line num="209" count="210" type="stmt"/>
        <line num="210" count="450" type="cond" truecount="1" falsecount="0"/>
        <line num="211" count="450" type="stmt"/>
        <line num="212" count="436" type="cond" truecount="2" falsecount="0"/>
        <line num="213" count="436" type="stmt"/>
        <line num="214" count="516" type="cond" truecount="1" falsecount="0"/>
        <line num="215" count="3" type="cond" truecount="1" falsecount="1"/>
        <line num="216" count="3" type="stmt"/>
        <line num="217" count="516" type="cond" truecount="1" falsecount="0"/>
        <line num="218" count="77" type="stmt"/>
        <line num="219" count="77" type="stmt"/>
        <line num="220" count="516" type="stmt"/>
        <line num="221" count="516" type="stmt"/>
        <line num="222" count="516" type="stmt"/>
        <line num="223" count="516" type="stmt"/>
        <line num="224" count="1" type="cond" truecount="1" falsecount="0"/>
        <line num="225" count="524" type="stmt"/>
        <line num="226" count="524" type="cond" truecount="2" falsecount="0"/>
        <line num="227" count="448" type="stmt"/>
        <line num="228" count="448" type="cond" truecount="2" falsecount="0"/>
        <line num="229" count="448" type="stmt"/>
        <line num="230" count="448" type="cond" truecount="0" falsecount="1"/>
        <line num="231" count="448" type="stmt"/>
        <line num="232" count="448" type="stmt"/>
        <line num="233" count="448" type="stmt"/>
        <line num="234" count="448" type="cond" truecount="2" falsecount="0"/>
        <line num="235" count="448" type="stmt"/>
        <line num="236" count="448" type="cond" truecount="2" falsecount="0"/>
        <line num="237" count="448" type="stmt"/>
        <line num="238" count="448" type="stmt"/>
        <line num="239" count="448" type="stmt"/>
        <line num="240" count="448" type="stmt"/>
        <line num="241" count="448" type="stmt"/>
        <line num="242" count="448" type="stmt"/>
        <line num="243" count="448" type="stmt"/>
        <line num="244" count="448" type="stmt"/>
        <line num="245" count="448" type="stmt"/>
        <line num="246" count="448" type="stmt"/>
        <line num="247" count="448" type="stmt"/>
        <line num="248" count="448" type="stmt"/>
        <line num="249" count="448" type="stmt"/>
        <line num="250" count="448" type="stmt"/>
        <line num="251" count="448" type="stmt"/>
        <line num="252" count="448" type="stmt"/>
        <line num="253" count="448" type="cond" truecount="1" falsecount="0"/>
        <line num="254" count="42" type="cond" truecount="2" falsecount="0"/>
        <line num="255" count="37" type="stmt"/>
        <line num="256" count="37" type="stmt"/>
        <line num="257" count="37" type="stmt"/>
        <line num="258" count="37" type="cond" truecount="1" falsecount="0"/>
        <line num="259" count="34" type="stmt"/>
        <line num="260" count="34" type="stmt"/>
        <line num="261" count="34" type="stmt"/>
        <line num="262" count="34" type="stmt"/>
        <line num="263" count="34" type="stmt"/>
        <line num="264" count="34" type="stmt"/>
        <line num="265" count="448" type="cond" truecount="1" falsecount="0"/>
        <line num="266" count="21" type="cond" truecount="3" falsecount="0"/>
        <line num="267" count="19" type="stmt"/>
        <line num="268" count="19" type="stmt"/>
        <line num="269" count="19" type="stmt"/>
        <line num="270" count="19" type="stmt"/>
        <line num="271" count="21" type="stmt"/>
        <line num="272" count="448" type="stmt"/>
        <line num="273" count="448" type="stmt"/>
        <line num="274" count="448" type="cond" truecount="1" falsecount="0"/>
        <line num="275" count="220" type="stmt"/>
        <line num="276" count="220" type="stmt"/>
        <line num="277" count="220" type="stmt"/>
        <line num="278" count="448" type="stmt"/>
        <line num="279" count="524" type="stmt"/>
        <line num="280" count="1" type="cond" truecount="1" falsecount="0"/>
        <line num="281" count="65" type="stmt"/>
        <line num="282" count="65" type="cond" truecount="2" falsecount="0"/>
        <line num="283" count="53" type="stmt"/>
        <line num="284" count="53" type="cond" truecount="2" falsecount="0"/>
        <line num="285" count="53" type="cond" truecount="0" falsecount="1"/>
        <line num="286" count="53" type="stmt"/>
        <line num="287" count="53" type="stmt"/>
        <line num="288" count="53" type="cond" truecount="0" falsecount="1"/>
        <line num="289" count="53" type="stmt"/>
        <line num="290" count="53" type="stmt"/>
        <line num="291" count="53" type="stmt"/>
        <line num="292" count="53" type="stmt"/>
        <line num="293" count="53" type="stmt"/>
        <line num="294" count="53" type="stmt"/>
        <line num="295" count="53" type="stmt"/>
        <line num="296" count="53" type="stmt"/>
        <line num="297" count="53" type="stmt"/>
        <line num="298" count="53" type="stmt"/>
        <line num="299" count="53" type="stmt"/>
        <line num="300" count="53" type="stmt"/>
        <line num="301" count="53" type="stmt"/>
        <line num="302" count="53" type="stmt"/>
        <line num="303" count="53" type="stmt"/>
        <line num="304" count="53" type="stmt"/>
        <line num="305" count="53" type="stmt"/>
        <line num="306" count="53" type="stmt"/>
        <line num="307" count="53" type="stmt"/>
        <line num="308" count="53" type="stmt"/>
        <line num="309" count="53" type="stmt"/>
        <line num="310" count="65" type="stmt"/>
        <line num="311" count="1" type="cond" truecount="1" falsecount="0"/>
        <line num="312" count="76" type="cond" truecount="2" falsecount="0"/>
        <line num="313" count="43" type="stmt"/>
        <line num="314" count="43" type="stmt"/>
        <line num="315" count="43" type="cond" truecount="2" falsecount="0"/>
        <line num="316" count="43" type="cond" truecount="0" falsecount="1"/>
        <line num="317" count="43" type="stmt"/>
        <line num="318" count="43" type="stmt"/>
        <line num="319" count="43" type="stmt"/>
        <line num="320" count="43" type="stmt"/>
        <line num="321" count="43" type="stmt"/>
        <line num="322" count="43" type="stmt"/>
        <line num="323" count="43" type="stmt"/>
        <line num="324" count="43" type="stmt"/>
        <line num="325" count="43" type="cond" truecount="2" falsecount="0"/>
        <line num="326" count="43" type="stmt"/>
        <line num="327" count="43" type="stmt"/>
        <line num="328" count="43" type="stmt"/>
        <line num="329" count="43" type="cond" truecount="0" falsecount="1"/>
        <line num="330" count="43" type="stmt"/>
        <line num="331" count="43" type="stmt"/>
        <line num="332" count="43" type="stmt"/>
        <line num="333" count="43" type="stmt"/>
        <line num="334" count="43" type="stmt"/>
        <line num="335" count="43" type="stmt"/>
        <line num="336" count="43" type="stmt"/>
        <line num="337" count="43" type="stmt"/>
        <line num="338" count="43" type="stmt"/>
        <line num="339" count="43" type="stmt"/>
        <line num="340" count="43" type="stmt"/>
        <line num="341" count="43" type="stmt"/>
        <line num="342" count="43" type="stmt"/>
        <line num="343" count="43" type="stmt"/>
        <line num="344" count="43" type="stmt"/>
        <line num="345" count="43" type="stmt"/>
        <line num="346" count="76" type="stmt"/>
        <line num="347" count="1" type="cond" truecount="1" falsecount="0"/>
        <line num="348" count="65" type="stmt"/>
        <line num="349" count="65" type="stmt"/>
        <line num="350" count="65" type="cond" truecount="1" falsecount="0"/>
        <line num="351" count="12" type="stmt"/>
        <line num="352" count="12" type="stmt"/>
        <line num="353" count="65" type="stmt"/>
        <line num="354" count="65" type="stmt"/>
        <line num="355" count="65" type="stmt"/>
        <line num="356" count="65" type="stmt"/>
        <line num="357" count="65" type="stmt"/>
        <line num="358" count="65" type="stmt"/>
        <line num="359" count="65" type="stmt"/>
        <line num="360" count="65" type="stmt"/>
        <line num="361" count="1" type="stmt"/>
        <line num="362" count="1" type="cond" truecount="1" falsecount="0"/>
        <line num="363" count="14" type="stmt"/>
        <line num="364" count="14" type="stmt"/>
        <line num="365" count="14" type="stmt"/>
        <line num="366" count="14" type="stmt"/>
        <line num="367" count="14" type="stmt"/>
        <line num="368" count="14" type="stmt"/>
        <line num="369" count="14" type="stmt"/>
        <line num="370" count="14" type="stmt"/>
        <line num="371" count="1" type="stmt"/>
        <line num="372" count="1" type="stmt"/>
      </file>
    </package>
    <package name="src.generateNode">
      <metrics statements="239" coveredstatements="205" conditionals="69" coveredconditionals="62" methods="17" coveredmethods="12"/>
      <file name="NodeType.js" path="/Users/xixixi/project/private/regular-expression/src/generateNode/NodeType.js">
        <metrics statements="12" coveredstatements="12" conditionals="0" coveredconditionals="0" methods="0" coveredmethods="0"/>
        <line num="1" count="1" type="stmt"/>
        <line num="2" count="1" type="stmt"/>
        <line num="3" count="1" type="stmt"/>
        <line num="4" count="1" type="stmt"/>
        <line num="5" count="1" type="stmt"/>
        <line num="6" count="1" type="stmt"/>
        <line num="7" count="1" type="stmt"/>
        <line num="8" count="1" type="stmt"/>
        <line num="9" count="1" type="stmt"/>
        <line num="10" count="1" type="stmt"/>
        <line num="11" count="1" type="stmt"/>
        <line num="12" count="1" type="stmt"/>
      </file>
      <file name="equal.js" path="/Users/xixixi/project/private/regular-expression/src/generateNode/equal.js">
        <metrics statements="175" coveredstatements="150" conditionals="60" coveredconditionals="54" methods="9" coveredmethods="8"/>
        <line num="1" count="1" type="stmt"/>
        <line num="2" count="1" type="stmt"/>
        <line num="3" count="1" type="stmt"/>
        <line num="4" count="1" type="stmt"/>
        <line num="5" count="1" type="stmt"/>
        <line num="6" count="1" type="stmt"/>
        <line num="7" count="1" type="stmt"/>
        <line num="8" count="1" type="stmt"/>
        <line num="9" count="1" type="stmt"/>
        <line num="10" count="1" type="stmt"/>
        <line num="11" count="1" type="stmt"/>
        <line num="12" count="1" type="stmt"/>
        <line num="13" count="1" type="stmt"/>
        <line num="14" count="1" type="stmt"/>
        <line num="15" count="1" type="stmt"/>
        <line num="16" count="1" type="stmt"/>
        <line num="17" count="1" type="stmt"/>
        <line num="18" count="1" type="stmt"/>
        <line num="19" count="1" type="cond" truecount="1" falsecount="0"/>
        <line num="20" count="27" type="cond" truecount="2" falsecount="0"/>
        <line num="21" count="27" type="stmt"/>
        <line num="22" count="1" type="stmt"/>
        <line num="23" count="1" type="stmt"/>
        <line num="24" count="1" type="cond" truecount="1" falsecount="0"/>
        <line num="25" count="3" type="stmt"/>
        <line num="26" count="3" type="cond" truecount="0" falsecount="1"/>
        <line num="27" count="0" type="stmt"/>
        <line num="28" count="0" type="cond" truecount="1" falsecount="0"/>
        <line num="29" count="0" type="cond" truecount="0" falsecount="1"/>
        <line num="30" count="0" type="stmt"/>
        <line num="31" count="0" type="stmt"/>
        <line num="32" count="0" type="stmt"/>
        <line num="33" count="0" type="cond" truecount="0" falsecount="1"/>
        <line num="34" count="0" type="stmt"/>
        <line num="35" count="0" type="stmt"/>
        <line num="36" count="0" type="stmt"/>
        <line num="37" count="3" type="stmt"/>
        <line num="38" count="3" type="stmt"/>
        <line num="39" count="1" type="cond" truecount="1" falsecount="0"/>
        <line num="40" count="26" type="stmt"/>
        <line num="41" count="26" type="stmt"/>
        <line num="42" count="26" type="stmt"/>
        <line num="43" count="26" type="stmt"/>
        <line num="44" count="26" type="stmt"/>
        <line num="45" count="26" type="cond" truecount="1" falsecount="0"/>
        <line num="46" count="17" type="cond" truecount="2" falsecount="0"/>
        <line num="47" count="17" type="stmt"/>
        <line num="48" count="26" type="cond" truecount="1" falsecount="0"/>
        <line num="49" count="4" type="cond" truecount="2" falsecount="0"/>
        <line num="50" count="4" type="stmt"/>
        <line num="51" count="26" type="cond" truecount="1" falsecount="0"/>
        <line num="52" count="26" type="stmt"/>
        <line num="53" count="26" type="stmt"/>
        <line num="54" count="26" type="cond" truecount="1" falsecount="0"/>
        <line num="55" count="5" type="cond" truecount="4" falsecount="0"/>
        <line num="56" count="5" type="stmt"/>
        <line num="57" count="26" type="stmt"/>
        <line num="58" count="26" type="stmt"/>
        <line num="59" count="26" type="stmt"/>
        <line num="60" count="1" type="cond" truecount="1" falsecount="0"/>
        <line num="61" count="36" type="stmt"/>
        <line num="62" count="36" type="stmt"/>
        <line num="63" count="36" type="stmt"/>
        <line num="64" count="36" type="cond" truecount="1" falsecount="0"/>
        <line num="65" count="31" type="stmt"/>
        <line num="66" count="31" type="stmt"/>
        <line num="67" count="31" type="stmt"/>
        <line num="68" count="31" type="cond" truecount="1" falsecount="0"/>
        <line num="69" count="31" type="stmt"/>
        <line num="70" count="31" type="stmt"/>
        <line num="71" count="31" type="cond" truecount="1" falsecount="0"/>
        <line num="72" count="8" type="cond" truecount="2" falsecount="0"/>
        <line num="73" count="8" type="stmt"/>
        <line num="74" count="31" type="cond" truecount="1" falsecount="0"/>
        <line num="75" count="31" type="stmt"/>
        <line num="76" count="31" type="stmt"/>
        <line num="77" count="31" type="cond" truecount="1" falsecount="0"/>
        <line num="78" count="6" type="cond" truecount="2" falsecount="0"/>
        <line num="79" count="6" type="stmt"/>
        <line num="80" count="31" type="cond" truecount="1" falsecount="0"/>
        <line num="81" count="31" type="stmt"/>
        <line num="82" count="31" type="stmt"/>
        <line num="83" count="31" type="cond" truecount="1" falsecount="0"/>
        <line num="84" count="8" type="cond" truecount="2" falsecount="0"/>
        <line num="85" count="8" type="stmt"/>
        <line num="86" count="31" type="cond" truecount="0" falsecount="1"/>
        <line num="87" count="0" type="stmt"/>
        <line num="88" count="0" type="stmt"/>
        <line num="89" count="31" type="cond" truecount="1" falsecount="0"/>
        <line num="90" count="3" type="cond" truecount="2" falsecount="0"/>
        <line num="91" count="3" type="stmt"/>
        <line num="92" count="31" type="cond" truecount="1" falsecount="0"/>
        <line num="93" count="3" type="cond" truecount="2" falsecount="0"/>
        <line num="94" count="3" type="stmt"/>
        <line num="95" count="31" type="cond" truecount="0" falsecount="1"/>
        <line num="96" count="0" type="stmt"/>
        <line num="97" count="0" type="stmt"/>
        <line num="98" count="31" type="cond" truecount="1" falsecount="0"/>
        <line num="99" count="3" type="cond" truecount="2" falsecount="0"/>
        <line num="100" count="3" type="stmt"/>
        <line num="101" count="31" type="stmt"/>
        <line num="102" count="31" type="stmt"/>
        <line num="103" count="36" type="stmt"/>
        <line num="104" count="36" type="stmt"/>
        <line num="105" count="1" type="cond" truecount="1" falsecount="0"/>
        <line num="106" count="15" type="stmt"/>
        <line num="107" count="15" type="stmt"/>
        <line num="108" count="15" type="cond" truecount="1" falsecount="0"/>
        <line num="109" count="12" type="stmt"/>
        <line num="110" count="12" type="stmt"/>
        <line num="111" count="12" type="cond" truecount="1" falsecount="0"/>
        <line num="112" count="14" type="stmt"/>
        <line num="113" count="14" type="stmt"/>
        <line num="114" count="14" type="stmt"/>
        <line num="115" count="14" type="cond" truecount="1" falsecount="0"/>
        <line num="116" count="11" type="stmt"/>
        <line num="117" count="11" type="stmt"/>
        <line num="118" count="11" type="stmt"/>
        <line num="119" count="14" type="cond" truecount="1" falsecount="0"/>
        <line num="120" count="3" type="stmt"/>
        <line num="121" count="3" type="stmt"/>
        <line num="122" count="3" type="stmt"/>
        <line num="123" count="14" type="stmt"/>
        <line num="124" count="14" type="cond" truecount="1" falsecount="0"/>
        <line num="125" count="11" type="stmt"/>
        <line num="126" count="11" type="stmt"/>
        <line num="127" count="11" type="stmt"/>
        <line num="128" count="14" type="stmt"/>
        <line num="129" count="12" type="stmt"/>
        <line num="130" count="15" type="stmt"/>
        <line num="131" count="15" type="stmt"/>
        <line num="132" count="1" type="stmt"/>
        <line num="133" count="1" type="stmt"/>
        <line num="134" count="1" type="cond" truecount="1" falsecount="0"/>
        <line num="135" count="11" type="stmt"/>
        <line num="136" count="11" type="stmt"/>
        <line num="137" count="11" type="stmt"/>
        <line num="138" count="11" type="stmt"/>
        <line num="139" count="11" type="cond" truecount="1" falsecount="0"/>
        <line num="140" count="9" type="stmt"/>
        <line num="141" count="9" type="stmt"/>
        <line num="142" count="11" type="stmt"/>
        <line num="143" count="11" type="stmt"/>
        <line num="144" count="1" type="stmt"/>
        <line num="145" count="1" type="cond" truecount="1" falsecount="0"/>
        <line num="146" count="3" type="stmt"/>
        <line num="147" count="3" type="stmt"/>
        <line num="148" count="3" type="stmt"/>
        <line num="149" count="3" type="cond" truecount="1" falsecount="0"/>
        <line num="150" count="6" type="cond" truecount="1" falsecount="0"/>
        <line num="151" count="2" type="stmt"/>
        <line num="152" count="2" type="stmt"/>
        <line num="153" count="2" type="stmt"/>
        <line num="154" count="4" type="cond" truecount="1" falsecount="0"/>
        <line num="155" count="4" type="stmt"/>
        <line num="156" count="3" type="stmt"/>
        <line num="157" count="3" type="stmt"/>
        <line num="158" count="1" type="stmt"/>
        <line num="159" count="1" type="stmt"/>
        <line num="160" count="0" type="stmt"/>
        <line num="161" count="0" type="stmt"/>
        <line num="162" count="0" type="stmt"/>
        <line num="163" count="0" type="stmt"/>
        <line num="164" count="0" type="stmt"/>
        <line num="165" count="0" type="stmt"/>
        <line num="166" count="0" type="stmt"/>
        <line num="167" count="0" type="stmt"/>
        <line num="168" count="0" type="stmt"/>
        <line num="169" count="0" type="stmt"/>
        <line num="170" count="0" type="stmt"/>
        <line num="171" count="1" type="stmt"/>
        <line num="172" count="1" type="cond" truecount="1" falsecount="0"/>
        <line num="173" count="80" type="cond" truecount="0" falsecount="1"/>
        <line num="174" count="80" type="stmt"/>
        <line num="175" count="80" type="stmt"/>
      </file>
      <file name="meta.js" path="/Users/xixixi/project/private/regular-expression/src/generateNode/meta.js">
        <metrics statements="52" coveredstatements="43" conditionals="9" coveredconditionals="8" methods="8" coveredmethods="4"/>
        <line num="1" count="1" type="stmt"/>
        <line num="2" count="1" type="stmt"/>
        <line num="3" count="1" type="stmt"/>
        <line num="4" count="1" type="stmt"/>
        <line num="5" count="1" type="stmt"/>
        <line num="6" count="1" type="stmt"/>
        <line num="7" count="1" type="stmt"/>
        <line num="8" count="0" type="stmt"/>
        <line num="9" count="0" type="stmt"/>
        <line num="10" count="0" type="stmt"/>
        <line num="11" count="1" type="stmt"/>
        <line num="12" count="0" type="stmt"/>
        <line num="13" count="0" type="stmt"/>
        <line num="14" count="1" type="stmt"/>
        <line num="15" count="1" type="cond" truecount="1" falsecount="0"/>
        <line num="16" count="14" type="stmt"/>
        <line num="17" count="14" type="cond" truecount="1" falsecount="0"/>
        <line num="18" count="14" type="stmt"/>
        <line num="19" count="1" type="stmt"/>
        <line num="20" count="1" type="cond" truecount="1" falsecount="0"/>
        <line num="21" count="10" type="stmt"/>
        <line num="22" count="10" type="cond" truecount="1" falsecount="0"/>
        <line num="23" count="10" type="stmt"/>
        <line num="24" count="1" type="stmt"/>
        <line num="25" count="1" type="stmt"/>
        <line num="26" count="0" type="stmt"/>
        <line num="27" count="0" type="stmt"/>
        <line num="28" count="1" type="stmt"/>
        <line num="29" count="1" type="stmt"/>
        <line num="30" count="0" type="stmt"/>
        <line num="31" count="0" type="stmt"/>
        <line num="32" count="1" type="stmt"/>
        <line num="33" count="1" type="cond" truecount="1" falsecount="0"/>
        <line num="34" count="10" type="cond" truecount="2" falsecount="0"/>
        <line num="35" count="10" type="stmt"/>
        <line num="36" count="1" type="stmt"/>
        <line num="37" count="1" type="cond" truecount="1" falsecount="0"/>
        <line num="38" count="6" type="stmt"/>
        <line num="39" count="6" type="stmt"/>
        <line num="40" count="6" type="cond" truecount="0" falsecount="1"/>
        <line num="41" count="6" type="stmt"/>
        <line num="42" count="1" type="stmt"/>
        <line num="43" count="1" type="stmt"/>
        <line num="44" count="1" type="stmt"/>
        <line num="45" count="1" type="stmt"/>
        <line num="46" count="1" type="stmt"/>
        <line num="47" count="1" type="stmt"/>
        <line num="48" count="1" type="stmt"/>
        <line num="49" count="1" type="stmt"/>
        <line num="50" count="1" type="stmt"/>
        <line num="51" count="1" type="stmt"/>
        <line num="52" count="1" type="stmt"/>
      </file>
    </package>
  </project>
</coverage>
