{"/Users/xixixi/project/private/regular-expression/src/describeChar.js": {"path":"/Users/xixixi/project/private/regular-expression/src/describeChar.js","all":false,"statementMap":{"0":{"start":{"line":1,"column":0},"end":{"line":1,"column":23}},"1":{"start":{"line":2,"column":0},"end":{"line":2,"column":6}},"2":{"start":{"line":3,"column":0},"end":{"line":3,"column":6}},"3":{"start":{"line":4,"column":0},"end":{"line":4,"column":6}},"4":{"start":{"line":5,"column":0},"end":{"line":5,"column":6}},"5":{"start":{"line":6,"column":0},"end":{"line":6,"column":5}},"6":{"start":{"line":7,"column":0},"end":{"line":7,"column":2}},"7":{"start":{"line":8,"column":0},"end":{"line":8,"column":0}},"8":{"start":{"line":9,"column":0},"end":{"line":9,"column":22}},"9":{"start":{"line":10,"column":0},"end":{"line":10,"column":6}},"10":{"start":{"line":11,"column":0},"end":{"line":11,"column":6}},"11":{"start":{"line":12,"column":0},"end":{"line":12,"column":6}},"12":{"start":{"line":13,"column":0},"end":{"line":13,"column":6}},"13":{"start":{"line":14,"column":0},"end":{"line":14,"column":6}},"14":{"start":{"line":15,"column":0},"end":{"line":15,"column":6}},"15":{"start":{"line":16,"column":0},"end":{"line":16,"column":6}},"16":{"start":{"line":17,"column":0},"end":{"line":17,"column":6}},"17":{"start":{"line":18,"column":0},"end":{"line":18,"column":6}},"18":{"start":{"line":19,"column":0},"end":{"line":19,"column":6}},"19":{"start":{"line":20,"column":0},"end":{"line":20,"column":6}},"20":{"start":{"line":21,"column":0},"end":{"line":21,"column":2}},"21":{"start":{"line":22,"column":0},"end":{"line":22,"column":0}},"22":{"start":{"line":23,"column":0},"end":{"line":23,"column":0}},"23":{"start":{"line":24,"column":0},"end":{"line":24,"column":0}},"24":{"start":{"line":25,"column":0},"end":{"line":25,"column":18}},"25":{"start":{"line":26,"column":0},"end":{"line":26,"column":16}},"26":{"start":{"line":27,"column":0},"end":{"line":27,"column":14}},"27":{"start":{"line":28,"column":0},"end":{"line":28,"column":2}}},"s":{"0":1,"1":1,"2":1,"3":1,"4":1,"5":1,"6":1,"7":1,"8":1,"9":1,"10":1,"11":1,"12":1,"13":1,"14":1,"15":1,"16":1,"17":1,"18":1,"19":1,"20":1,"21":1,"22":1,"23":1,"24":1,"25":1,"26":1,"27":1},"branchMap":{},"b":{},"fnMap":{},"f":{}}
,"/Users/xixixi/project/private/regular-expression/src/expNode.js": {"path":"/Users/xixixi/project/private/regular-expression/src/expNode.js","all":false,"statementMap":{"0":{"start":{"line":1,"column":0},"end":{"line":1,"column":3}},"1":{"start":{"line":2,"column":0},"end":{"line":2,"column":3}},"2":{"start":{"line":3,"column":0},"end":{"line":3,"column":20}},"3":{"start":{"line":4,"column":0},"end":{"line":4,"column":16}},"4":{"start":{"line":5,"column":0},"end":{"line":5,"column":3}},"5":{"start":{"line":6,"column":0},"end":{"line":6,"column":30}},"6":{"start":{"line":7,"column":0},"end":{"line":7,"column":45}},"7":{"start":{"line":8,"column":0},"end":{"line":8,"column":16}},"8":{"start":{"line":9,"column":0},"end":{"line":9,"column":14}},"9":{"start":{"line":10,"column":0},"end":{"line":10,"column":15}},"10":{"start":{"line":11,"column":0},"end":{"line":11,"column":12}},"11":{"start":{"line":12,"column":0},"end":{"line":12,"column":5}},"12":{"start":{"line":13,"column":0},"end":{"line":13,"column":1}},"13":{"start":{"line":14,"column":0},"end":{"line":14,"column":0}},"14":{"start":{"line":15,"column":0},"end":{"line":15,"column":3}},"15":{"start":{"line":16,"column":0},"end":{"line":16,"column":3}},"16":{"start":{"line":17,"column":0},"end":{"line":17,"column":18}},"17":{"start":{"line":18,"column":0},"end":{"line":18,"column":18}},"18":{"start":{"line":19,"column":0},"end":{"line":19,"column":18}},"19":{"start":{"line":20,"column":0},"end":{"line":20,"column":3}},"20":{"start":{"line":21,"column":0},"end":{"line":21,"column":67}},"21":{"start":{"line":22,"column":0},"end":{"line":22,"column":24}},"22":{"start":{"line":23,"column":0},"end":{"line":23,"column":24}},"23":{"start":{"line":24,"column":0},"end":{"line":24,"column":11}},"24":{"start":{"line":25,"column":0},"end":{"line":25,"column":9}},"25":{"start":{"line":26,"column":0},"end":{"line":26,"column":7}},"26":{"start":{"line":27,"column":0},"end":{"line":27,"column":5}},"27":{"start":{"line":28,"column":0},"end":{"line":28,"column":2}},"28":{"start":{"line":29,"column":0},"end":{"line":29,"column":0}},"29":{"start":{"line":30,"column":0},"end":{"line":30,"column":3}},"30":{"start":{"line":31,"column":0},"end":{"line":31,"column":3}},"31":{"start":{"line":32,"column":0},"end":{"line":32,"column":19}},"32":{"start":{"line":33,"column":0},"end":{"line":33,"column":16}},"33":{"start":{"line":34,"column":0},"end":{"line":34,"column":3}},"34":{"start":{"line":35,"column":0},"end":{"line":35,"column":37}},"35":{"start":{"line":36,"column":0},"end":{"line":36,"column":24}},"36":{"start":{"line":37,"column":0},"end":{"line":37,"column":22}},"37":{"start":{"line":38,"column":0},"end":{"line":38,"column":9}},"38":{"start":{"line":39,"column":0},"end":{"line":39,"column":5}},"39":{"start":{"line":40,"column":0},"end":{"line":40,"column":2}},"40":{"start":{"line":41,"column":0},"end":{"line":41,"column":0}},"41":{"start":{"line":42,"column":0},"end":{"line":42,"column":3}},"42":{"start":{"line":43,"column":0},"end":{"line":43,"column":3}},"43":{"start":{"line":44,"column":0},"end":{"line":44,"column":20}},"44":{"start":{"line":45,"column":0},"end":{"line":45,"column":19}},"45":{"start":{"line":46,"column":0},"end":{"line":46,"column":3}},"46":{"start":{"line":47,"column":0},"end":{"line":47,"column":36}},"47":{"start":{"line":48,"column":0},"end":{"line":48,"column":25}},"48":{"start":{"line":49,"column":0},"end":{"line":49,"column":21}},"49":{"start":{"line":50,"column":0},"end":{"line":50,"column":9}},"50":{"start":{"line":51,"column":0},"end":{"line":51,"column":5}},"51":{"start":{"line":52,"column":0},"end":{"line":52,"column":2}},"52":{"start":{"line":53,"column":0},"end":{"line":53,"column":0}},"53":{"start":{"line":54,"column":0},"end":{"line":54,"column":3}},"54":{"start":{"line":55,"column":0},"end":{"line":55,"column":3}},"55":{"start":{"line":56,"column":0},"end":{"line":56,"column":25}},"56":{"start":{"line":57,"column":0},"end":{"line":57,"column":16}},"57":{"start":{"line":58,"column":0},"end":{"line":58,"column":3}},"58":{"start":{"line":59,"column":0},"end":{"line":59,"column":68}},"59":{"start":{"line":60,"column":0},"end":{"line":60,"column":24}},"60":{"start":{"line":61,"column":0},"end":{"line":61,"column":19}},"61":{"start":{"line":62,"column":0},"end":{"line":62,"column":12}},"62":{"start":{"line":63,"column":0},"end":{"line":63,"column":12}},"63":{"start":{"line":64,"column":0},"end":{"line":64,"column":9}},"64":{"start":{"line":65,"column":0},"end":{"line":65,"column":5}},"65":{"start":{"line":66,"column":0},"end":{"line":66,"column":2}},"66":{"start":{"line":67,"column":0},"end":{"line":67,"column":0}},"67":{"start":{"line":68,"column":0},"end":{"line":68,"column":3}},"68":{"start":{"line":69,"column":0},"end":{"line":69,"column":3}},"69":{"start":{"line":70,"column":0},"end":{"line":70,"column":20}},"70":{"start":{"line":71,"column":0},"end":{"line":71,"column":26}},"71":{"start":{"line":72,"column":0},"end":{"line":72,"column":29}},"72":{"start":{"line":73,"column":0},"end":{"line":73,"column":16}},"73":{"start":{"line":74,"column":0},"end":{"line":74,"column":3}},"74":{"start":{"line":75,"column":0},"end":{"line":75,"column":79}},"75":{"start":{"line":76,"column":0},"end":{"line":76,"column":24}},"76":{"start":{"line":77,"column":0},"end":{"line":77,"column":24}},"77":{"start":{"line":78,"column":0},"end":{"line":78,"column":11}},"78":{"start":{"line":79,"column":0},"end":{"line":79,"column":15}},"79":{"start":{"line":80,"column":0},"end":{"line":80,"column":9}},"80":{"start":{"line":81,"column":0},"end":{"line":81,"column":5}},"81":{"start":{"line":82,"column":0},"end":{"line":82,"column":2}},"82":{"start":{"line":83,"column":0},"end":{"line":83,"column":0}},"83":{"start":{"line":84,"column":0},"end":{"line":84,"column":3}},"84":{"start":{"line":85,"column":0},"end":{"line":85,"column":3}},"85":{"start":{"line":86,"column":0},"end":{"line":86,"column":19}},"86":{"start":{"line":87,"column":0},"end":{"line":87,"column":17}},"87":{"start":{"line":88,"column":0},"end":{"line":88,"column":3}},"88":{"start":{"line":89,"column":0},"end":{"line":89,"column":57}},"89":{"start":{"line":90,"column":0},"end":{"line":90,"column":24}},"90":{"start":{"line":91,"column":0},"end":{"line":91,"column":21}},"91":{"start":{"line":92,"column":0},"end":{"line":92,"column":11}},"92":{"start":{"line":93,"column":0},"end":{"line":93,"column":10}},"93":{"start":{"line":94,"column":0},"end":{"line":94,"column":5}},"94":{"start":{"line":95,"column":0},"end":{"line":95,"column":2}},"95":{"start":{"line":96,"column":0},"end":{"line":96,"column":0}},"96":{"start":{"line":97,"column":0},"end":{"line":97,"column":3}},"97":{"start":{"line":98,"column":0},"end":{"line":98,"column":3}},"98":{"start":{"line":99,"column":0},"end":{"line":99,"column":17}},"99":{"start":{"line":100,"column":0},"end":{"line":100,"column":17}},"100":{"start":{"line":101,"column":0},"end":{"line":101,"column":19}},"101":{"start":{"line":102,"column":0},"end":{"line":102,"column":3}},"102":{"start":{"line":103,"column":0},"end":{"line":103,"column":55}},"103":{"start":{"line":104,"column":0},"end":{"line":104,"column":24}},"104":{"start":{"line":105,"column":0},"end":{"line":105,"column":26}},"105":{"start":{"line":106,"column":0},"end":{"line":106,"column":12}},"106":{"start":{"line":107,"column":0},"end":{"line":107,"column":5}},"107":{"start":{"line":108,"column":0},"end":{"line":108,"column":2}},"108":{"start":{"line":109,"column":0},"end":{"line":109,"column":0}},"109":{"start":{"line":110,"column":0},"end":{"line":110,"column":3}},"110":{"start":{"line":111,"column":0},"end":{"line":111,"column":3}},"111":{"start":{"line":112,"column":0},"end":{"line":112,"column":19}},"112":{"start":{"line":113,"column":0},"end":{"line":113,"column":20}},"113":{"start":{"line":114,"column":0},"end":{"line":114,"column":3}},"114":{"start":{"line":115,"column":0},"end":{"line":115,"column":47}},"115":{"start":{"line":116,"column":0},"end":{"line":116,"column":24}},"116":{"start":{"line":117,"column":0},"end":{"line":117,"column":23}},"117":{"start":{"line":118,"column":0},"end":{"line":118,"column":9}},"118":{"start":{"line":119,"column":0},"end":{"line":119,"column":5}},"119":{"start":{"line":120,"column":0},"end":{"line":120,"column":2}},"120":{"start":{"line":121,"column":0},"end":{"line":121,"column":0}},"121":{"start":{"line":122,"column":0},"end":{"line":122,"column":3}},"122":{"start":{"line":123,"column":0},"end":{"line":123,"column":3}},"123":{"start":{"line":124,"column":0},"end":{"line":124,"column":23}},"124":{"start":{"line":125,"column":0},"end":{"line":125,"column":16}},"125":{"start":{"line":126,"column":0},"end":{"line":126,"column":3}},"126":{"start":{"line":127,"column":0},"end":{"line":127,"column":52}},"127":{"start":{"line":128,"column":0},"end":{"line":128,"column":24}},"128":{"start":{"line":129,"column":0},"end":{"line":129,"column":21}},"129":{"start":{"line":130,"column":0},"end":{"line":130,"column":9}},"130":{"start":{"line":131,"column":0},"end":{"line":131,"column":10}},"131":{"start":{"line":132,"column":0},"end":{"line":132,"column":5}},"132":{"start":{"line":133,"column":0},"end":{"line":133,"column":2}},"133":{"start":{"line":134,"column":0},"end":{"line":134,"column":0}},"134":{"start":{"line":135,"column":0},"end":{"line":135,"column":3}},"135":{"start":{"line":136,"column":0},"end":{"line":136,"column":3}},"136":{"start":{"line":137,"column":0},"end":{"line":137,"column":19}},"137":{"start":{"line":138,"column":0},"end":{"line":138,"column":16}},"138":{"start":{"line":139,"column":0},"end":{"line":139,"column":3}},"139":{"start":{"line":140,"column":0},"end":{"line":140,"column":34}},"140":{"start":{"line":141,"column":0},"end":{"line":141,"column":24}},"141":{"start":{"line":142,"column":0},"end":{"line":142,"column":17}},"142":{"start":{"line":143,"column":0},"end":{"line":143,"column":18}},"143":{"start":{"line":144,"column":0},"end":{"line":144,"column":9}},"144":{"start":{"line":145,"column":0},"end":{"line":145,"column":5}},"145":{"start":{"line":146,"column":0},"end":{"line":146,"column":2}},"146":{"start":{"line":147,"column":0},"end":{"line":147,"column":0}},"147":{"start":{"line":148,"column":0},"end":{"line":148,"column":0}},"148":{"start":{"line":149,"column":0},"end":{"line":149,"column":0}},"149":{"start":{"line":150,"column":0},"end":{"line":150,"column":0}},"150":{"start":{"line":151,"column":0},"end":{"line":151,"column":18}},"151":{"start":{"line":152,"column":0},"end":{"line":152,"column":17}},"152":{"start":{"line":153,"column":0},"end":{"line":153,"column":14}},"153":{"start":{"line":154,"column":0},"end":{"line":154,"column":19}},"154":{"start":{"line":155,"column":0},"end":{"line":155,"column":20}},"155":{"start":{"line":156,"column":0},"end":{"line":156,"column":15}},"156":{"start":{"line":157,"column":0},"end":{"line":157,"column":12}},"157":{"start":{"line":158,"column":0},"end":{"line":158,"column":17}},"158":{"start":{"line":159,"column":0},"end":{"line":159,"column":14}},"159":{"start":{"line":160,"column":0},"end":{"line":160,"column":14}},"160":{"start":{"line":161,"column":0},"end":{"line":161,"column":11}},"161":{"start":{"line":162,"column":0},"end":{"line":162,"column":2}}},"s":{"0":1,"1":1,"2":1,"3":1,"4":1,"5":250,"6":250,"7":250,"8":250,"9":250,"10":250,"11":250,"12":250,"13":1,"14":1,"15":1,"16":1,"17":1,"18":1,"19":1,"20":1,"21":26,"22":26,"23":26,"24":26,"25":26,"26":26,"27":26,"28":1,"29":1,"30":1,"31":1,"32":1,"33":1,"34":1,"35":8,"36":8,"37":8,"38":8,"39":8,"40":1,"41":1,"42":1,"43":1,"44":1,"45":1,"46":1,"47":4,"48":4,"49":4,"50":4,"51":4,"52":1,"53":1,"54":1,"55":1,"56":1,"57":1,"58":1,"59":18,"60":18,"61":18,"62":18,"63":18,"64":18,"65":18,"66":1,"67":1,"68":1,"69":1,"70":1,"71":1,"72":1,"73":1,"74":1,"75":8,"76":8,"77":8,"78":8,"79":8,"80":8,"81":8,"82":1,"83":1,"84":1,"85":1,"86":1,"87":1,"88":1,"89":16,"90":16,"91":16,"92":16,"93":16,"94":16,"95":1,"96":1,"97":1,"98":1,"99":1,"100":1,"101":1,"102":1,"103":10,"104":10,"105":10,"106":10,"107":10,"108":1,"109":1,"110":1,"111":1,"112":1,"113":1,"114":1,"115":4,"116":4,"117":4,"118":4,"119":4,"120":1,"121":1,"122":1,"123":1,"124":1,"125":1,"126":1,"127":16,"128":16,"129":16,"130":16,"131":16,"132":16,"133":1,"134":1,"135":1,"136":1,"137":1,"138":1,"139":1,"140":140,"141":140,"142":140,"143":140,"144":140,"145":140,"146":1,"147":1,"148":1,"149":1,"150":1,"151":1,"152":1,"153":1,"154":1,"155":1,"156":1,"157":1,"158":1,"159":1,"160":1,"161":1},"branchMap":{"0":{"type":"branch","line":6,"loc":{"start":{"line":6,"column":0},"end":{"line":13,"column":1}},"locations":[{"start":{"line":6,"column":0},"end":{"line":13,"column":1}}]},"1":{"type":"branch","line":21,"loc":{"start":{"line":21,"column":23},"end":{"line":28,"column":2}},"locations":[{"start":{"line":21,"column":23},"end":{"line":28,"column":2}}]},"2":{"type":"branch","line":35,"loc":{"start":{"line":35,"column":21},"end":{"line":40,"column":2}},"locations":[{"start":{"line":35,"column":21},"end":{"line":40,"column":2}}]},"3":{"type":"branch","line":47,"loc":{"start":{"line":47,"column":20},"end":{"line":52,"column":2}},"locations":[{"start":{"line":47,"column":20},"end":{"line":52,"column":2}}]},"4":{"type":"branch","line":59,"loc":{"start":{"line":59,"column":18},"end":{"line":66,"column":2}},"locations":[{"start":{"line":59,"column":18},"end":{"line":66,"column":2}}]},"5":{"type":"branch","line":75,"loc":{"start":{"line":75,"column":23},"end":{"line":82,"column":2}},"locations":[{"start":{"line":75,"column":23},"end":{"line":82,"column":2}}]},"6":{"type":"branch","line":89,"loc":{"start":{"line":89,"column":20},"end":{"line":95,"column":2}},"locations":[{"start":{"line":89,"column":20},"end":{"line":95,"column":2}}]},"7":{"type":"branch","line":103,"loc":{"start":{"line":103,"column":26},"end":{"line":108,"column":2}},"locations":[{"start":{"line":103,"column":26},"end":{"line":108,"column":2}}]},"8":{"type":"branch","line":115,"loc":{"start":{"line":115,"column":26},"end":{"line":120,"column":2}},"locations":[{"start":{"line":115,"column":26},"end":{"line":120,"column":2}}]},"9":{"type":"branch","line":127,"loc":{"start":{"line":127,"column":20},"end":{"line":133,"column":2}},"locations":[{"start":{"line":127,"column":20},"end":{"line":133,"column":2}}]},"10":{"type":"branch","line":140,"loc":{"start":{"line":140,"column":18},"end":{"line":146,"column":2}},"locations":[{"start":{"line":140,"column":18},"end":{"line":146,"column":2}}]}},"b":{"0":[250],"1":[26],"2":[8],"3":[4],"4":[18],"5":[8],"6":[16],"7":[10],"8":[4],"9":[16],"10":[140]},"fnMap":{"0":{"name":"NodeInterface","decl":{"start":{"line":6,"column":0},"end":{"line":13,"column":1}},"loc":{"start":{"line":6,"column":0},"end":{"line":13,"column":1}},"line":6},"1":{"name":"QuantifierNode","decl":{"start":{"line":21,"column":23},"end":{"line":28,"column":2}},"loc":{"start":{"line":21,"column":23},"end":{"line":28,"column":2}},"line":21},"2":{"name":"BoundaryNode","decl":{"start":{"line":35,"column":21},"end":{"line":40,"column":2}},"loc":{"start":{"line":35,"column":21},"end":{"line":40,"column":2}},"line":35},"3":{"name":"GroupIdNode","decl":{"start":{"line":47,"column":20},"end":{"line":52,"column":2}},"loc":{"start":{"line":47,"column":20},"end":{"line":52,"column":2}},"line":47},"4":{"name":"GroupNode","decl":{"start":{"line":59,"column":18},"end":{"line":66,"column":2}},"loc":{"start":{"line":59,"column":18},"end":{"line":66,"column":2}},"line":59},"5":{"name":"AssertionsNode","decl":{"start":{"line":75,"column":23},"end":{"line":82,"column":2}},"loc":{"start":{"line":75,"column":23},"end":{"line":82,"column":2}},"line":75},"6":{"name":"CharSetNode","decl":{"start":{"line":89,"column":20},"end":{"line":95,"column":2}},"loc":{"start":{"line":89,"column":20},"end":{"line":95,"column":2}},"line":89},"7":{"name":"RangeCharSetNode","decl":{"start":{"line":103,"column":26},"end":{"line":108,"column":2}},"loc":{"start":{"line":103,"column":26},"end":{"line":108,"column":2}},"line":103},"8":{"name":"PresetCharSetNode","decl":{"start":{"line":115,"column":26},"end":{"line":120,"column":2}},"loc":{"start":{"line":115,"column":26},"end":{"line":120,"column":2}},"line":115},"9":{"name":"LogicOrNode","decl":{"start":{"line":127,"column":20},"end":{"line":133,"column":2}},"loc":{"start":{"line":127,"column":20},"end":{"line":133,"column":2}},"line":127},"10":{"name":"CharsNode","decl":{"start":{"line":140,"column":18},"end":{"line":146,"column":2}},"loc":{"start":{"line":140,"column":18},"end":{"line":146,"column":2}},"line":140}},"f":{"0":250,"1":26,"2":8,"3":4,"4":18,"5":8,"6":16,"7":10,"8":4,"9":16,"10":140}}
,"/Users/xixixi/project/private/regular-expression/src/index.js": {"path":"/Users/xixixi/project/private/regular-expression/src/index.js","all":false,"statementMap":{"0":{"start":{"line":1,"column":0},"end":{"line":1,"column":39}},"1":{"start":{"line":2,"column":0},"end":{"line":2,"column":0}},"2":{"start":{"line":3,"column":0},"end":{"line":3,"column":42}},"3":{"start":{"line":4,"column":0},"end":{"line":4,"column":31}},"4":{"start":{"line":5,"column":0},"end":{"line":5,"column":27}},"5":{"start":{"line":6,"column":0},"end":{"line":6,"column":23}},"6":{"start":{"line":7,"column":0},"end":{"line":7,"column":36}},"7":{"start":{"line":8,"column":0},"end":{"line":8,"column":3}},"8":{"start":{"line":9,"column":0},"end":{"line":9,"column":4}},"9":{"start":{"line":10,"column":0},"end":{"line":10,"column":14}},"10":{"start":{"line":11,"column":0},"end":{"line":11,"column":21}},"11":{"start":{"line":12,"column":0},"end":{"line":12,"column":3}},"12":{"start":{"line":13,"column":0},"end":{"line":13,"column":0}},"13":{"start":{"line":14,"column":0},"end":{"line":14,"column":8}},"14":{"start":{"line":15,"column":0},"end":{"line":15,"column":18}},"15":{"start":{"line":16,"column":0},"end":{"line":16,"column":27}},"16":{"start":{"line":17,"column":0},"end":{"line":17,"column":36}},"17":{"start":{"line":18,"column":0},"end":{"line":18,"column":15}},"18":{"start":{"line":19,"column":0},"end":{"line":19,"column":5}},"19":{"start":{"line":20,"column":0},"end":{"line":20,"column":3}},"20":{"start":{"line":21,"column":0},"end":{"line":21,"column":21}},"21":{"start":{"line":22,"column":0},"end":{"line":22,"column":17}},"22":{"start":{"line":23,"column":0},"end":{"line":23,"column":3}},"23":{"start":{"line":24,"column":0},"end":{"line":24,"column":2}}},"s":{"0":1,"1":1,"2":1,"3":1,"4":0,"5":0,"6":0,"7":0,"8":1,"9":1,"10":0,"11":0,"12":1,"13":1,"14":0,"15":0,"16":0,"17":0,"18":0,"19":0,"20":1,"21":1,"22":1,"23":1},"branchMap":{"0":{"type":"branch","line":21,"loc":{"start":{"line":21,"column":9},"end":{"line":23,"column":3}},"locations":[{"start":{"line":21,"column":9},"end":{"line":23,"column":3}}]}},"b":{"0":[1]},"fnMap":{"0":{"name":"RegularExpression","decl":{"start":{"line":4,"column":2},"end":{"line":8,"column":3}},"loc":{"start":{"line":4,"column":2},"end":{"line":8,"column":3}},"line":4},"1":{"name":"exec","decl":{"start":{"line":10,"column":2},"end":{"line":12,"column":3}},"loc":{"start":{"line":10,"column":2},"end":{"line":12,"column":3}},"line":10},"2":{"name":"run","decl":{"start":{"line":14,"column":2},"end":{"line":20,"column":3}},"loc":{"start":{"line":14,"column":2},"end":{"line":20,"column":3}},"line":14},"3":{"name":"test","decl":{"start":{"line":21,"column":9},"end":{"line":23,"column":3}},"loc":{"start":{"line":21,"column":9},"end":{"line":23,"column":3}},"line":21}},"f":{"0":0,"1":0,"2":0,"3":1}}
,"/Users/xixixi/project/private/regular-expression/src/meta.js": {"path":"/Users/xixixi/project/private/regular-expression/src/meta.js","all":false,"statementMap":{"0":{"start":{"line":1,"column":0},"end":{"line":1,"column":7}},"1":{"start":{"line":2,"column":0},"end":{"line":2,"column":16}},"2":{"start":{"line":3,"column":0},"end":{"line":3,"column":16}},"3":{"start":{"line":4,"column":0},"end":{"line":4,"column":14}},"4":{"start":{"line":5,"column":0},"end":{"line":5,"column":30}},"5":{"start":{"line":6,"column":0},"end":{"line":6,"column":0}},"6":{"start":{"line":7,"column":0},"end":{"line":7,"column":30}},"7":{"start":{"line":8,"column":0},"end":{"line":8,"column":36}},"8":{"start":{"line":9,"column":0},"end":{"line":9,"column":20}},"9":{"start":{"line":10,"column":0},"end":{"line":10,"column":2}},"10":{"start":{"line":11,"column":0},"end":{"line":11,"column":34}},"11":{"start":{"line":12,"column":0},"end":{"line":12,"column":43}},"12":{"start":{"line":13,"column":0},"end":{"line":13,"column":2}},"13":{"start":{"line":14,"column":0},"end":{"line":14,"column":0}},"14":{"start":{"line":15,"column":0},"end":{"line":15,"column":31}},"15":{"start":{"line":16,"column":0},"end":{"line":16,"column":35}},"16":{"start":{"line":17,"column":0},"end":{"line":17,"column":44}},"17":{"start":{"line":18,"column":0},"end":{"line":18,"column":2}},"18":{"start":{"line":19,"column":0},"end":{"line":19,"column":0}},"19":{"start":{"line":20,"column":0},"end":{"line":20,"column":28}},"20":{"start":{"line":21,"column":0},"end":{"line":21,"column":35}},"21":{"start":{"line":22,"column":0},"end":{"line":22,"column":87}},"22":{"start":{"line":23,"column":0},"end":{"line":23,"column":2}},"23":{"start":{"line":24,"column":0},"end":{"line":24,"column":0}},"24":{"start":{"line":25,"column":0},"end":{"line":25,"column":33}},"25":{"start":{"line":26,"column":0},"end":{"line":26,"column":37}},"26":{"start":{"line":27,"column":0},"end":{"line":27,"column":2}},"27":{"start":{"line":28,"column":0},"end":{"line":28,"column":0}},"28":{"start":{"line":29,"column":0},"end":{"line":29,"column":32}},"29":{"start":{"line":30,"column":0},"end":{"line":30,"column":36}},"30":{"start":{"line":31,"column":0},"end":{"line":31,"column":2}},"31":{"start":{"line":32,"column":0},"end":{"line":32,"column":0}},"32":{"start":{"line":33,"column":0},"end":{"line":33,"column":18}},"33":{"start":{"line":34,"column":0},"end":{"line":34,"column":9}},"34":{"start":{"line":35,"column":0},"end":{"line":35,"column":13}},"35":{"start":{"line":36,"column":0},"end":{"line":36,"column":11}},"36":{"start":{"line":37,"column":0},"end":{"line":37,"column":8}},"37":{"start":{"line":38,"column":0},"end":{"line":38,"column":13}},"38":{"start":{"line":39,"column":0},"end":{"line":39,"column":11}},"39":{"start":{"line":40,"column":0},"end":{"line":40,"column":2}}},"s":{"0":1,"1":1,"2":1,"3":1,"4":1,"5":1,"6":1,"7":0,"8":0,"9":0,"10":1,"11":0,"12":0,"13":1,"14":1,"15":27,"16":27,"17":27,"18":1,"19":1,"20":0,"21":0,"22":0,"23":1,"24":1,"25":6,"26":6,"27":1,"28":1,"29":4,"30":4,"31":1,"32":1,"33":1,"34":1,"35":1,"36":1,"37":1,"38":1,"39":1},"branchMap":{"0":{"type":"branch","line":15,"loc":{"start":{"line":15,"column":17},"end":{"line":18,"column":2}},"locations":[{"start":{"line":15,"column":17},"end":{"line":18,"column":2}}]},"1":{"type":"branch","line":17,"loc":{"start":{"line":17,"column":9},"end":{"line":17,"column":44}},"locations":[{"start":{"line":17,"column":9},"end":{"line":17,"column":44}}]},"2":{"type":"branch","line":25,"loc":{"start":{"line":25,"column":19},"end":{"line":27,"column":2}},"locations":[{"start":{"line":25,"column":19},"end":{"line":27,"column":2}}]},"3":{"type":"branch","line":29,"loc":{"start":{"line":29,"column":18},"end":{"line":31,"column":2}},"locations":[{"start":{"line":29,"column":18},"end":{"line":31,"column":2}}]}},"b":{"0":[27],"1":[21],"2":[6],"3":[4]},"fnMap":{"0":{"name":"isMeta","decl":{"start":{"line":7,"column":15},"end":{"line":10,"column":2}},"loc":{"start":{"line":7,"column":15},"end":{"line":10,"column":2}},"line":7},"1":{"name":"isDescribe","decl":{"start":{"line":11,"column":19},"end":{"line":13,"column":2}},"loc":{"start":{"line":11,"column":19},"end":{"line":13,"column":2}},"line":11},"2":{"name":"isNumber","decl":{"start":{"line":15,"column":17},"end":{"line":18,"column":2}},"loc":{"start":{"line":15,"column":17},"end":{"line":18,"column":2}},"line":15},"3":{"name":"isABC","decl":{"start":{"line":20,"column":14},"end":{"line":23,"column":2}},"loc":{"start":{"line":20,"column":14},"end":{"line":23,"column":2}},"line":20},"4":{"name":"isBoundary","decl":{"start":{"line":25,"column":19},"end":{"line":27,"column":2}},"loc":{"start":{"line":25,"column":19},"end":{"line":27,"column":2}},"line":25},"5":{"name":"isCharSet","decl":{"start":{"line":29,"column":18},"end":{"line":31,"column":2}},"loc":{"start":{"line":29,"column":18},"end":{"line":31,"column":2}},"line":29}},"f":{"0":0,"1":0,"2":27,"3":0,"4":6,"5":4}}
,"/Users/xixixi/project/private/regular-expression/src/parseExp.js": {"path":"/Users/xixixi/project/private/regular-expression/src/parseExp.js","all":false,"statementMap":{"0":{"start":{"line":1,"column":0},"end":{"line":1,"column":7}},"1":{"start":{"line":2,"column":0},"end":{"line":2,"column":11}},"2":{"start":{"line":3,"column":0},"end":{"line":3,"column":13}},"3":{"start":{"line":4,"column":0},"end":{"line":4,"column":11}},"4":{"start":{"line":5,"column":0},"end":{"line":5,"column":22}},"5":{"start":{"line":6,"column":0},"end":{"line":6,"column":176}},"6":{"start":{"line":7,"column":0},"end":{"line":7,"column":0}},"7":{"start":{"line":8,"column":0},"end":{"line":8,"column":0}},"8":{"start":{"line":9,"column":0},"end":{"line":9,"column":28}},"9":{"start":{"line":10,"column":0},"end":{"line":10,"column":36}},"10":{"start":{"line":11,"column":0},"end":{"line":11,"column":26}},"11":{"start":{"line":12,"column":0},"end":{"line":12,"column":28}},"12":{"start":{"line":13,"column":0},"end":{"line":13,"column":40}},"13":{"start":{"line":14,"column":0},"end":{"line":14,"column":0}},"14":{"start":{"line":15,"column":0},"end":{"line":15,"column":3}},"15":{"start":{"line":16,"column":0},"end":{"line":16,"column":16}},"16":{"start":{"line":17,"column":0},"end":{"line":17,"column":31}},"17":{"start":{"line":18,"column":0},"end":{"line":18,"column":33}},"18":{"start":{"line":19,"column":0},"end":{"line":19,"column":23}},"19":{"start":{"line":20,"column":0},"end":{"line":20,"column":3}},"20":{"start":{"line":21,"column":0},"end":{"line":21,"column":55}},"21":{"start":{"line":22,"column":0},"end":{"line":22,"column":15}},"22":{"start":{"line":23,"column":0},"end":{"line":23,"column":26}},"23":{"start":{"line":24,"column":0},"end":{"line":24,"column":30}},"24":{"start":{"line":25,"column":0},"end":{"line":25,"column":13}},"25":{"start":{"line":26,"column":0},"end":{"line":26,"column":17}},"26":{"start":{"line":27,"column":0},"end":{"line":27,"column":48}},"27":{"start":{"line":28,"column":0},"end":{"line":28,"column":35}},"28":{"start":{"line":29,"column":0},"end":{"line":29,"column":13}},"29":{"start":{"line":30,"column":0},"end":{"line":30,"column":45}},"30":{"start":{"line":31,"column":0},"end":{"line":31,"column":34}},"31":{"start":{"line":32,"column":0},"end":{"line":32,"column":14}},"32":{"start":{"line":33,"column":0},"end":{"line":33,"column":50}},"33":{"start":{"line":34,"column":0},"end":{"line":34,"column":10}},"34":{"start":{"line":35,"column":0},"end":{"line":35,"column":15}},"35":{"start":{"line":36,"column":0},"end":{"line":36,"column":54}},"36":{"start":{"line":37,"column":0},"end":{"line":37,"column":3}},"37":{"start":{"line":38,"column":0},"end":{"line":38,"column":14}},"38":{"start":{"line":39,"column":0},"end":{"line":39,"column":2}},"39":{"start":{"line":40,"column":0},"end":{"line":40,"column":0}},"40":{"start":{"line":41,"column":0},"end":{"line":41,"column":3}},"41":{"start":{"line":42,"column":0},"end":{"line":42,"column":3}},"42":{"start":{"line":43,"column":0},"end":{"line":43,"column":26}},"43":{"start":{"line":44,"column":0},"end":{"line":44,"column":22}},"44":{"start":{"line":45,"column":0},"end":{"line":45,"column":3}},"45":{"start":{"line":46,"column":0},"end":{"line":46,"column":49}},"46":{"start":{"line":47,"column":0},"end":{"line":47,"column":54}},"47":{"start":{"line":48,"column":0},"end":{"line":48,"column":51}},"48":{"start":{"line":49,"column":0},"end":{"line":49,"column":16}},"49":{"start":{"line":50,"column":0},"end":{"line":50,"column":3}},"50":{"start":{"line":51,"column":0},"end":{"line":51,"column":38}},"51":{"start":{"line":52,"column":0},"end":{"line":52,"column":27}},"52":{"start":{"line":53,"column":0},"end":{"line":53,"column":3}},"53":{"start":{"line":54,"column":0},"end":{"line":54,"column":15}},"54":{"start":{"line":55,"column":0},"end":{"line":55,"column":2}},"55":{"start":{"line":56,"column":0},"end":{"line":56,"column":0}},"56":{"start":{"line":57,"column":0},"end":{"line":57,"column":3}},"57":{"start":{"line":58,"column":0},"end":{"line":58,"column":15}},"58":{"start":{"line":59,"column":0},"end":{"line":59,"column":19}},"59":{"start":{"line":60,"column":0},"end":{"line":60,"column":26}},"60":{"start":{"line":61,"column":0},"end":{"line":61,"column":3}},"61":{"start":{"line":62,"column":0},"end":{"line":62,"column":63}},"62":{"start":{"line":63,"column":0},"end":{"line":63,"column":53}},"63":{"start":{"line":64,"column":0},"end":{"line":64,"column":33}},"64":{"start":{"line":65,"column":0},"end":{"line":65,"column":48}},"65":{"start":{"line":66,"column":0},"end":{"line":66,"column":10}},"66":{"start":{"line":67,"column":0},"end":{"line":67,"column":38}},"67":{"start":{"line":68,"column":0},"end":{"line":68,"column":3}},"68":{"start":{"line":69,"column":0},"end":{"line":69,"column":2}},"69":{"start":{"line":70,"column":0},"end":{"line":70,"column":0}},"70":{"start":{"line":71,"column":0},"end":{"line":71,"column":3}},"71":{"start":{"line":72,"column":0},"end":{"line":72,"column":9}},"72":{"start":{"line":73,"column":0},"end":{"line":73,"column":18}},"73":{"start":{"line":74,"column":0},"end":{"line":74,"column":20}},"74":{"start":{"line":75,"column":0},"end":{"line":75,"column":22}},"75":{"start":{"line":76,"column":0},"end":{"line":76,"column":3}},"76":{"start":{"line":77,"column":0},"end":{"line":77,"column":45}},"77":{"start":{"line":78,"column":0},"end":{"line":78,"column":21}},"78":{"start":{"line":79,"column":0},"end":{"line":79,"column":47}},"79":{"start":{"line":80,"column":0},"end":{"line":80,"column":23}},"80":{"start":{"line":81,"column":0},"end":{"line":81,"column":23}},"81":{"start":{"line":82,"column":0},"end":{"line":82,"column":31}},"82":{"start":{"line":83,"column":0},"end":{"line":83,"column":12}},"83":{"start":{"line":84,"column":0},"end":{"line":84,"column":30}},"84":{"start":{"line":85,"column":0},"end":{"line":85,"column":12}},"85":{"start":{"line":86,"column":0},"end":{"line":86,"column":50}},"86":{"start":{"line":87,"column":0},"end":{"line":87,"column":12}},"87":{"start":{"line":88,"column":0},"end":{"line":88,"column":5}},"88":{"start":{"line":89,"column":0},"end":{"line":89,"column":3}},"89":{"start":{"line":90,"column":0},"end":{"line":90,"column":16}},"90":{"start":{"line":91,"column":0},"end":{"line":91,"column":2}},"91":{"start":{"line":92,"column":0},"end":{"line":92,"column":0}},"92":{"start":{"line":93,"column":0},"end":{"line":93,"column":3}},"93":{"start":{"line":94,"column":0},"end":{"line":94,"column":18}},"94":{"start":{"line":95,"column":0},"end":{"line":95,"column":18}},"95":{"start":{"line":96,"column":0},"end":{"line":96,"column":20}},"96":{"start":{"line":97,"column":0},"end":{"line":97,"column":66}},"97":{"start":{"line":98,"column":0},"end":{"line":98,"column":3}},"98":{"start":{"line":99,"column":0},"end":{"line":99,"column":52}},"99":{"start":{"line":100,"column":0},"end":{"line":100,"column":21}},"100":{"start":{"line":101,"column":0},"end":{"line":101,"column":20}},"101":{"start":{"line":102,"column":0},"end":{"line":102,"column":22}},"102":{"start":{"line":103,"column":0},"end":{"line":103,"column":8}},"103":{"start":{"line":104,"column":0},"end":{"line":104,"column":24}},"104":{"start":{"line":105,"column":0},"end":{"line":105,"column":22}},"105":{"start":{"line":106,"column":0},"end":{"line":106,"column":12}},"106":{"start":{"line":107,"column":0},"end":{"line":107,"column":26}},"107":{"start":{"line":108,"column":0},"end":{"line":108,"column":23}},"108":{"start":{"line":109,"column":0},"end":{"line":109,"column":12}},"109":{"start":{"line":110,"column":0},"end":{"line":110,"column":7}},"110":{"start":{"line":111,"column":0},"end":{"line":111,"column":26}},"111":{"start":{"line":112,"column":0},"end":{"line":112,"column":24}},"112":{"start":{"line":113,"column":0},"end":{"line":113,"column":33}},"113":{"start":{"line":114,"column":0},"end":{"line":114,"column":24}},"114":{"start":{"line":115,"column":0},"end":{"line":115,"column":14}},"115":{"start":{"line":116,"column":0},"end":{"line":116,"column":37}},"116":{"start":{"line":117,"column":0},"end":{"line":117,"column":7}},"117":{"start":{"line":118,"column":0},"end":{"line":118,"column":5}},"118":{"start":{"line":119,"column":0},"end":{"line":119,"column":3}},"119":{"start":{"line":120,"column":0},"end":{"line":120,"column":20}},"120":{"start":{"line":121,"column":0},"end":{"line":121,"column":2}},"121":{"start":{"line":122,"column":0},"end":{"line":122,"column":0}},"122":{"start":{"line":123,"column":0},"end":{"line":123,"column":0}},"123":{"start":{"line":124,"column":0},"end":{"line":124,"column":3}},"124":{"start":{"line":125,"column":0},"end":{"line":125,"column":21}},"125":{"start":{"line":126,"column":0},"end":{"line":126,"column":26}},"126":{"start":{"line":127,"column":0},"end":{"line":127,"column":22}},"127":{"start":{"line":128,"column":0},"end":{"line":128,"column":23}},"128":{"start":{"line":129,"column":0},"end":{"line":129,"column":12}},"129":{"start":{"line":130,"column":0},"end":{"line":130,"column":3}},"130":{"start":{"line":131,"column":0},"end":{"line":131,"column":67}},"131":{"start":{"line":132,"column":0},"end":{"line":132,"column":53}},"132":{"start":{"line":133,"column":0},"end":{"line":133,"column":20}},"133":{"start":{"line":134,"column":0},"end":{"line":134,"column":52}},"134":{"start":{"line":135,"column":0},"end":{"line":135,"column":18}},"135":{"start":{"line":136,"column":0},"end":{"line":136,"column":35}},"136":{"start":{"line":137,"column":0},"end":{"line":137,"column":36}},"137":{"start":{"line":138,"column":0},"end":{"line":138,"column":20}},"138":{"start":{"line":139,"column":0},"end":{"line":139,"column":17}},"139":{"start":{"line":140,"column":0},"end":{"line":140,"column":12}},"140":{"start":{"line":141,"column":0},"end":{"line":141,"column":11}},"141":{"start":{"line":142,"column":0},"end":{"line":142,"column":8}},"142":{"start":{"line":143,"column":0},"end":{"line":143,"column":39}},"143":{"start":{"line":144,"column":0},"end":{"line":144,"column":26}},"144":{"start":{"line":145,"column":0},"end":{"line":145,"column":14}},"145":{"start":{"line":146,"column":0},"end":{"line":146,"column":80}},"146":{"start":{"line":147,"column":0},"end":{"line":147,"column":7}},"147":{"start":{"line":148,"column":0},"end":{"line":148,"column":12}},"148":{"start":{"line":149,"column":0},"end":{"line":149,"column":37}},"149":{"start":{"line":150,"column":0},"end":{"line":150,"column":5}},"150":{"start":{"line":151,"column":0},"end":{"line":151,"column":4}},"151":{"start":{"line":152,"column":0},"end":{"line":152,"column":16}},"152":{"start":{"line":153,"column":0},"end":{"line":153,"column":2}},"153":{"start":{"line":154,"column":0},"end":{"line":154,"column":0}},"154":{"start":{"line":155,"column":0},"end":{"line":155,"column":3}},"155":{"start":{"line":156,"column":0},"end":{"line":156,"column":9}},"156":{"start":{"line":157,"column":0},"end":{"line":157,"column":18}},"157":{"start":{"line":158,"column":0},"end":{"line":158,"column":19}},"158":{"start":{"line":159,"column":0},"end":{"line":159,"column":3}},"159":{"start":{"line":160,"column":0},"end":{"line":160,"column":41}},"160":{"start":{"line":161,"column":0},"end":{"line":161,"column":36}},"161":{"start":{"line":162,"column":0},"end":{"line":162,"column":10}},"162":{"start":{"line":163,"column":0},"end":{"line":163,"column":18}},"163":{"start":{"line":164,"column":0},"end":{"line":164,"column":28}},"164":{"start":{"line":165,"column":0},"end":{"line":165,"column":4}},"165":{"start":{"line":166,"column":0},"end":{"line":166,"column":2}},"166":{"start":{"line":167,"column":0},"end":{"line":167,"column":0}},"167":{"start":{"line":168,"column":0},"end":{"line":168,"column":0}},"168":{"start":{"line":169,"column":0},"end":{"line":169,"column":0}},"169":{"start":{"line":170,"column":0},"end":{"line":170,"column":31}},"170":{"start":{"line":171,"column":0},"end":{"line":171,"column":23}},"171":{"start":{"line":172,"column":0},"end":{"line":172,"column":24}},"172":{"start":{"line":173,"column":0},"end":{"line":173,"column":12}},"173":{"start":{"line":174,"column":0},"end":{"line":174,"column":21}},"174":{"start":{"line":175,"column":0},"end":{"line":175,"column":18}},"175":{"start":{"line":176,"column":0},"end":{"line":176,"column":5}},"176":{"start":{"line":177,"column":0},"end":{"line":177,"column":14}},"177":{"start":{"line":178,"column":0},"end":{"line":178,"column":24}},"178":{"start":{"line":179,"column":0},"end":{"line":179,"column":31}},"179":{"start":{"line":180,"column":0},"end":{"line":180,"column":5}},"180":{"start":{"line":181,"column":0},"end":{"line":181,"column":42}},"181":{"start":{"line":182,"column":0},"end":{"line":182,"column":37}},"182":{"start":{"line":183,"column":0},"end":{"line":183,"column":13}},"183":{"start":{"line":184,"column":0},"end":{"line":184,"column":34}},"184":{"start":{"line":185,"column":0},"end":{"line":185,"column":38}},"185":{"start":{"line":186,"column":0},"end":{"line":186,"column":28}},"186":{"start":{"line":187,"column":0},"end":{"line":187,"column":12}},"187":{"start":{"line":188,"column":0},"end":{"line":188,"column":22}},"188":{"start":{"line":189,"column":0},"end":{"line":189,"column":20}},"189":{"start":{"line":190,"column":0},"end":{"line":190,"column":14}},"190":{"start":{"line":191,"column":0},"end":{"line":191,"column":9}},"191":{"start":{"line":192,"column":0},"end":{"line":192,"column":23}},"192":{"start":{"line":193,"column":0},"end":{"line":193,"column":24}},"193":{"start":{"line":194,"column":0},"end":{"line":194,"column":5}},"194":{"start":{"line":195,"column":0},"end":{"line":195,"column":26}},"195":{"start":{"line":196,"column":0},"end":{"line":196,"column":4}},"196":{"start":{"line":197,"column":0},"end":{"line":197,"column":0}},"197":{"start":{"line":198,"column":0},"end":{"line":198,"column":40}},"198":{"start":{"line":199,"column":0},"end":{"line":199,"column":74}},"199":{"start":{"line":200,"column":0},"end":{"line":200,"column":78}},"200":{"start":{"line":201,"column":0},"end":{"line":201,"column":4}},"201":{"start":{"line":202,"column":0},"end":{"line":202,"column":0}},"202":{"start":{"line":203,"column":0},"end":{"line":203,"column":17}},"203":{"start":{"line":204,"column":0},"end":{"line":204,"column":29}},"204":{"start":{"line":205,"column":0},"end":{"line":205,"column":30}},"205":{"start":{"line":206,"column":0},"end":{"line":206,"column":29}},"206":{"start":{"line":207,"column":0},"end":{"line":207,"column":82}},"207":{"start":{"line":208,"column":0},"end":{"line":208,"column":59}},"208":{"start":{"line":209,"column":0},"end":{"line":209,"column":10}},"209":{"start":{"line":210,"column":0},"end":{"line":210,"column":15}},"210":{"start":{"line":211,"column":0},"end":{"line":211,"column":5}},"211":{"start":{"line":212,"column":0},"end":{"line":212,"column":25}},"212":{"start":{"line":213,"column":0},"end":{"line":213,"column":17}},"213":{"start":{"line":214,"column":0},"end":{"line":214,"column":51}},"214":{"start":{"line":215,"column":0},"end":{"line":215,"column":14}},"215":{"start":{"line":216,"column":0},"end":{"line":216,"column":15}},"216":{"start":{"line":217,"column":0},"end":{"line":217,"column":43}},"217":{"start":{"line":218,"column":0},"end":{"line":218,"column":33}},"218":{"start":{"line":219,"column":0},"end":{"line":219,"column":60}},"219":{"start":{"line":220,"column":0},"end":{"line":220,"column":38}},"220":{"start":{"line":221,"column":0},"end":{"line":221,"column":20}},"221":{"start":{"line":222,"column":0},"end":{"line":222,"column":32}},"222":{"start":{"line":223,"column":0},"end":{"line":223,"column":14}},"223":{"start":{"line":224,"column":0},"end":{"line":224,"column":15}},"224":{"start":{"line":225,"column":0},"end":{"line":225,"column":41}},"225":{"start":{"line":226,"column":0},"end":{"line":226,"column":21}},"226":{"start":{"line":227,"column":0},"end":{"line":227,"column":39}},"227":{"start":{"line":228,"column":0},"end":{"line":228,"column":51}},"228":{"start":{"line":229,"column":0},"end":{"line":229,"column":26}},"229":{"start":{"line":230,"column":0},"end":{"line":230,"column":16}},"230":{"start":{"line":231,"column":0},"end":{"line":231,"column":63}},"231":{"start":{"line":232,"column":0},"end":{"line":232,"column":9}},"232":{"start":{"line":233,"column":0},"end":{"line":233,"column":14}},"233":{"start":{"line":234,"column":0},"end":{"line":234,"column":15}},"234":{"start":{"line":235,"column":0},"end":{"line":235,"column":29}},"235":{"start":{"line":236,"column":0},"end":{"line":236,"column":26}},"236":{"start":{"line":237,"column":0},"end":{"line":237,"column":22}},"237":{"start":{"line":238,"column":0},"end":{"line":238,"column":31}},"238":{"start":{"line":239,"column":0},"end":{"line":239,"column":39}},"239":{"start":{"line":240,"column":0},"end":{"line":240,"column":73}},"240":{"start":{"line":241,"column":0},"end":{"line":241,"column":86}},"241":{"start":{"line":242,"column":0},"end":{"line":242,"column":16}},"242":{"start":{"line":243,"column":0},"end":{"line":243,"column":63}},"243":{"start":{"line":244,"column":0},"end":{"line":244,"column":9}},"244":{"start":{"line":245,"column":0},"end":{"line":245,"column":14}},"245":{"start":{"line":246,"column":0},"end":{"line":246,"column":15}},"246":{"start":{"line":247,"column":0},"end":{"line":247,"column":17}},"247":{"start":{"line":248,"column":0},"end":{"line":248,"column":44}},"248":{"start":{"line":249,"column":0},"end":{"line":249,"column":14}},"249":{"start":{"line":250,"column":0},"end":{"line":250,"column":15}},"250":{"start":{"line":251,"column":0},"end":{"line":251,"column":17}},"251":{"start":{"line":252,"column":0},"end":{"line":252,"column":44}},"252":{"start":{"line":253,"column":0},"end":{"line":253,"column":14}},"253":{"start":{"line":254,"column":0},"end":{"line":254,"column":15}},"254":{"start":{"line":255,"column":0},"end":{"line":255,"column":36}},"255":{"start":{"line":256,"column":0},"end":{"line":256,"column":32}},"256":{"start":{"line":257,"column":0},"end":{"line":257,"column":45}},"257":{"start":{"line":258,"column":0},"end":{"line":258,"column":49}},"258":{"start":{"line":259,"column":0},"end":{"line":259,"column":9}},"259":{"start":{"line":260,"column":0},"end":{"line":260,"column":14}},"260":{"start":{"line":261,"column":0},"end":{"line":261,"column":15}},"261":{"start":{"line":262,"column":0},"end":{"line":262,"column":25}},"262":{"start":{"line":263,"column":0},"end":{"line":263,"column":25}},"263":{"start":{"line":264,"column":0},"end":{"line":264,"column":24}},"264":{"start":{"line":265,"column":0},"end":{"line":265,"column":37}},"265":{"start":{"line":266,"column":0},"end":{"line":266,"column":22}},"266":{"start":{"line":267,"column":0},"end":{"line":267,"column":32}},"267":{"start":{"line":268,"column":0},"end":{"line":268,"column":16}},"268":{"start":{"line":269,"column":0},"end":{"line":269,"column":63}},"269":{"start":{"line":270,"column":0},"end":{"line":270,"column":9}},"270":{"start":{"line":271,"column":0},"end":{"line":271,"column":14}},"271":{"start":{"line":272,"column":0},"end":{"line":272,"column":15}},"272":{"start":{"line":273,"column":0},"end":{"line":273,"column":21}},"273":{"start":{"line":274,"column":0},"end":{"line":274,"column":24}},"274":{"start":{"line":275,"column":0},"end":{"line":275,"column":37}},"275":{"start":{"line":276,"column":0},"end":{"line":276,"column":70}},"276":{"start":{"line":277,"column":0},"end":{"line":277,"column":26}},"277":{"start":{"line":278,"column":0},"end":{"line":278,"column":53}},"278":{"start":{"line":279,"column":0},"end":{"line":279,"column":16}},"279":{"start":{"line":280,"column":0},"end":{"line":280,"column":63}},"280":{"start":{"line":281,"column":0},"end":{"line":281,"column":9}},"281":{"start":{"line":282,"column":0},"end":{"line":282,"column":14}},"282":{"start":{"line":283,"column":0},"end":{"line":283,"column":15}},"283":{"start":{"line":284,"column":0},"end":{"line":284,"column":17}},"284":{"start":{"line":285,"column":0},"end":{"line":285,"column":57}},"285":{"start":{"line":286,"column":0},"end":{"line":286,"column":14}},"286":{"start":{"line":287,"column":0},"end":{"line":287,"column":15}},"287":{"start":{"line":288,"column":0},"end":{"line":288,"column":18}},"288":{"start":{"line":289,"column":0},"end":{"line":289,"column":51}},"289":{"start":{"line":290,"column":0},"end":{"line":290,"column":20}},"290":{"start":{"line":291,"column":0},"end":{"line":291,"column":14}},"291":{"start":{"line":292,"column":0},"end":{"line":292,"column":15}},"292":{"start":{"line":293,"column":0},"end":{"line":293,"column":19}},"293":{"start":{"line":294,"column":0},"end":{"line":294,"column":23}},"294":{"start":{"line":295,"column":0},"end":{"line":295,"column":52}},"295":{"start":{"line":296,"column":0},"end":{"line":296,"column":14}},"296":{"start":{"line":297,"column":0},"end":{"line":297,"column":15}},"297":{"start":{"line":298,"column":0},"end":{"line":298,"column":17}},"298":{"start":{"line":299,"column":0},"end":{"line":299,"column":52}},"299":{"start":{"line":300,"column":0},"end":{"line":300,"column":14}},"300":{"start":{"line":301,"column":0},"end":{"line":301,"column":17}},"301":{"start":{"line":302,"column":0},"end":{"line":302,"column":56}},"302":{"start":{"line":303,"column":0},"end":{"line":303,"column":24}},"303":{"start":{"line":304,"column":0},"end":{"line":304,"column":28}},"304":{"start":{"line":305,"column":0},"end":{"line":305,"column":72}},"305":{"start":{"line":306,"column":0},"end":{"line":306,"column":39}},"306":{"start":{"line":307,"column":0},"end":{"line":307,"column":16}},"307":{"start":{"line":308,"column":0},"end":{"line":308,"column":40}},"308":{"start":{"line":309,"column":0},"end":{"line":309,"column":37}},"309":{"start":{"line":310,"column":0},"end":{"line":310,"column":60}},"310":{"start":{"line":311,"column":0},"end":{"line":311,"column":31}},"311":{"start":{"line":312,"column":0},"end":{"line":312,"column":9}},"312":{"start":{"line":313,"column":0},"end":{"line":313,"column":31}},"313":{"start":{"line":314,"column":0},"end":{"line":314,"column":20}},"314":{"start":{"line":315,"column":0},"end":{"line":315,"column":53}},"315":{"start":{"line":316,"column":0},"end":{"line":316,"column":14}},"316":{"start":{"line":317,"column":0},"end":{"line":317,"column":7}},"317":{"start":{"line":318,"column":0},"end":{"line":318,"column":15}},"318":{"start":{"line":319,"column":0},"end":{"line":319,"column":23}},"319":{"start":{"line":320,"column":0},"end":{"line":320,"column":68}},"320":{"start":{"line":321,"column":0},"end":{"line":321,"column":54}},"321":{"start":{"line":322,"column":0},"end":{"line":322,"column":51}},"322":{"start":{"line":323,"column":0},"end":{"line":323,"column":26}},"323":{"start":{"line":324,"column":0},"end":{"line":324,"column":9}},"324":{"start":{"line":325,"column":0},"end":{"line":325,"column":49}},"325":{"start":{"line":326,"column":0},"end":{"line":326,"column":24}},"326":{"start":{"line":327,"column":0},"end":{"line":327,"column":14}},"327":{"start":{"line":328,"column":0},"end":{"line":328,"column":14}},"328":{"start":{"line":329,"column":0},"end":{"line":329,"column":61}},"329":{"start":{"line":330,"column":0},"end":{"line":330,"column":14}},"330":{"start":{"line":331,"column":0},"end":{"line":331,"column":5}},"331":{"start":{"line":332,"column":0},"end":{"line":332,"column":8}},"332":{"start":{"line":333,"column":0},"end":{"line":333,"column":3}},"333":{"start":{"line":334,"column":0},"end":{"line":334,"column":48}},"334":{"start":{"line":335,"column":0},"end":{"line":335,"column":45}},"335":{"start":{"line":336,"column":0},"end":{"line":336,"column":20}},"336":{"start":{"line":337,"column":0},"end":{"line":337,"column":3}},"337":{"start":{"line":338,"column":0},"end":{"line":338,"column":47}},"338":{"start":{"line":339,"column":0},"end":{"line":339,"column":41}},"339":{"start":{"line":340,"column":0},"end":{"line":340,"column":3}},"340":{"start":{"line":341,"column":0},"end":{"line":341,"column":10}},"341":{"start":{"line":342,"column":0},"end":{"line":342,"column":16}},"342":{"start":{"line":343,"column":0},"end":{"line":343,"column":22}},"343":{"start":{"line":344,"column":0},"end":{"line":344,"column":4}},"344":{"start":{"line":345,"column":0},"end":{"line":345,"column":2}},"345":{"start":{"line":346,"column":0},"end":{"line":346,"column":0}},"346":{"start":{"line":347,"column":0},"end":{"line":347,"column":24}},"347":{"start":{"line":348,"column":0},"end":{"line":348,"column":0}},"348":{"start":{"line":349,"column":0},"end":{"line":349,"column":26}}},"s":{"0":1,"1":1,"2":1,"3":1,"4":1,"5":1,"6":1,"7":1,"8":1,"9":1,"10":1,"11":1,"12":1,"13":1,"14":1,"15":1,"16":1,"17":1,"18":1,"19":1,"20":1,"21":8,"22":8,"23":6,"24":6,"25":6,"26":6,"27":6,"28":4,"29":4,"30":4,"31":3,"32":3,"33":3,"34":3,"35":3,"36":3,"37":8,"38":8,"39":1,"40":1,"41":1,"42":1,"43":1,"44":1,"45":1,"46":4,"47":4,"48":1,"49":1,"50":3,"51":3,"52":3,"53":3,"54":3,"55":1,"56":1,"57":1,"58":1,"59":1,"60":1,"61":1,"62":188,"63":188,"64":78,"65":78,"66":78,"67":78,"68":188,"69":1,"70":1,"71":1,"72":1,"73":1,"74":1,"75":1,"76":1,"77":8,"78":8,"79":27,"80":27,"81":19,"82":19,"83":19,"84":0,"85":19,"86":0,"87":0,"88":27,"89":8,"90":8,"91":1,"92":1,"93":1,"94":1,"95":1,"96":1,"97":1,"98":1,"99":13,"100":13,"101":13,"102":5,"103":5,"104":4,"105":4,"106":4,"107":2,"108":2,"109":2,"110":4,"111":2,"112":2,"113":0,"114":0,"115":0,"116":0,"117":4,"118":5,"119":13,"120":13,"121":1,"122":1,"123":1,"124":1,"125":1,"126":1,"127":1,"128":1,"129":1,"130":1,"131":5,"132":5,"133":5,"134":5,"135":5,"136":5,"137":5,"138":0,"139":0,"140":0,"141":0,"142":0,"143":0,"144":0,"145":0,"146":0,"147":0,"148":0,"149":0,"150":5,"151":5,"152":5,"153":1,"154":1,"155":1,"156":1,"157":1,"158":1,"159":1,"160":8,"161":8,"162":8,"163":8,"164":8,"165":8,"166":1,"167":1,"168":1,"169":1,"170":33,"171":33,"172":33,"173":33,"174":33,"175":33,"176":33,"177":33,"178":33,"179":33,"180":33,"181":76,"182":76,"183":38,"184":38,"185":38,"186":38,"187":38,"188":38,"189":38,"190":38,"191":38,"192":38,"193":38,"194":76,"195":76,"196":33,"197":33,"198":76,"199":76,"200":76,"201":33,"202":33,"203":277,"204":277,"205":277,"206":277,"207":23,"208":23,"209":23,"210":23,"211":254,"212":254,"213":254,"214":254,"215":254,"216":254,"217":254,"218":254,"219":254,"220":254,"221":254,"222":254,"223":254,"224":254,"225":254,"226":254,"227":254,"228":254,"229":254,"230":254,"231":254,"232":254,"233":254,"234":254,"235":254,"236":254,"237":254,"238":254,"239":254,"240":254,"241":254,"242":254,"243":254,"244":254,"245":254,"246":254,"247":254,"248":254,"249":254,"250":254,"251":254,"252":254,"253":254,"254":254,"255":254,"256":254,"257":254,"258":254,"259":254,"260":254,"261":254,"262":254,"263":254,"264":254,"265":254,"266":254,"267":254,"268":254,"269":254,"270":254,"271":254,"272":254,"273":254,"274":254,"275":254,"276":254,"277":254,"278":254,"279":254,"280":254,"281":254,"282":254,"283":254,"284":254,"285":254,"286":254,"287":254,"288":254,"289":254,"290":254,"291":254,"292":254,"293":254,"294":254,"295":254,"296":254,"297":254,"298":254,"299":254,"300":254,"301":254,"302":254,"303":254,"304":254,"305":254,"306":254,"307":254,"308":254,"309":254,"310":254,"311":254,"312":254,"313":254,"314":254,"315":254,"316":254,"317":254,"318":254,"319":254,"320":254,"321":254,"322":254,"323":254,"324":254,"325":254,"326":254,"327":254,"328":254,"329":254,"330":254,"331":254,"332":254,"333":33,"334":3,"335":3,"336":3,"337":33,"338":0,"339":0,"340":33,"341":33,"342":33,"343":33,"344":33,"345":1,"346":1,"347":1,"348":1},"branchMap":{"0":{"type":"branch","line":21,"loc":{"start":{"line":21,"column":23},"end":{"line":39,"column":2}},"locations":[{"start":{"line":21,"column":23},"end":{"line":39,"column":2}}]},"1":{"type":"branch","line":23,"loc":{"start":{"line":23,"column":25},"end":{"line":28,"column":9}},"locations":[{"start":{"line":23,"column":25},"end":{"line":28,"column":9}}]},"2":{"type":"branch","line":23,"loc":{"start":{"line":23,"column":2},"end":{"line":37,"column":3}},"locations":[{"start":{"line":23,"column":2},"end":{"line":37,"column":3}}]},"3":{"type":"branch","line":28,"loc":{"start":{"line":28,"column":34},"end":{"line":31,"column":9}},"locations":[{"start":{"line":28,"column":34},"end":{"line":31,"column":9}}]},"4":{"type":"branch","line":28,"loc":{"start":{"line":28,"column":9},"end":{"line":37,"column":3}},"locations":[{"start":{"line":28,"column":9},"end":{"line":37,"column":3}}]},"5":{"type":"branch","line":31,"loc":{"start":{"line":31,"column":33},"end":{"line":34,"column":9}},"locations":[{"start":{"line":31,"column":33},"end":{"line":34,"column":9}}]},"6":{"type":"branch","line":31,"loc":{"start":{"line":31,"column":9},"end":{"line":37,"column":3}},"locations":[{"start":{"line":31,"column":9},"end":{"line":37,"column":3}}]},"7":{"type":"branch","line":46,"loc":{"start":{"line":46,"column":27},"end":{"line":55,"column":2}},"locations":[{"start":{"line":46,"column":27},"end":{"line":55,"column":2}}]},"8":{"type":"branch","line":48,"loc":{"start":{"line":48,"column":6},"end":{"line":48,"column":50}},"locations":[{"start":{"line":48,"column":6},"end":{"line":48,"column":50}}]},"9":{"type":"branch","line":48,"loc":{"start":{"line":48,"column":50},"end":{"line":50,"column":3}},"locations":[{"start":{"line":48,"column":50},"end":{"line":50,"column":3}}]},"10":{"type":"branch","line":51,"loc":{"start":{"line":51,"column":-1},"end":{"line":55,"column":2}},"locations":[{"start":{"line":51,"column":-1},"end":{"line":55,"column":2}}]},"11":{"type":"branch","line":62,"loc":{"start":{"line":62,"column":35},"end":{"line":69,"column":2}},"locations":[{"start":{"line":62,"column":35},"end":{"line":69,"column":2}}]},"12":{"type":"branch","line":64,"loc":{"start":{"line":64,"column":14},"end":{"line":64,"column":25}},"locations":[{"start":{"line":64,"column":14},"end":{"line":64,"column":25}}]},"13":{"type":"branch","line":64,"loc":{"start":{"line":64,"column":32},"end":{"line":66,"column":9}},"locations":[{"start":{"line":64,"column":32},"end":{"line":66,"column":9}}]},"14":{"type":"branch","line":64,"loc":{"start":{"line":64,"column":2},"end":{"line":68,"column":3}},"locations":[{"start":{"line":64,"column":2},"end":{"line":68,"column":3}}]},"15":{"type":"branch","line":77,"loc":{"start":{"line":77,"column":24},"end":{"line":91,"column":2}},"locations":[{"start":{"line":77,"column":24},"end":{"line":91,"column":2}}]},"16":{"type":"branch","line":79,"loc":{"start":{"line":79,"column":46},"end":{"line":89,"column":3}},"locations":[{"start":{"line":79,"column":46},"end":{"line":89,"column":3}}]},"17":{"type":"branch","line":81,"loc":{"start":{"line":81,"column":22},"end":{"line":84,"column":11}},"locations":[{"start":{"line":81,"column":22},"end":{"line":84,"column":11}}]},"18":{"type":"branch","line":81,"loc":{"start":{"line":81,"column":4},"end":{"line":88,"column":5}},"locations":[{"start":{"line":81,"column":4},"end":{"line":88,"column":5}}]},"19":{"type":"branch","line":84,"loc":{"start":{"line":84,"column":29},"end":{"line":86,"column":11}},"locations":[{"start":{"line":84,"column":29},"end":{"line":86,"column":11}}]},"20":{"type":"branch","line":86,"loc":{"start":{"line":86,"column":15},"end":{"line":86,"column":49}},"locations":[{"start":{"line":86,"column":15},"end":{"line":86,"column":49}}]},"21":{"type":"branch","line":86,"loc":{"start":{"line":86,"column":49},"end":{"line":88,"column":5}},"locations":[{"start":{"line":86,"column":49},"end":{"line":88,"column":5}}]},"22":{"type":"branch","line":99,"loc":{"start":{"line":99,"column":31},"end":{"line":121,"column":2}},"locations":[{"start":{"line":99,"column":31},"end":{"line":121,"column":2}}]},"23":{"type":"branch","line":102,"loc":{"start":{"line":102,"column":21},"end":{"line":119,"column":3}},"locations":[{"start":{"line":102,"column":21},"end":{"line":119,"column":3}}]},"24":{"type":"branch","line":104,"loc":{"start":{"line":104,"column":23},"end":{"line":106,"column":11}},"locations":[{"start":{"line":104,"column":23},"end":{"line":106,"column":11}}]},"25":{"type":"branch","line":104,"loc":{"start":{"line":104,"column":4},"end":{"line":118,"column":5}},"locations":[{"start":{"line":104,"column":4},"end":{"line":118,"column":5}}]},"26":{"type":"branch","line":107,"loc":{"start":{"line":107,"column":25},"end":{"line":110,"column":7}},"locations":[{"start":{"line":107,"column":25},"end":{"line":110,"column":7}}]},"27":{"type":"branch","line":111,"loc":{"start":{"line":111,"column":25},"end":{"line":117,"column":7}},"locations":[{"start":{"line":111,"column":25},"end":{"line":117,"column":7}}]},"28":{"type":"branch","line":113,"loc":{"start":{"line":113,"column":13},"end":{"line":117,"column":7}},"locations":[{"start":{"line":113,"column":13},"end":{"line":117,"column":7}}]},"29":{"type":"branch","line":131,"loc":{"start":{"line":131,"column":26},"end":{"line":153,"column":2}},"locations":[{"start":{"line":131,"column":26},"end":{"line":153,"column":2}}]},"30":{"type":"branch","line":143,"loc":{"start":{"line":143,"column":38},"end":{"line":145,"column":13}},"locations":[{"start":{"line":143,"column":38},"end":{"line":145,"column":13}}]},"31":{"type":"branch","line":143,"loc":{"start":{"line":143,"column":6},"end":{"line":147,"column":7}},"locations":[{"start":{"line":143,"column":6},"end":{"line":147,"column":7}}]},"32":{"type":"branch","line":138,"loc":{"start":{"line":138,"column":4},"end":{"line":150,"column":5}},"locations":[{"start":{"line":138,"column":4},"end":{"line":150,"column":5}}]},"33":{"type":"branch","line":160,"loc":{"start":{"line":160,"column":27},"end":{"line":166,"column":2}},"locations":[{"start":{"line":160,"column":27},"end":{"line":166,"column":2}}]},"34":{"type":"branch","line":164,"loc":{"start":{"line":164,"column":13},"end":{"line":164,"column":26}},"locations":[{"start":{"line":164,"column":13},"end":{"line":164,"column":26}}]},"35":{"type":"branch","line":164,"loc":{"start":{"line":164,"column":13},"end":{"line":164,"column":28}},"locations":[{"start":{"line":164,"column":13},"end":{"line":164,"column":28}}]},"36":{"type":"branch","line":170,"loc":{"start":{"line":170,"column":17},"end":{"line":345,"column":2}},"locations":[{"start":{"line":170,"column":17},"end":{"line":345,"column":2}}]},"37":{"type":"branch","line":203,"loc":{"start":{"line":203,"column":16},"end":{"line":333,"column":3}},"locations":[{"start":{"line":203,"column":16},"end":{"line":333,"column":3}}]},"38":{"type":"branch","line":207,"loc":{"start":{"line":207,"column":8},"end":{"line":207,"column":41}},"locations":[{"start":{"line":207,"column":8},"end":{"line":207,"column":41}}]},"39":{"type":"branch","line":207,"loc":{"start":{"line":207,"column":81},"end":{"line":211,"column":5}},"locations":[{"start":{"line":207,"column":81},"end":{"line":211,"column":5}}]},"40":{"type":"branch","line":212,"loc":{"start":{"line":212,"column":-1},"end":{"line":213,"column":11}},"locations":[{"start":{"line":212,"column":-1},"end":{"line":213,"column":11}}]},"41":{"type":"branch","line":213,"loc":{"start":{"line":213,"column":6},"end":{"line":215,"column":14}},"locations":[{"start":{"line":213,"column":6},"end":{"line":215,"column":14}}]},"42":{"type":"branch","line":216,"loc":{"start":{"line":216,"column":6},"end":{"line":223,"column":14}},"locations":[{"start":{"line":216,"column":6},"end":{"line":223,"column":14}}]},"43":{"type":"branch","line":220,"loc":{"start":{"line":220,"column":13},"end":{"line":220,"column":36}},"locations":[{"start":{"line":220,"column":13},"end":{"line":220,"column":36}}]},"44":{"type":"branch","line":220,"loc":{"start":{"line":220,"column":13},"end":{"line":220,"column":38}},"locations":[{"start":{"line":220,"column":13},"end":{"line":220,"column":38}}]},"45":{"type":"branch","line":224,"loc":{"start":{"line":224,"column":6},"end":{"line":233,"column":14}},"locations":[{"start":{"line":224,"column":6},"end":{"line":233,"column":14}}]},"46":{"type":"branch","line":227,"loc":{"start":{"line":227,"column":8},"end":{"line":232,"column":9}},"locations":[{"start":{"line":227,"column":8},"end":{"line":232,"column":9}}]},"47":{"type":"branch","line":234,"loc":{"start":{"line":234,"column":6},"end":{"line":245,"column":14}},"locations":[{"start":{"line":234,"column":6},"end":{"line":245,"column":14}}]},"48":{"type":"branch","line":239,"loc":{"start":{"line":239,"column":8},"end":{"line":244,"column":9}},"locations":[{"start":{"line":239,"column":8},"end":{"line":244,"column":9}}]},"49":{"type":"branch","line":246,"loc":{"start":{"line":246,"column":6},"end":{"line":249,"column":14}},"locations":[{"start":{"line":246,"column":6},"end":{"line":249,"column":14}}]},"50":{"type":"branch","line":250,"loc":{"start":{"line":250,"column":6},"end":{"line":253,"column":14}},"locations":[{"start":{"line":250,"column":6},"end":{"line":253,"column":14}}]},"51":{"type":"branch","line":254,"loc":{"start":{"line":254,"column":6},"end":{"line":260,"column":14}},"locations":[{"start":{"line":254,"column":6},"end":{"line":260,"column":14}}]},"52":{"type":"branch","line":257,"loc":{"start":{"line":257,"column":44},"end":{"line":259,"column":9}},"locations":[{"start":{"line":257,"column":44},"end":{"line":259,"column":9}}]},"53":{"type":"branch","line":261,"loc":{"start":{"line":261,"column":6},"end":{"line":271,"column":14}},"locations":[{"start":{"line":261,"column":6},"end":{"line":271,"column":14}}]},"54":{"type":"branch","line":265,"loc":{"start":{"line":265,"column":8},"end":{"line":270,"column":9}},"locations":[{"start":{"line":265,"column":8},"end":{"line":270,"column":9}}]},"55":{"type":"branch","line":272,"loc":{"start":{"line":272,"column":6},"end":{"line":282,"column":14}},"locations":[{"start":{"line":272,"column":6},"end":{"line":282,"column":14}}]},"56":{"type":"branch","line":275,"loc":{"start":{"line":275,"column":8},"end":{"line":281,"column":9}},"locations":[{"start":{"line":275,"column":8},"end":{"line":281,"column":9}}]},"57":{"type":"branch","line":283,"loc":{"start":{"line":283,"column":6},"end":{"line":286,"column":14}},"locations":[{"start":{"line":283,"column":6},"end":{"line":286,"column":14}}]},"58":{"type":"branch","line":287,"loc":{"start":{"line":287,"column":6},"end":{"line":291,"column":14}},"locations":[{"start":{"line":287,"column":6},"end":{"line":291,"column":14}}]},"59":{"type":"branch","line":292,"loc":{"start":{"line":292,"column":6},"end":{"line":296,"column":14}},"locations":[{"start":{"line":292,"column":6},"end":{"line":296,"column":14}}]},"60":{"type":"branch","line":297,"loc":{"start":{"line":297,"column":6},"end":{"line":300,"column":14}},"locations":[{"start":{"line":297,"column":6},"end":{"line":300,"column":14}}]},"61":{"type":"branch","line":301,"loc":{"start":{"line":301,"column":6},"end":{"line":317,"column":7}},"locations":[{"start":{"line":301,"column":6},"end":{"line":317,"column":7}}]},"62":{"type":"branch","line":304,"loc":{"start":{"line":304,"column":27},"end":{"line":307,"column":15}},"locations":[{"start":{"line":304,"column":27},"end":{"line":307,"column":15}}]},"63":{"type":"branch","line":306,"loc":{"start":{"line":306,"column":15},"end":{"line":306,"column":37}},"locations":[{"start":{"line":306,"column":15},"end":{"line":306,"column":37}}]},"64":{"type":"branch","line":306,"loc":{"start":{"line":306,"column":15},"end":{"line":306,"column":39}},"locations":[{"start":{"line":306,"column":15},"end":{"line":306,"column":39}}]},"65":{"type":"branch","line":304,"loc":{"start":{"line":304,"column":8},"end":{"line":312,"column":9}},"locations":[{"start":{"line":304,"column":8},"end":{"line":312,"column":9}}]},"66":{"type":"branch","line":309,"loc":{"start":{"line":309,"column":28},"end":{"line":309,"column":35}},"locations":[{"start":{"line":309,"column":28},"end":{"line":309,"column":35}}]},"67":{"type":"branch","line":309,"loc":{"start":{"line":309,"column":28},"end":{"line":309,"column":37}},"locations":[{"start":{"line":309,"column":28},"end":{"line":309,"column":37}}]},"68":{"type":"branch","line":310,"loc":{"start":{"line":310,"column":34},"end":{"line":310,"column":47}},"locations":[{"start":{"line":310,"column":34},"end":{"line":310,"column":47}}]},"69":{"type":"branch","line":310,"loc":{"start":{"line":310,"column":34},"end":{"line":310,"column":51}},"locations":[{"start":{"line":310,"column":34},"end":{"line":310,"column":51}}]},"70":{"type":"branch","line":311,"loc":{"start":{"line":311,"column":22},"end":{"line":311,"column":29}},"locations":[{"start":{"line":311,"column":22},"end":{"line":311,"column":29}}]},"71":{"type":"branch","line":311,"loc":{"start":{"line":311,"column":22},"end":{"line":311,"column":31}},"locations":[{"start":{"line":311,"column":22},"end":{"line":311,"column":31}}]},"72":{"type":"branch","line":315,"loc":{"start":{"line":315,"column":17},"end":{"line":315,"column":45}},"locations":[{"start":{"line":315,"column":17},"end":{"line":315,"column":45}}]},"73":{"type":"branch","line":315,"loc":{"start":{"line":315,"column":17},"end":{"line":315,"column":53}},"locations":[{"start":{"line":315,"column":17},"end":{"line":315,"column":53}}]},"74":{"type":"branch","line":318,"loc":{"start":{"line":318,"column":6},"end":{"line":327,"column":14}},"locations":[{"start":{"line":318,"column":6},"end":{"line":327,"column":14}}]},"75":{"type":"branch","line":321,"loc":{"start":{"line":321,"column":53},"end":{"line":324,"column":9}},"locations":[{"start":{"line":321,"column":53},"end":{"line":324,"column":9}}]},"76":{"type":"branch","line":328,"loc":{"start":{"line":328,"column":6},"end":{"line":330,"column":14}},"locations":[{"start":{"line":328,"column":6},"end":{"line":330,"column":14}}]},"77":{"type":"branch","line":212,"loc":{"start":{"line":212,"column":4},"end":{"line":333,"column":3}},"locations":[{"start":{"line":212,"column":4},"end":{"line":333,"column":3}}]},"78":{"type":"branch","line":334,"loc":{"start":{"line":334,"column":24},"end":{"line":334,"column":37}},"locations":[{"start":{"line":334,"column":24},"end":{"line":334,"column":37}}]},"79":{"type":"branch","line":334,"loc":{"start":{"line":334,"column":47},"end":{"line":337,"column":3}},"locations":[{"start":{"line":334,"column":47},"end":{"line":337,"column":3}}]},"80":{"type":"branch","line":338,"loc":{"start":{"line":338,"column":46},"end":{"line":340,"column":3}},"locations":[{"start":{"line":338,"column":46},"end":{"line":340,"column":3}}]},"81":{"type":"branch","line":181,"loc":{"start":{"line":181,"column":20},"end":{"line":196,"column":4}},"locations":[{"start":{"line":181,"column":20},"end":{"line":196,"column":4}}]},"82":{"type":"branch","line":183,"loc":{"start":{"line":183,"column":12},"end":{"line":194,"column":5}},"locations":[{"start":{"line":183,"column":12},"end":{"line":194,"column":5}}]},"83":{"type":"branch","line":198,"loc":{"start":{"line":198,"column":29},"end":{"line":201,"column":4}},"locations":[{"start":{"line":198,"column":29},"end":{"line":201,"column":4}}]},"84":{"type":"branch","line":199,"loc":{"start":{"line":199,"column":23},"end":{"line":199,"column":71}},"locations":[{"start":{"line":199,"column":23},"end":{"line":199,"column":71}}]},"85":{"type":"branch","line":199,"loc":{"start":{"line":199,"column":23},"end":{"line":199,"column":74}},"locations":[{"start":{"line":199,"column":23},"end":{"line":199,"column":74}}]},"86":{"type":"branch","line":200,"loc":{"start":{"line":200,"column":11},"end":{"line":200,"column":46}},"locations":[{"start":{"line":200,"column":11},"end":{"line":200,"column":46}}]},"87":{"type":"branch","line":200,"loc":{"start":{"line":200,"column":11},"end":{"line":200,"column":78}},"locations":[{"start":{"line":200,"column":11},"end":{"line":200,"column":78}}]}},"b":{"0":[8],"1":[2],"2":[6],"3":[2],"4":[4],"5":[1],"6":[3],"7":[4],"8":[3],"9":[1],"10":[3],"11":[188],"12":[120],"13":[110],"14":[78],"15":[8],"16":[27],"17":[8],"18":[19],"19":[0],"20":[7],"21":[0],"22":[13],"23":[5],"24":[1],"25":[4],"26":[2],"27":[2],"28":[0],"29":[5],"30":[4],"31":[1],"32":[0],"33":[8],"34":[5],"35":[3],"36":[33],"37":[277],"38":[40],"39":[23],"40":[254],"41":[8],"42":[9],"43":[1],"44":[8],"45":[9],"46":[0],"47":[5],"48":[0],"49":[1],"50":[3],"51":[4],"52":[1],"53":[8],"54":[0],"55":[8],"56":[0],"57":[1],"58":[8],"59":[1],"60":[1],"61":[13],"62":[4],"63":[2],"64":[2],"65":[9],"66":[8],"67":[1],"68":[8],"69":[1],"70":[8],"71":[1],"72":[4],"73":[9],"74":[13],"75":[5],"76":[162],"77":[254],"78":[3],"79":[3],"80":[0],"81":[76],"82":[38],"83":[76],"84":[46],"85":[30],"86":[46],"87":[30]},"fnMap":{"0":{"name":"handlerEscapes","decl":{"start":{"line":21,"column":23},"end":{"line":39,"column":2}},"loc":{"start":{"line":21,"column":23},"end":{"line":39,"column":2}},"line":21},"1":{"name":"TokenQIsQuantifier","decl":{"start":{"line":46,"column":27},"end":{"line":55,"column":2}},"loc":{"start":{"line":46,"column":27},"end":{"line":55,"column":2}},"line":46},"2":{"name":"mkCharsNodeIntoExpNodeList","decl":{"start":{"line":62,"column":35},"end":{"line":69,"column":2}},"loc":{"start":{"line":62,"column":35},"end":{"line":69,"column":2}},"line":62},"3":{"name":"isQuantifierExp","decl":{"start":{"line":77,"column":24},"end":{"line":91,"column":2}},"loc":{"start":{"line":77,"column":24},"end":{"line":91,"column":2}},"line":77},"4":{"name":"handleGroupOrAssertExp","decl":{"start":{"line":99,"column":31},"end":{"line":121,"column":2}},"loc":{"start":{"line":99,"column":31},"end":{"line":121,"column":2}},"line":99},"5":{"name":"parseRangeCharExp","decl":{"start":{"line":131,"column":26},"end":{"line":153,"column":2}},"loc":{"start":{"line":131,"column":26},"end":{"line":153,"column":2}},"line":131},"6":{"name":"parseQuantifierExp","decl":{"start":{"line":160,"column":27},"end":{"line":166,"column":2}},"loc":{"start":{"line":160,"column":27},"end":{"line":166,"column":2}},"line":160},"7":{"name":"parseExp","decl":{"start":{"line":170,"column":17},"end":{"line":345,"column":2}},"loc":{"start":{"line":170,"column":17},"end":{"line":345,"column":2}},"line":170},"8":{"name":"setStacks","decl":{"start":{"line":181,"column":20},"end":{"line":196,"column":4}},"loc":{"start":{"line":181,"column":20},"end":{"line":196,"column":4}},"line":181},"9":{"name":"getLastNodeInStack","decl":{"start":{"line":198,"column":29},"end":{"line":201,"column":4}},"loc":{"start":{"line":198,"column":29},"end":{"line":201,"column":4}},"line":198}},"f":{"0":8,"1":4,"2":188,"3":8,"4":13,"5":5,"6":8,"7":33,"8":76,"9":76}}
}
