{"/Users/xixixi/project/private/regular-expression/src/DescribeChar.js": {"path":"/Users/xixixi/project/private/regular-expression/src/DescribeChar.js","all":false,"statementMap":{"0":{"start":{"line":1,"column":0},"end":{"line":1,"column":23}},"1":{"start":{"line":2,"column":0},"end":{"line":2,"column":6}},"2":{"start":{"line":3,"column":0},"end":{"line":3,"column":6}},"3":{"start":{"line":4,"column":0},"end":{"line":4,"column":6}},"4":{"start":{"line":5,"column":0},"end":{"line":5,"column":6}},"5":{"start":{"line":6,"column":0},"end":{"line":6,"column":5}},"6":{"start":{"line":7,"column":0},"end":{"line":7,"column":2}},"7":{"start":{"line":8,"column":0},"end":{"line":8,"column":0}},"8":{"start":{"line":9,"column":0},"end":{"line":9,"column":22}},"9":{"start":{"line":10,"column":0},"end":{"line":10,"column":6}},"10":{"start":{"line":11,"column":0},"end":{"line":11,"column":6}},"11":{"start":{"line":12,"column":0},"end":{"line":12,"column":6}},"12":{"start":{"line":13,"column":0},"end":{"line":13,"column":6}},"13":{"start":{"line":14,"column":0},"end":{"line":14,"column":6}},"14":{"start":{"line":15,"column":0},"end":{"line":15,"column":6}},"15":{"start":{"line":16,"column":0},"end":{"line":16,"column":6}},"16":{"start":{"line":17,"column":0},"end":{"line":17,"column":6}},"17":{"start":{"line":18,"column":0},"end":{"line":18,"column":6}},"18":{"start":{"line":19,"column":0},"end":{"line":19,"column":6}},"19":{"start":{"line":20,"column":0},"end":{"line":20,"column":6}},"20":{"start":{"line":21,"column":0},"end":{"line":21,"column":2}},"21":{"start":{"line":22,"column":0},"end":{"line":22,"column":0}},"22":{"start":{"line":23,"column":0},"end":{"line":23,"column":0}},"23":{"start":{"line":24,"column":0},"end":{"line":24,"column":0}},"24":{"start":{"line":25,"column":0},"end":{"line":25,"column":18}},"25":{"start":{"line":26,"column":0},"end":{"line":26,"column":16}},"26":{"start":{"line":27,"column":0},"end":{"line":27,"column":14}},"27":{"start":{"line":28,"column":0},"end":{"line":28,"column":2}}},"s":{"0":1,"1":1,"2":1,"3":1,"4":1,"5":1,"6":1,"7":1,"8":1,"9":1,"10":1,"11":1,"12":1,"13":1,"14":1,"15":1,"16":1,"17":1,"18":1,"19":1,"20":1,"21":1,"22":1,"23":1,"24":1,"25":1,"26":1,"27":1},"branchMap":{},"b":{},"fnMap":{},"f":{}}
,"/Users/xixixi/project/private/regular-expression/src/index.js": {"path":"/Users/xixixi/project/private/regular-expression/src/index.js","all":false,"statementMap":{"0":{"start":{"line":1,"column":0},"end":{"line":1,"column":47}},"1":{"start":{"line":2,"column":0},"end":{"line":2,"column":0}},"2":{"start":{"line":3,"column":0},"end":{"line":3,"column":39}},"3":{"start":{"line":4,"column":0},"end":{"line":4,"column":0}},"4":{"start":{"line":5,"column":0},"end":{"line":5,"column":0}},"5":{"start":{"line":6,"column":0},"end":{"line":6,"column":0}},"6":{"start":{"line":7,"column":0},"end":{"line":7,"column":25}},"7":{"start":{"line":8,"column":0},"end":{"line":8,"column":31}},"8":{"start":{"line":9,"column":0},"end":{"line":9,"column":27}},"9":{"start":{"line":10,"column":0},"end":{"line":10,"column":23}},"10":{"start":{"line":11,"column":0},"end":{"line":11,"column":9}},"11":{"start":{"line":12,"column":0},"end":{"line":12,"column":18}},"12":{"start":{"line":13,"column":0},"end":{"line":13,"column":14}},"13":{"start":{"line":14,"column":0},"end":{"line":14,"column":30}},"14":{"start":{"line":15,"column":0},"end":{"line":15,"column":35}},"15":{"start":{"line":16,"column":0},"end":{"line":16,"column":29}},"16":{"start":{"line":17,"column":0},"end":{"line":17,"column":23}},"17":{"start":{"line":18,"column":0},"end":{"line":18,"column":23}},"18":{"start":{"line":19,"column":0},"end":{"line":19,"column":3}},"19":{"start":{"line":20,"column":0},"end":{"line":20,"column":0}},"20":{"start":{"line":21,"column":0},"end":{"line":21,"column":31}},"21":{"start":{"line":22,"column":0},"end":{"line":22,"column":33}},"22":{"start":{"line":23,"column":0},"end":{"line":23,"column":3}},"23":{"start":{"line":24,"column":0},"end":{"line":24,"column":4}},"24":{"start":{"line":25,"column":0},"end":{"line":25,"column":14}},"25":{"start":{"line":26,"column":0},"end":{"line":26,"column":26}},"26":{"start":{"line":27,"column":0},"end":{"line":27,"column":3}},"27":{"start":{"line":28,"column":0},"end":{"line":28,"column":0}},"28":{"start":{"line":29,"column":0},"end":{"line":29,"column":12}},"29":{"start":{"line":30,"column":0},"end":{"line":30,"column":41}},"30":{"start":{"line":31,"column":0},"end":{"line":31,"column":69}},"31":{"start":{"line":32,"column":0},"end":{"line":32,"column":18}},"32":{"start":{"line":33,"column":0},"end":{"line":33,"column":3}},"33":{"start":{"line":34,"column":0},"end":{"line":34,"column":1}},"34":{"start":{"line":35,"column":0},"end":{"line":35,"column":0}},"35":{"start":{"line":36,"column":0},"end":{"line":36,"column":63}},"36":{"start":{"line":37,"column":0},"end":{"line":37,"column":65}},"37":{"start":{"line":38,"column":0},"end":{"line":38,"column":0}},"38":{"start":{"line":39,"column":0},"end":{"line":39,"column":35}}},"s":{"0":1,"1":1,"2":1,"3":1,"4":1,"5":1,"6":1,"7":1,"8":109,"9":109,"10":109,"11":109,"12":109,"13":109,"14":109,"15":109,"16":109,"17":109,"18":109,"19":1,"20":1,"21":0,"22":0,"23":1,"24":1,"25":109,"26":109,"27":1,"28":1,"29":109,"30":109,"31":109,"32":109,"33":1,"34":1,"35":1,"36":1,"37":1,"38":1},"branchMap":{"0":{"type":"branch","line":8,"loc":{"start":{"line":8,"column":2},"end":{"line":19,"column":3}},"locations":[{"start":{"line":8,"column":2},"end":{"line":19,"column":3}}]},"1":{"type":"branch","line":25,"loc":{"start":{"line":25,"column":2},"end":{"line":27,"column":3}},"locations":[{"start":{"line":25,"column":2},"end":{"line":27,"column":3}}]},"2":{"type":"branch","line":29,"loc":{"start":{"line":29,"column":2},"end":{"line":33,"column":3}},"locations":[{"start":{"line":29,"column":2},"end":{"line":33,"column":3}}]}},"b":{"0":[109],"1":[109],"2":[109]},"fnMap":{"0":{"name":"RegularExpression","decl":{"start":{"line":8,"column":2},"end":{"line":19,"column":3}},"loc":{"start":{"line":8,"column":2},"end":{"line":19,"column":3}},"line":8},"1":{"name":"generateNode","decl":{"start":{"line":21,"column":9},"end":{"line":23,"column":3}},"loc":{"start":{"line":21,"column":9},"end":{"line":23,"column":3}},"line":21},"2":{"name":"exec","decl":{"start":{"line":25,"column":2},"end":{"line":27,"column":3}},"loc":{"start":{"line":25,"column":2},"end":{"line":27,"column":3}},"line":25},"3":{"name":"run","decl":{"start":{"line":29,"column":2},"end":{"line":33,"column":3}},"loc":{"start":{"line":29,"column":2},"end":{"line":33,"column":3}},"line":29}},"f":{"0":109,"1":0,"2":109,"3":109}}
,"/Users/xixixi/project/private/regular-expression/src/match.js": {"path":"/Users/xixixi/project/private/regular-expression/src/match.js","all":false,"statementMap":{"0":{"start":{"line":1,"column":0},"end":{"line":1,"column":7}},"1":{"start":{"line":2,"column":0},"end":{"line":2,"column":16}},"2":{"start":{"line":3,"column":0},"end":{"line":3,"column":11}},"3":{"start":{"line":4,"column":0},"end":{"line":4,"column":10}},"4":{"start":{"line":5,"column":0},"end":{"line":5,"column":8}},"5":{"start":{"line":6,"column":0},"end":{"line":6,"column":13}},"6":{"start":{"line":7,"column":0},"end":{"line":7,"column":10}},"7":{"start":{"line":8,"column":0},"end":{"line":8,"column":12}},"8":{"start":{"line":9,"column":0},"end":{"line":9,"column":18}},"9":{"start":{"line":10,"column":0},"end":{"line":10,"column":10}},"10":{"start":{"line":11,"column":0},"end":{"line":11,"column":7}},"11":{"start":{"line":12,"column":0},"end":{"line":12,"column":39}},"12":{"start":{"line":13,"column":0},"end":{"line":13,"column":46}},"13":{"start":{"line":14,"column":0},"end":{"line":14,"column":0}},"14":{"start":{"line":15,"column":0},"end":{"line":15,"column":35}},"15":{"start":{"line":16,"column":0},"end":{"line":16,"column":43}},"16":{"start":{"line":17,"column":0},"end":{"line":17,"column":41}},"17":{"start":{"line":18,"column":0},"end":{"line":18,"column":43}},"18":{"start":{"line":19,"column":0},"end":{"line":19,"column":37}},"19":{"start":{"line":20,"column":0},"end":{"line":20,"column":31}},"20":{"start":{"line":21,"column":0},"end":{"line":21,"column":22}},"21":{"start":{"line":22,"column":0},"end":{"line":22,"column":3}},"22":{"start":{"line":23,"column":0},"end":{"line":23,"column":15}},"23":{"start":{"line":24,"column":0},"end":{"line":24,"column":53}},"24":{"start":{"line":25,"column":0},"end":{"line":25,"column":46}},"25":{"start":{"line":26,"column":0},"end":{"line":26,"column":33}},"26":{"start":{"line":27,"column":0},"end":{"line":27,"column":33}},"27":{"start":{"line":28,"column":0},"end":{"line":28,"column":34}},"28":{"start":{"line":29,"column":0},"end":{"line":29,"column":32}},"29":{"start":{"line":30,"column":0},"end":{"line":30,"column":33}},"30":{"start":{"line":31,"column":0},"end":{"line":31,"column":45}},"31":{"start":{"line":32,"column":0},"end":{"line":32,"column":32}},"32":{"start":{"line":33,"column":0},"end":{"line":33,"column":34}},"33":{"start":{"line":34,"column":0},"end":{"line":34,"column":87}},"34":{"start":{"line":35,"column":0},"end":{"line":35,"column":34}},"35":{"start":{"line":36,"column":0},"end":{"line":36,"column":48}},"36":{"start":{"line":37,"column":0},"end":{"line":37,"column":57}},"37":{"start":{"line":38,"column":0},"end":{"line":38,"column":3}},"38":{"start":{"line":39,"column":0},"end":{"line":39,"column":9}},"39":{"start":{"line":40,"column":0},"end":{"line":40,"column":22}},"40":{"start":{"line":41,"column":0},"end":{"line":41,"column":18}},"41":{"start":{"line":42,"column":0},"end":{"line":42,"column":37}},"42":{"start":{"line":43,"column":0},"end":{"line":43,"column":26}},"43":{"start":{"line":44,"column":0},"end":{"line":44,"column":18}},"44":{"start":{"line":45,"column":0},"end":{"line":45,"column":14}},"45":{"start":{"line":46,"column":0},"end":{"line":46,"column":7}},"46":{"start":{"line":47,"column":0},"end":{"line":47,"column":14}},"47":{"start":{"line":48,"column":0},"end":{"line":48,"column":24}},"48":{"start":{"line":49,"column":0},"end":{"line":49,"column":29}},"49":{"start":{"line":50,"column":0},"end":{"line":50,"column":5}},"50":{"start":{"line":51,"column":0},"end":{"line":51,"column":18}},"51":{"start":{"line":52,"column":0},"end":{"line":52,"column":3}},"52":{"start":{"line":53,"column":0},"end":{"line":53,"column":8}},"53":{"start":{"line":54,"column":0},"end":{"line":54,"column":57}},"54":{"start":{"line":55,"column":0},"end":{"line":55,"column":53}},"55":{"start":{"line":56,"column":0},"end":{"line":56,"column":40}},"56":{"start":{"line":57,"column":0},"end":{"line":57,"column":25}},"57":{"start":{"line":58,"column":0},"end":{"line":58,"column":19}},"58":{"start":{"line":59,"column":0},"end":{"line":59,"column":33}},"59":{"start":{"line":60,"column":0},"end":{"line":60,"column":16}},"60":{"start":{"line":61,"column":0},"end":{"line":61,"column":22}},"61":{"start":{"line":62,"column":0},"end":{"line":62,"column":33}},"62":{"start":{"line":63,"column":0},"end":{"line":63,"column":16}},"63":{"start":{"line":64,"column":0},"end":{"line":64,"column":21}},"64":{"start":{"line":65,"column":0},"end":{"line":65,"column":33}},"65":{"start":{"line":66,"column":0},"end":{"line":66,"column":16}},"66":{"start":{"line":67,"column":0},"end":{"line":67,"column":19}},"67":{"start":{"line":68,"column":0},"end":{"line":68,"column":32}},"68":{"start":{"line":69,"column":0},"end":{"line":69,"column":16}},"69":{"start":{"line":70,"column":0},"end":{"line":70,"column":24}},"70":{"start":{"line":71,"column":0},"end":{"line":71,"column":32}},"71":{"start":{"line":72,"column":0},"end":{"line":72,"column":16}},"72":{"start":{"line":73,"column":0},"end":{"line":73,"column":21}},"73":{"start":{"line":74,"column":0},"end":{"line":74,"column":33}},"74":{"start":{"line":75,"column":0},"end":{"line":75,"column":16}},"75":{"start":{"line":76,"column":0},"end":{"line":76,"column":23}},"76":{"start":{"line":77,"column":0},"end":{"line":77,"column":33}},"77":{"start":{"line":78,"column":0},"end":{"line":78,"column":16}},"78":{"start":{"line":79,"column":0},"end":{"line":79,"column":29}},"79":{"start":{"line":80,"column":0},"end":{"line":80,"column":33}},"80":{"start":{"line":81,"column":0},"end":{"line":81,"column":19}},"81":{"start":{"line":82,"column":0},"end":{"line":82,"column":21}},"82":{"start":{"line":83,"column":0},"end":{"line":83,"column":36}},"83":{"start":{"line":84,"column":0},"end":{"line":84,"column":16}},"84":{"start":{"line":85,"column":0},"end":{"line":85,"column":7}},"85":{"start":{"line":86,"column":0},"end":{"line":86,"column":25}},"86":{"start":{"line":87,"column":0},"end":{"line":87,"column":14}},"87":{"start":{"line":88,"column":0},"end":{"line":88,"column":7}},"88":{"start":{"line":89,"column":0},"end":{"line":89,"column":84}},"89":{"start":{"line":90,"column":0},"end":{"line":90,"column":48}},"90":{"start":{"line":91,"column":0},"end":{"line":91,"column":7}},"91":{"start":{"line":92,"column":0},"end":{"line":92,"column":5}},"92":{"start":{"line":93,"column":0},"end":{"line":93,"column":2}},"93":{"start":{"line":94,"column":0},"end":{"line":94,"column":71}},"94":{"start":{"line":95,"column":0},"end":{"line":95,"column":3}},"95":{"start":{"line":96,"column":0},"end":{"line":96,"column":13}},"96":{"start":{"line":97,"column":0},"end":{"line":97,"column":46}},"97":{"start":{"line":98,"column":0},"end":{"line":98,"column":5}},"98":{"start":{"line":99,"column":0},"end":{"line":99,"column":25}},"99":{"start":{"line":100,"column":0},"end":{"line":100,"column":37}},"100":{"start":{"line":101,"column":0},"end":{"line":101,"column":39}},"101":{"start":{"line":102,"column":0},"end":{"line":102,"column":35}},"102":{"start":{"line":103,"column":0},"end":{"line":103,"column":53}},"103":{"start":{"line":104,"column":0},"end":{"line":104,"column":37}},"104":{"start":{"line":105,"column":0},"end":{"line":105,"column":45}},"105":{"start":{"line":106,"column":0},"end":{"line":106,"column":37}},"106":{"start":{"line":107,"column":0},"end":{"line":107,"column":33}},"107":{"start":{"line":108,"column":0},"end":{"line":108,"column":48}},"108":{"start":{"line":109,"column":0},"end":{"line":109,"column":7}},"109":{"start":{"line":110,"column":0},"end":{"line":110,"column":6}},"110":{"start":{"line":111,"column":0},"end":{"line":111,"column":3}},"111":{"start":{"line":112,"column":0},"end":{"line":112,"column":39}},"112":{"start":{"line":113,"column":0},"end":{"line":113,"column":31}},"113":{"start":{"line":114,"column":0},"end":{"line":114,"column":57}},"114":{"start":{"line":115,"column":0},"end":{"line":115,"column":22}},"115":{"start":{"line":116,"column":0},"end":{"line":116,"column":65}},"116":{"start":{"line":117,"column":0},"end":{"line":117,"column":7}},"117":{"start":{"line":118,"column":0},"end":{"line":118,"column":40}},"118":{"start":{"line":119,"column":0},"end":{"line":119,"column":43}},"119":{"start":{"line":120,"column":0},"end":{"line":120,"column":45}},"120":{"start":{"line":121,"column":0},"end":{"line":121,"column":41}},"121":{"start":{"line":122,"column":0},"end":{"line":122,"column":59}},"122":{"start":{"line":123,"column":0},"end":{"line":123,"column":43}},"123":{"start":{"line":124,"column":0},"end":{"line":124,"column":42}},"124":{"start":{"line":125,"column":0},"end":{"line":125,"column":59}},"125":{"start":{"line":126,"column":0},"end":{"line":126,"column":20}},"126":{"start":{"line":127,"column":0},"end":{"line":127,"column":60}},"127":{"start":{"line":128,"column":0},"end":{"line":128,"column":16}},"128":{"start":{"line":129,"column":0},"end":{"line":129,"column":92}},"129":{"start":{"line":130,"column":0},"end":{"line":130,"column":9}},"130":{"start":{"line":131,"column":0},"end":{"line":131,"column":8}},"131":{"start":{"line":132,"column":0},"end":{"line":132,"column":51}},"132":{"start":{"line":133,"column":0},"end":{"line":133,"column":37}},"133":{"start":{"line":134,"column":0},"end":{"line":134,"column":70}},"134":{"start":{"line":135,"column":0},"end":{"line":135,"column":31}},"135":{"start":{"line":136,"column":0},"end":{"line":136,"column":16}},"136":{"start":{"line":137,"column":0},"end":{"line":137,"column":47}},"137":{"start":{"line":138,"column":0},"end":{"line":138,"column":43}},"138":{"start":{"line":139,"column":0},"end":{"line":139,"column":9}},"139":{"start":{"line":140,"column":0},"end":{"line":140,"column":14}},"140":{"start":{"line":141,"column":0},"end":{"line":141,"column":64}},"141":{"start":{"line":142,"column":0},"end":{"line":142,"column":7}},"142":{"start":{"line":143,"column":0},"end":{"line":143,"column":5}},"143":{"start":{"line":144,"column":0},"end":{"line":144,"column":3}},"144":{"start":{"line":145,"column":0},"end":{"line":145,"column":29}},"145":{"start":{"line":146,"column":0},"end":{"line":146,"column":26}},"146":{"start":{"line":147,"column":0},"end":{"line":147,"column":41}},"147":{"start":{"line":148,"column":0},"end":{"line":148,"column":35}},"148":{"start":{"line":149,"column":0},"end":{"line":149,"column":35}},"149":{"start":{"line":150,"column":0},"end":{"line":150,"column":45}},"150":{"start":{"line":151,"column":0},"end":{"line":151,"column":39}},"151":{"start":{"line":152,"column":0},"end":{"line":152,"column":37}},"152":{"start":{"line":153,"column":0},"end":{"line":153,"column":33}},"153":{"start":{"line":154,"column":0},"end":{"line":154,"column":33}},"154":{"start":{"line":155,"column":0},"end":{"line":155,"column":37}},"155":{"start":{"line":156,"column":0},"end":{"line":156,"column":31}},"156":{"start":{"line":157,"column":0},"end":{"line":157,"column":16}},"157":{"start":{"line":158,"column":0},"end":{"line":158,"column":7}},"158":{"start":{"line":159,"column":0},"end":{"line":159,"column":3}},"159":{"start":{"line":160,"column":0},"end":{"line":160,"column":18}},"160":{"start":{"line":161,"column":0},"end":{"line":161,"column":33}},"161":{"start":{"line":162,"column":0},"end":{"line":162,"column":35}},"162":{"start":{"line":163,"column":0},"end":{"line":163,"column":29}},"163":{"start":{"line":164,"column":0},"end":{"line":164,"column":14}},"164":{"start":{"line":165,"column":0},"end":{"line":165,"column":53}},"165":{"start":{"line":166,"column":0},"end":{"line":166,"column":35}},"166":{"start":{"line":167,"column":0},"end":{"line":167,"column":49}},"167":{"start":{"line":168,"column":0},"end":{"line":168,"column":30}},"168":{"start":{"line":169,"column":0},"end":{"line":169,"column":16}},"169":{"start":{"line":170,"column":0},"end":{"line":170,"column":31}},"170":{"start":{"line":171,"column":0},"end":{"line":171,"column":9}},"171":{"start":{"line":172,"column":0},"end":{"line":172,"column":7}},"172":{"start":{"line":173,"column":0},"end":{"line":173,"column":12}},"173":{"start":{"line":174,"column":0},"end":{"line":174,"column":44}},"174":{"start":{"line":175,"column":0},"end":{"line":175,"column":43}},"175":{"start":{"line":176,"column":0},"end":{"line":176,"column":47}},"176":{"start":{"line":177,"column":0},"end":{"line":177,"column":49}},"177":{"start":{"line":178,"column":0},"end":{"line":178,"column":43}},"178":{"start":{"line":179,"column":0},"end":{"line":179,"column":37}},"179":{"start":{"line":180,"column":0},"end":{"line":180,"column":45}},"180":{"start":{"line":181,"column":0},"end":{"line":181,"column":55}},"181":{"start":{"line":182,"column":0},"end":{"line":182,"column":47}},"182":{"start":{"line":183,"column":0},"end":{"line":183,"column":43}},"183":{"start":{"line":184,"column":0},"end":{"line":184,"column":43}},"184":{"start":{"line":185,"column":0},"end":{"line":185,"column":5}},"185":{"start":{"line":186,"column":0},"end":{"line":186,"column":3}},"186":{"start":{"line":187,"column":0},"end":{"line":187,"column":50}},"187":{"start":{"line":188,"column":0},"end":{"line":188,"column":75}},"188":{"start":{"line":189,"column":0},"end":{"line":189,"column":28}},"189":{"start":{"line":190,"column":0},"end":{"line":190,"column":29}},"190":{"start":{"line":191,"column":0},"end":{"line":191,"column":23}},"191":{"start":{"line":192,"column":0},"end":{"line":192,"column":36}},"192":{"start":{"line":193,"column":0},"end":{"line":193,"column":41}},"193":{"start":{"line":194,"column":0},"end":{"line":194,"column":43}},"194":{"start":{"line":195,"column":0},"end":{"line":195,"column":12}},"195":{"start":{"line":196,"column":0},"end":{"line":196,"column":59}},"196":{"start":{"line":197,"column":0},"end":{"line":197,"column":20}},"197":{"start":{"line":198,"column":0},"end":{"line":198,"column":5}},"198":{"start":{"line":199,"column":0},"end":{"line":199,"column":3}},"199":{"start":{"line":200,"column":0},"end":{"line":200,"column":39}},"200":{"start":{"line":201,"column":0},"end":{"line":201,"column":31}},"201":{"start":{"line":202,"column":0},"end":{"line":202,"column":18}},"202":{"start":{"line":203,"column":0},"end":{"line":203,"column":25}},"203":{"start":{"line":204,"column":0},"end":{"line":204,"column":18}},"204":{"start":{"line":205,"column":0},"end":{"line":205,"column":17}},"205":{"start":{"line":206,"column":0},"end":{"line":206,"column":37}},"206":{"start":{"line":207,"column":0},"end":{"line":207,"column":57}},"207":{"start":{"line":208,"column":0},"end":{"line":208,"column":18}},"208":{"start":{"line":209,"column":0},"end":{"line":209,"column":11}},"209":{"start":{"line":210,"column":0},"end":{"line":210,"column":18}},"210":{"start":{"line":211,"column":0},"end":{"line":211,"column":9}},"211":{"start":{"line":212,"column":0},"end":{"line":212,"column":63}},"212":{"start":{"line":213,"column":0},"end":{"line":213,"column":14}},"213":{"start":{"line":214,"column":0},"end":{"line":214,"column":19}},"214":{"start":{"line":215,"column":0},"end":{"line":215,"column":122}},"215":{"start":{"line":216,"column":0},"end":{"line":216,"column":14}},"216":{"start":{"line":217,"column":0},"end":{"line":217,"column":14}},"217":{"start":{"line":218,"column":0},"end":{"line":218,"column":50}},"218":{"start":{"line":219,"column":0},"end":{"line":219,"column":14}},"219":{"start":{"line":220,"column":0},"end":{"line":220,"column":5}},"220":{"start":{"line":221,"column":0},"end":{"line":221,"column":3}},"221":{"start":{"line":222,"column":0},"end":{"line":222,"column":21}},"222":{"start":{"line":223,"column":0},"end":{"line":223,"column":3}},"223":{"start":{"line":224,"column":0},"end":{"line":224,"column":20}},"224":{"start":{"line":225,"column":0},"end":{"line":225,"column":34}},"225":{"start":{"line":226,"column":0},"end":{"line":226,"column":24}},"226":{"start":{"line":227,"column":0},"end":{"line":227,"column":48}},"227":{"start":{"line":228,"column":0},"end":{"line":228,"column":18}},"228":{"start":{"line":229,"column":0},"end":{"line":229,"column":16}},"229":{"start":{"line":230,"column":0},"end":{"line":230,"column":36}},"230":{"start":{"line":231,"column":0},"end":{"line":231,"column":30}},"231":{"start":{"line":232,"column":0},"end":{"line":232,"column":30}},"232":{"start":{"line":233,"column":0},"end":{"line":233,"column":29}},"233":{"start":{"line":234,"column":0},"end":{"line":234,"column":42}},"234":{"start":{"line":235,"column":0},"end":{"line":235,"column":55}},"235":{"start":{"line":236,"column":0},"end":{"line":236,"column":30}},"236":{"start":{"line":237,"column":0},"end":{"line":237,"column":18}},"237":{"start":{"line":238,"column":0},"end":{"line":238,"column":35}},"238":{"start":{"line":239,"column":0},"end":{"line":239,"column":34}},"239":{"start":{"line":240,"column":0},"end":{"line":240,"column":18}},"240":{"start":{"line":241,"column":0},"end":{"line":241,"column":27}},"241":{"start":{"line":242,"column":0},"end":{"line":242,"column":31}},"242":{"start":{"line":243,"column":0},"end":{"line":243,"column":30}},"243":{"start":{"line":244,"column":0},"end":{"line":244,"column":15}},"244":{"start":{"line":245,"column":0},"end":{"line":245,"column":31}},"245":{"start":{"line":246,"column":0},"end":{"line":246,"column":32}},"246":{"start":{"line":247,"column":0},"end":{"line":247,"column":11}},"247":{"start":{"line":248,"column":0},"end":{"line":248,"column":16}},"248":{"start":{"line":249,"column":0},"end":{"line":249,"column":21}},"249":{"start":{"line":250,"column":0},"end":{"line":250,"column":32}},"250":{"start":{"line":251,"column":0},"end":{"line":251,"column":9}},"251":{"start":{"line":252,"column":0},"end":{"line":252,"column":14}},"252":{"start":{"line":253,"column":0},"end":{"line":253,"column":37}},"253":{"start":{"line":254,"column":0},"end":{"line":254,"column":38}},"254":{"start":{"line":255,"column":0},"end":{"line":255,"column":34}},"255":{"start":{"line":256,"column":0},"end":{"line":256,"column":32}},"256":{"start":{"line":257,"column":0},"end":{"line":257,"column":31}},"257":{"start":{"line":258,"column":0},"end":{"line":258,"column":44}},"258":{"start":{"line":259,"column":0},"end":{"line":259,"column":29}},"259":{"start":{"line":260,"column":0},"end":{"line":260,"column":31}},"260":{"start":{"line":261,"column":0},"end":{"line":261,"column":51}},"261":{"start":{"line":262,"column":0},"end":{"line":262,"column":27}},"262":{"start":{"line":263,"column":0},"end":{"line":263,"column":15}},"263":{"start":{"line":264,"column":0},"end":{"line":264,"column":11}},"264":{"start":{"line":265,"column":0},"end":{"line":265,"column":18}},"265":{"start":{"line":266,"column":0},"end":{"line":266,"column":49}},"266":{"start":{"line":267,"column":0},"end":{"line":267,"column":32}},"267":{"start":{"line":268,"column":0},"end":{"line":268,"column":18}},"268":{"start":{"line":269,"column":0},"end":{"line":269,"column":33}},"269":{"start":{"line":270,"column":0},"end":{"line":270,"column":11}},"270":{"start":{"line":271,"column":0},"end":{"line":271,"column":11}},"271":{"start":{"line":272,"column":0},"end":{"line":272,"column":7}},"272":{"start":{"line":273,"column":0},"end":{"line":273,"column":12}},"273":{"start":{"line":274,"column":0},"end":{"line":274,"column":35}},"274":{"start":{"line":275,"column":0},"end":{"line":275,"column":28}},"275":{"start":{"line":276,"column":0},"end":{"line":276,"column":27}},"276":{"start":{"line":277,"column":0},"end":{"line":277,"column":9}},"277":{"start":{"line":278,"column":0},"end":{"line":278,"column":5}},"278":{"start":{"line":279,"column":0},"end":{"line":279,"column":3}},"279":{"start":{"line":280,"column":0},"end":{"line":280,"column":19}},"280":{"start":{"line":281,"column":0},"end":{"line":281,"column":34}},"281":{"start":{"line":282,"column":0},"end":{"line":282,"column":24}},"282":{"start":{"line":283,"column":0},"end":{"line":283,"column":48}},"283":{"start":{"line":284,"column":0},"end":{"line":284,"column":18}},"284":{"start":{"line":285,"column":0},"end":{"line":285,"column":37}},"285":{"start":{"line":286,"column":0},"end":{"line":286,"column":26}},"286":{"start":{"line":287,"column":0},"end":{"line":287,"column":30}},"287":{"start":{"line":288,"column":0},"end":{"line":288,"column":43}},"288":{"start":{"line":289,"column":0},"end":{"line":289,"column":30}},"289":{"start":{"line":290,"column":0},"end":{"line":290,"column":18}},"290":{"start":{"line":291,"column":0},"end":{"line":291,"column":35}},"291":{"start":{"line":292,"column":0},"end":{"line":292,"column":34}},"292":{"start":{"line":293,"column":0},"end":{"line":293,"column":18}},"293":{"start":{"line":294,"column":0},"end":{"line":294,"column":27}},"294":{"start":{"line":295,"column":0},"end":{"line":295,"column":31}},"295":{"start":{"line":296,"column":0},"end":{"line":296,"column":31}},"296":{"start":{"line":297,"column":0},"end":{"line":297,"column":28}},"297":{"start":{"line":298,"column":0},"end":{"line":298,"column":15}},"298":{"start":{"line":299,"column":0},"end":{"line":299,"column":32}},"299":{"start":{"line":300,"column":0},"end":{"line":300,"column":11}},"300":{"start":{"line":301,"column":0},"end":{"line":301,"column":16}},"301":{"start":{"line":302,"column":0},"end":{"line":302,"column":32}},"302":{"start":{"line":303,"column":0},"end":{"line":303,"column":9}},"303":{"start":{"line":304,"column":0},"end":{"line":304,"column":14}},"304":{"start":{"line":305,"column":0},"end":{"line":305,"column":30}},"305":{"start":{"line":306,"column":0},"end":{"line":306,"column":7}},"306":{"start":{"line":307,"column":0},"end":{"line":307,"column":12}},"307":{"start":{"line":308,"column":0},"end":{"line":308,"column":28}},"308":{"start":{"line":309,"column":0},"end":{"line":309,"column":5}},"309":{"start":{"line":310,"column":0},"end":{"line":310,"column":3}},"310":{"start":{"line":311,"column":0},"end":{"line":311,"column":27}},"311":{"start":{"line":312,"column":0},"end":{"line":312,"column":24}},"312":{"start":{"line":313,"column":0},"end":{"line":313,"column":48}},"313":{"start":{"line":314,"column":0},"end":{"line":314,"column":24}},"314":{"start":{"line":315,"column":0},"end":{"line":315,"column":18}},"315":{"start":{"line":316,"column":0},"end":{"line":316,"column":35}},"316":{"start":{"line":317,"column":0},"end":{"line":317,"column":38}},"317":{"start":{"line":318,"column":0},"end":{"line":318,"column":32}},"318":{"start":{"line":319,"column":0},"end":{"line":319,"column":16}},"319":{"start":{"line":320,"column":0},"end":{"line":320,"column":33}},"320":{"start":{"line":321,"column":0},"end":{"line":321,"column":26}},"321":{"start":{"line":322,"column":0},"end":{"line":322,"column":30}},"322":{"start":{"line":323,"column":0},"end":{"line":323,"column":9}},"323":{"start":{"line":324,"column":0},"end":{"line":324,"column":14}},"324":{"start":{"line":325,"column":0},"end":{"line":325,"column":37}},"325":{"start":{"line":326,"column":0},"end":{"line":326,"column":32}},"326":{"start":{"line":327,"column":0},"end":{"line":327,"column":26}},"327":{"start":{"line":328,"column":0},"end":{"line":328,"column":30}},"328":{"start":{"line":329,"column":0},"end":{"line":329,"column":43}},"329":{"start":{"line":330,"column":0},"end":{"line":330,"column":29}},"330":{"start":{"line":331,"column":0},"end":{"line":331,"column":27}},"331":{"start":{"line":332,"column":0},"end":{"line":332,"column":29}},"332":{"start":{"line":333,"column":0},"end":{"line":333,"column":48}},"333":{"start":{"line":334,"column":0},"end":{"line":334,"column":13}},"334":{"start":{"line":335,"column":0},"end":{"line":335,"column":57}},"335":{"start":{"line":336,"column":0},"end":{"line":336,"column":32}},"336":{"start":{"line":337,"column":0},"end":{"line":337,"column":16}},"337":{"start":{"line":338,"column":0},"end":{"line":338,"column":38}},"338":{"start":{"line":339,"column":0},"end":{"line":339,"column":32}},"339":{"start":{"line":340,"column":0},"end":{"line":340,"column":9}},"340":{"start":{"line":341,"column":0},"end":{"line":341,"column":7}},"341":{"start":{"line":342,"column":0},"end":{"line":342,"column":12}},"342":{"start":{"line":343,"column":0},"end":{"line":343,"column":22}},"343":{"start":{"line":344,"column":0},"end":{"line":344,"column":26}},"344":{"start":{"line":345,"column":0},"end":{"line":345,"column":5}},"345":{"start":{"line":346,"column":0},"end":{"line":346,"column":3}},"346":{"start":{"line":347,"column":0},"end":{"line":347,"column":19}},"347":{"start":{"line":348,"column":0},"end":{"line":348,"column":85}},"348":{"start":{"line":349,"column":0},"end":{"line":349,"column":67}},"349":{"start":{"line":350,"column":0},"end":{"line":350,"column":29}},"350":{"start":{"line":351,"column":0},"end":{"line":351,"column":51}},"351":{"start":{"line":352,"column":0},"end":{"line":352,"column":5}},"352":{"start":{"line":353,"column":0},"end":{"line":353,"column":24}},"353":{"start":{"line":354,"column":0},"end":{"line":354,"column":46}},"354":{"start":{"line":355,"column":0},"end":{"line":355,"column":29}},"355":{"start":{"line":356,"column":0},"end":{"line":356,"column":26}},"356":{"start":{"line":357,"column":0},"end":{"line":357,"column":26}},"357":{"start":{"line":358,"column":0},"end":{"line":358,"column":29}},"358":{"start":{"line":359,"column":0},"end":{"line":359,"column":24}},"359":{"start":{"line":360,"column":0},"end":{"line":360,"column":3}},"360":{"start":{"line":361,"column":0},"end":{"line":361,"column":0}},"361":{"start":{"line":362,"column":0},"end":{"line":362,"column":23}},"362":{"start":{"line":363,"column":0},"end":{"line":363,"column":23}},"363":{"start":{"line":364,"column":0},"end":{"line":364,"column":30}},"364":{"start":{"line":365,"column":0},"end":{"line":365,"column":7}},"365":{"start":{"line":366,"column":0},"end":{"line":366,"column":33}},"366":{"start":{"line":367,"column":0},"end":{"line":367,"column":26}},"367":{"start":{"line":368,"column":0},"end":{"line":368,"column":0}},"368":{"start":{"line":369,"column":0},"end":{"line":369,"column":0}},"369":{"start":{"line":370,"column":0},"end":{"line":370,"column":3}},"370":{"start":{"line":371,"column":0},"end":{"line":371,"column":2}},"371":{"start":{"line":372,"column":0},"end":{"line":372,"column":2}}},"s":{"0":1,"1":1,"2":1,"3":1,"4":1,"5":1,"6":1,"7":1,"8":1,"9":1,"10":1,"11":1,"12":1,"13":1,"14":1,"15":1,"16":109,"17":109,"18":109,"19":109,"20":109,"21":109,"22":1,"23":312,"24":312,"25":312,"26":312,"27":312,"28":312,"29":312,"30":312,"31":312,"32":312,"33":312,"34":312,"35":312,"36":312,"37":312,"38":1,"39":109,"40":109,"41":109,"42":274,"43":274,"44":71,"45":71,"46":203,"47":203,"48":203,"49":203,"50":109,"51":109,"52":1,"53":274,"54":603,"55":603,"56":603,"57":603,"58":444,"59":444,"60":603,"61":26,"62":26,"63":603,"64":3,"65":3,"66":603,"67":53,"68":53,"69":603,"70":12,"71":12,"72":603,"73":15,"74":15,"75":603,"76":36,"77":36,"78":603,"79":603,"80":603,"81":603,"82":14,"83":14,"84":603,"85":603,"86":201,"87":201,"88":603,"89":76,"90":76,"91":603,"92":274,"93":274,"94":274,"95":1,"96":65,"97":65,"98":65,"99":65,"100":65,"101":65,"102":65,"103":65,"104":65,"105":65,"106":65,"107":65,"108":65,"109":65,"110":65,"111":1,"112":60,"113":60,"114":60,"115":0,"116":0,"117":60,"118":60,"119":60,"120":60,"121":60,"122":60,"123":60,"124":45,"125":45,"126":44,"127":44,"128":44,"129":44,"130":45,"131":60,"132":60,"133":49,"134":49,"135":49,"136":49,"137":49,"138":49,"139":49,"140":49,"141":49,"142":60,"143":60,"144":1,"145":77,"146":77,"147":77,"148":77,"149":77,"150":77,"151":77,"152":77,"153":77,"154":77,"155":77,"156":77,"157":77,"158":77,"159":1,"160":250,"161":42,"162":42,"163":42,"164":42,"165":42,"166":42,"167":42,"168":42,"169":42,"170":42,"171":42,"172":42,"173":42,"174":42,"175":42,"176":42,"177":42,"178":42,"179":42,"180":42,"181":42,"182":42,"183":42,"184":42,"185":250,"186":1,"187":516,"188":516,"189":249,"190":249,"191":249,"192":249,"193":249,"194":249,"195":249,"196":249,"197":249,"198":516,"199":1,"200":516,"201":516,"202":516,"203":516,"204":516,"205":436,"206":660,"207":210,"208":210,"209":450,"210":450,"211":436,"212":436,"213":516,"214":3,"215":3,"216":516,"217":77,"218":77,"219":516,"220":516,"221":516,"222":516,"223":1,"224":524,"225":524,"226":448,"227":448,"228":448,"229":448,"230":448,"231":448,"232":448,"233":448,"234":448,"235":448,"236":448,"237":448,"238":448,"239":448,"240":448,"241":448,"242":448,"243":448,"244":448,"245":448,"246":448,"247":448,"248":448,"249":448,"250":448,"251":448,"252":448,"253":42,"254":37,"255":37,"256":37,"257":37,"258":34,"259":34,"260":34,"261":34,"262":34,"263":34,"264":448,"265":21,"266":19,"267":19,"268":19,"269":19,"270":21,"271":448,"272":448,"273":448,"274":220,"275":220,"276":220,"277":448,"278":524,"279":1,"280":65,"281":65,"282":53,"283":53,"284":53,"285":53,"286":53,"287":53,"288":53,"289":53,"290":53,"291":53,"292":53,"293":53,"294":53,"295":53,"296":53,"297":53,"298":53,"299":53,"300":53,"301":53,"302":53,"303":53,"304":53,"305":53,"306":53,"307":53,"308":53,"309":65,"310":1,"311":76,"312":43,"313":43,"314":43,"315":43,"316":43,"317":43,"318":43,"319":43,"320":43,"321":43,"322":43,"323":43,"324":43,"325":43,"326":43,"327":43,"328":43,"329":43,"330":43,"331":43,"332":43,"333":43,"334":43,"335":43,"336":43,"337":43,"338":43,"339":43,"340":43,"341":43,"342":43,"343":43,"344":43,"345":76,"346":1,"347":65,"348":65,"349":65,"350":12,"351":12,"352":65,"353":65,"354":65,"355":65,"356":65,"357":65,"358":65,"359":65,"360":1,"361":1,"362":14,"363":14,"364":14,"365":14,"366":14,"367":14,"368":14,"369":14,"370":1,"371":1},"branchMap":{"0":{"type":"branch","line":16,"loc":{"start":{"line":16,"column":2},"end":{"line":22,"column":3}},"locations":[{"start":{"line":16,"column":2},"end":{"line":22,"column":3}}]},"1":{"type":"branch","line":23,"loc":{"start":{"line":23,"column":2},"end":{"line":38,"column":3}},"locations":[{"start":{"line":23,"column":2},"end":{"line":38,"column":3}}]},"2":{"type":"branch","line":39,"loc":{"start":{"line":39,"column":2},"end":{"line":52,"column":3}},"locations":[{"start":{"line":39,"column":2},"end":{"line":52,"column":3}}]},"3":{"type":"branch","line":42,"loc":{"start":{"line":42,"column":36},"end":{"line":50,"column":5}},"locations":[{"start":{"line":42,"column":36},"end":{"line":50,"column":5}}]},"4":{"type":"branch","line":44,"loc":{"start":{"line":44,"column":17},"end":{"line":50,"column":5}},"locations":[{"start":{"line":44,"column":17},"end":{"line":50,"column":5}}]},"5":{"type":"branch","line":44,"loc":{"start":{"line":44,"column":17},"end":{"line":46,"column":7}},"locations":[{"start":{"line":44,"column":17},"end":{"line":46,"column":7}}]},"6":{"type":"branch","line":47,"loc":{"start":{"line":47,"column":-1},"end":{"line":50,"column":5}},"locations":[{"start":{"line":47,"column":-1},"end":{"line":50,"column":5}}]},"7":{"type":"branch","line":53,"loc":{"start":{"line":53,"column":2},"end":{"line":95,"column":3}},"locations":[{"start":{"line":53,"column":2},"end":{"line":95,"column":3}}]},"8":{"type":"branch","line":54,"loc":{"start":{"line":54,"column":55},"end":{"line":92,"column":5}},"locations":[{"start":{"line":54,"column":55},"end":{"line":92,"column":5}}]},"9":{"type":"branch","line":58,"loc":{"start":{"line":58,"column":8},"end":{"line":60,"column":16}},"locations":[{"start":{"line":58,"column":8},"end":{"line":60,"column":16}}]},"10":{"type":"branch","line":61,"loc":{"start":{"line":61,"column":8},"end":{"line":63,"column":16}},"locations":[{"start":{"line":61,"column":8},"end":{"line":63,"column":16}}]},"11":{"type":"branch","line":64,"loc":{"start":{"line":64,"column":8},"end":{"line":66,"column":16}},"locations":[{"start":{"line":64,"column":8},"end":{"line":66,"column":16}}]},"12":{"type":"branch","line":67,"loc":{"start":{"line":67,"column":8},"end":{"line":69,"column":16}},"locations":[{"start":{"line":67,"column":8},"end":{"line":69,"column":16}}]},"13":{"type":"branch","line":70,"loc":{"start":{"line":70,"column":8},"end":{"line":72,"column":16}},"locations":[{"start":{"line":70,"column":8},"end":{"line":72,"column":16}}]},"14":{"type":"branch","line":73,"loc":{"start":{"line":73,"column":8},"end":{"line":75,"column":16}},"locations":[{"start":{"line":73,"column":8},"end":{"line":75,"column":16}}]},"15":{"type":"branch","line":76,"loc":{"start":{"line":76,"column":8},"end":{"line":78,"column":16}},"locations":[{"start":{"line":76,"column":8},"end":{"line":78,"column":16}}]},"16":{"type":"branch","line":82,"loc":{"start":{"line":82,"column":8},"end":{"line":84,"column":16}},"locations":[{"start":{"line":82,"column":8},"end":{"line":84,"column":16}}]},"17":{"type":"branch","line":86,"loc":{"start":{"line":86,"column":24},"end":{"line":88,"column":7}},"locations":[{"start":{"line":86,"column":24},"end":{"line":88,"column":7}}]},"18":{"type":"branch","line":89,"loc":{"start":{"line":89,"column":-1},"end":{"line":89,"column":83}},"locations":[{"start":{"line":89,"column":-1},"end":{"line":89,"column":83}}]},"19":{"type":"branch","line":89,"loc":{"start":{"line":89,"column":-1},"end":{"line":89,"column":18}},"locations":[{"start":{"line":89,"column":-1},"end":{"line":89,"column":18}}]},"20":{"type":"branch","line":89,"loc":{"start":{"line":89,"column":13},"end":{"line":89,"column":83}},"locations":[{"start":{"line":89,"column":13},"end":{"line":89,"column":83}}]},"21":{"type":"branch","line":89,"loc":{"start":{"line":89,"column":83},"end":{"line":91,"column":7}},"locations":[{"start":{"line":89,"column":83},"end":{"line":91,"column":7}}]},"22":{"type":"branch","line":94,"loc":{"start":{"line":94,"column":12},"end":{"line":94,"column":29}},"locations":[{"start":{"line":94,"column":12},"end":{"line":94,"column":29}}]},"23":{"type":"branch","line":94,"loc":{"start":{"line":94,"column":12},"end":{"line":94,"column":71}},"locations":[{"start":{"line":94,"column":12},"end":{"line":94,"column":71}}]},"24":{"type":"branch","line":96,"loc":{"start":{"line":96,"column":2},"end":{"line":111,"column":3}},"locations":[{"start":{"line":96,"column":2},"end":{"line":111,"column":3}}]},"25":{"type":"branch","line":112,"loc":{"start":{"line":112,"column":2},"end":{"line":144,"column":3}},"locations":[{"start":{"line":112,"column":2},"end":{"line":144,"column":3}}]},"26":{"type":"branch","line":115,"loc":{"start":{"line":115,"column":21},"end":{"line":117,"column":7}},"locations":[{"start":{"line":115,"column":21},"end":{"line":117,"column":7}}]},"27":{"type":"branch","line":124,"loc":{"start":{"line":124,"column":10},"end":{"line":124,"column":41}},"locations":[{"start":{"line":124,"column":10},"end":{"line":124,"column":41}}]},"28":{"type":"branch","line":124,"loc":{"start":{"line":124,"column":41},"end":{"line":131,"column":8}},"locations":[{"start":{"line":124,"column":41},"end":{"line":131,"column":8}}]},"29":{"type":"branch","line":125,"loc":{"start":{"line":125,"column":52},"end":{"line":125,"column":59}},"locations":[{"start":{"line":125,"column":52},"end":{"line":125,"column":59}}]},"30":{"type":"branch","line":126,"loc":{"start":{"line":126,"column":19},"end":{"line":128,"column":15}},"locations":[{"start":{"line":126,"column":19},"end":{"line":128,"column":15}}]},"31":{"type":"branch","line":126,"loc":{"start":{"line":126,"column":8},"end":{"line":130,"column":9}},"locations":[{"start":{"line":126,"column":8},"end":{"line":130,"column":9}}]},"32":{"type":"branch","line":133,"loc":{"start":{"line":133,"column":36},"end":{"line":140,"column":13}},"locations":[{"start":{"line":133,"column":36},"end":{"line":140,"column":13}}]},"33":{"type":"branch","line":134,"loc":{"start":{"line":134,"column":13},"end":{"line":134,"column":42}},"locations":[{"start":{"line":134,"column":13},"end":{"line":134,"column":42}}]},"34":{"type":"branch","line":134,"loc":{"start":{"line":134,"column":12},"end":{"line":134,"column":69}},"locations":[{"start":{"line":134,"column":12},"end":{"line":134,"column":69}}]},"35":{"type":"branch","line":134,"loc":{"start":{"line":134,"column":42},"end":{"line":134,"column":69}},"locations":[{"start":{"line":134,"column":42},"end":{"line":134,"column":69}}]},"36":{"type":"branch","line":134,"loc":{"start":{"line":134,"column":69},"end":{"line":136,"column":15}},"locations":[{"start":{"line":134,"column":69},"end":{"line":136,"column":15}}]},"37":{"type":"branch","line":134,"loc":{"start":{"line":134,"column":8},"end":{"line":139,"column":9}},"locations":[{"start":{"line":134,"column":8},"end":{"line":139,"column":9}}]},"38":{"type":"branch","line":133,"loc":{"start":{"line":133,"column":6},"end":{"line":142,"column":7}},"locations":[{"start":{"line":133,"column":6},"end":{"line":142,"column":7}}]},"39":{"type":"branch","line":145,"loc":{"start":{"line":145,"column":2},"end":{"line":159,"column":3}},"locations":[{"start":{"line":145,"column":2},"end":{"line":159,"column":3}}]},"40":{"type":"branch","line":160,"loc":{"start":{"line":160,"column":2},"end":{"line":186,"column":3}},"locations":[{"start":{"line":160,"column":2},"end":{"line":186,"column":3}}]},"41":{"type":"branch","line":161,"loc":{"start":{"line":161,"column":32},"end":{"line":173,"column":11}},"locations":[{"start":{"line":161,"column":32},"end":{"line":173,"column":11}}]},"42":{"type":"branch","line":162,"loc":{"start":{"line":162,"column":34},"end":{"line":164,"column":13}},"locations":[{"start":{"line":162,"column":34},"end":{"line":164,"column":13}}]},"43":{"type":"branch","line":162,"loc":{"start":{"line":162,"column":6},"end":{"line":172,"column":7}},"locations":[{"start":{"line":162,"column":6},"end":{"line":172,"column":7}}]},"44":{"type":"branch","line":166,"loc":{"start":{"line":166,"column":34},"end":{"line":169,"column":15}},"locations":[{"start":{"line":166,"column":34},"end":{"line":169,"column":15}}]},"45":{"type":"branch","line":166,"loc":{"start":{"line":166,"column":8},"end":{"line":171,"column":9}},"locations":[{"start":{"line":166,"column":8},"end":{"line":171,"column":9}}]},"46":{"type":"branch","line":161,"loc":{"start":{"line":161,"column":4},"end":{"line":185,"column":5}},"locations":[{"start":{"line":161,"column":4},"end":{"line":185,"column":5}}]},"47":{"type":"branch","line":187,"loc":{"start":{"line":187,"column":2},"end":{"line":199,"column":3}},"locations":[{"start":{"line":187,"column":2},"end":{"line":199,"column":3}}]},"48":{"type":"branch","line":189,"loc":{"start":{"line":189,"column":27},"end":{"line":195,"column":11}},"locations":[{"start":{"line":189,"column":27},"end":{"line":195,"column":11}}]},"49":{"type":"branch","line":194,"loc":{"start":{"line":194,"column":21},"end":{"line":194,"column":43}},"locations":[{"start":{"line":194,"column":21},"end":{"line":194,"column":43}}]},"50":{"type":"branch","line":189,"loc":{"start":{"line":189,"column":4},"end":{"line":198,"column":5}},"locations":[{"start":{"line":189,"column":4},"end":{"line":198,"column":5}}]},"51":{"type":"branch","line":196,"loc":{"start":{"line":196,"column":18},"end":{"line":196,"column":38}},"locations":[{"start":{"line":196,"column":18},"end":{"line":196,"column":38}}]},"52":{"type":"branch","line":196,"loc":{"start":{"line":196,"column":18},"end":{"line":196,"column":43}},"locations":[{"start":{"line":196,"column":18},"end":{"line":196,"column":43}}]},"53":{"type":"branch","line":200,"loc":{"start":{"line":200,"column":2},"end":{"line":223,"column":3}},"locations":[{"start":{"line":200,"column":2},"end":{"line":223,"column":3}}]},"54":{"type":"branch","line":205,"loc":{"start":{"line":205,"column":6},"end":{"line":213,"column":14}},"locations":[{"start":{"line":205,"column":6},"end":{"line":213,"column":14}}]},"55":{"type":"branch","line":206,"loc":{"start":{"line":206,"column":36},"end":{"line":211,"column":9}},"locations":[{"start":{"line":206,"column":36},"end":{"line":211,"column":9}}]},"56":{"type":"branch","line":207,"loc":{"start":{"line":207,"column":56},"end":{"line":209,"column":11}},"locations":[{"start":{"line":207,"column":56},"end":{"line":209,"column":11}}]},"57":{"type":"branch","line":210,"loc":{"start":{"line":210,"column":-1},"end":{"line":211,"column":9}},"locations":[{"start":{"line":210,"column":-1},"end":{"line":211,"column":9}}]},"58":{"type":"branch","line":212,"loc":{"start":{"line":212,"column":20},"end":{"line":212,"column":53}},"locations":[{"start":{"line":212,"column":20},"end":{"line":212,"column":53}}]},"59":{"type":"branch","line":212,"loc":{"start":{"line":212,"column":20},"end":{"line":212,"column":63}},"locations":[{"start":{"line":212,"column":20},"end":{"line":212,"column":63}}]},"60":{"type":"branch","line":214,"loc":{"start":{"line":214,"column":6},"end":{"line":216,"column":14}},"locations":[{"start":{"line":214,"column":6},"end":{"line":216,"column":14}}]},"61":{"type":"branch","line":215,"loc":{"start":{"line":215,"column":80},"end":{"line":215,"column":111}},"locations":[{"start":{"line":215,"column":80},"end":{"line":215,"column":111}}]},"62":{"type":"branch","line":215,"loc":{"start":{"line":215,"column":50},"end":{"line":215,"column":122}},"locations":[{"start":{"line":215,"column":50},"end":{"line":215,"column":122}}]},"63":{"type":"branch","line":217,"loc":{"start":{"line":217,"column":6},"end":{"line":219,"column":14}},"locations":[{"start":{"line":217,"column":6},"end":{"line":219,"column":14}}]},"64":{"type":"branch","line":224,"loc":{"start":{"line":224,"column":2},"end":{"line":279,"column":3}},"locations":[{"start":{"line":224,"column":2},"end":{"line":279,"column":3}}]},"65":{"type":"branch","line":226,"loc":{"start":{"line":226,"column":23},"end":{"line":273,"column":11}},"locations":[{"start":{"line":226,"column":23},"end":{"line":273,"column":11}}]},"66":{"type":"branch","line":228,"loc":{"start":{"line":228,"column":17},"end":{"line":252,"column":13}},"locations":[{"start":{"line":228,"column":17},"end":{"line":252,"column":13}}]},"67":{"type":"branch","line":230,"loc":{"start":{"line":230,"column":35},"end":{"line":234,"column":15}},"locations":[{"start":{"line":230,"column":35},"end":{"line":234,"column":15}}]},"68":{"type":"branch","line":234,"loc":{"start":{"line":234,"column":41},"end":{"line":248,"column":15}},"locations":[{"start":{"line":234,"column":41},"end":{"line":248,"column":15}}]},"69":{"type":"branch","line":236,"loc":{"start":{"line":236,"column":29},"end":{"line":240,"column":17}},"locations":[{"start":{"line":236,"column":29},"end":{"line":240,"column":17}}]},"70":{"type":"branch","line":236,"loc":{"start":{"line":236,"column":10},"end":{"line":247,"column":11}},"locations":[{"start":{"line":236,"column":10},"end":{"line":247,"column":11}}]},"71":{"type":"branch","line":234,"loc":{"start":{"line":234,"column":15},"end":{"line":251,"column":9}},"locations":[{"start":{"line":234,"column":15},"end":{"line":251,"column":9}}]},"72":{"type":"branch","line":228,"loc":{"start":{"line":228,"column":6},"end":{"line":272,"column":7}},"locations":[{"start":{"line":228,"column":6},"end":{"line":272,"column":7}}]},"73":{"type":"branch","line":226,"loc":{"start":{"line":226,"column":4},"end":{"line":278,"column":5}},"locations":[{"start":{"line":226,"column":4},"end":{"line":278,"column":5}}]},"74":{"type":"branch","line":253,"loc":{"start":{"line":253,"column":30},"end":{"line":265,"column":11}},"locations":[{"start":{"line":253,"column":30},"end":{"line":265,"column":11}}]},"75":{"type":"branch","line":254,"loc":{"start":{"line":254,"column":37},"end":{"line":258,"column":17}},"locations":[{"start":{"line":254,"column":37},"end":{"line":258,"column":17}}]},"76":{"type":"branch","line":254,"loc":{"start":{"line":254,"column":10},"end":{"line":264,"column":11}},"locations":[{"start":{"line":254,"column":10},"end":{"line":264,"column":11}}]},"77":{"type":"branch","line":258,"loc":{"start":{"line":258,"column":43},"end":{"line":264,"column":11}},"locations":[{"start":{"line":258,"column":43},"end":{"line":264,"column":11}}]},"78":{"type":"branch","line":265,"loc":{"start":{"line":265,"column":11},"end":{"line":271,"column":11}},"locations":[{"start":{"line":265,"column":11},"end":{"line":271,"column":11}}]},"79":{"type":"branch","line":266,"loc":{"start":{"line":266,"column":14},"end":{"line":266,"column":48}},"locations":[{"start":{"line":266,"column":14},"end":{"line":266,"column":48}}]},"80":{"type":"branch","line":266,"loc":{"start":{"line":266,"column":48},"end":{"line":268,"column":17}},"locations":[{"start":{"line":266,"column":48},"end":{"line":268,"column":17}}]},"81":{"type":"branch","line":266,"loc":{"start":{"line":266,"column":10},"end":{"line":270,"column":11}},"locations":[{"start":{"line":266,"column":10},"end":{"line":270,"column":11}}]},"82":{"type":"branch","line":274,"loc":{"start":{"line":274,"column":28},"end":{"line":277,"column":9}},"locations":[{"start":{"line":274,"column":28},"end":{"line":277,"column":9}}]},"83":{"type":"branch","line":280,"loc":{"start":{"line":280,"column":2},"end":{"line":310,"column":3}},"locations":[{"start":{"line":280,"column":2},"end":{"line":310,"column":3}}]},"84":{"type":"branch","line":282,"loc":{"start":{"line":282,"column":23},"end":{"line":307,"column":11}},"locations":[{"start":{"line":282,"column":23},"end":{"line":307,"column":11}}]},"85":{"type":"branch","line":284,"loc":{"start":{"line":284,"column":17},"end":{"line":304,"column":13}},"locations":[{"start":{"line":284,"column":17},"end":{"line":304,"column":13}}]},"86":{"type":"branch","line":285,"loc":{"start":{"line":285,"column":36},"end":{"line":288,"column":15}},"locations":[{"start":{"line":285,"column":36},"end":{"line":288,"column":15}}]},"87":{"type":"branch","line":288,"loc":{"start":{"line":288,"column":42},"end":{"line":301,"column":15}},"locations":[{"start":{"line":288,"column":42},"end":{"line":301,"column":15}}]},"88":{"type":"branch","line":284,"loc":{"start":{"line":284,"column":6},"end":{"line":306,"column":7}},"locations":[{"start":{"line":284,"column":6},"end":{"line":306,"column":7}}]},"89":{"type":"branch","line":282,"loc":{"start":{"line":282,"column":4},"end":{"line":309,"column":5}},"locations":[{"start":{"line":282,"column":4},"end":{"line":309,"column":5}}]},"90":{"type":"branch","line":311,"loc":{"start":{"line":311,"column":2},"end":{"line":346,"column":3}},"locations":[{"start":{"line":311,"column":2},"end":{"line":346,"column":3}}]},"91":{"type":"branch","line":312,"loc":{"start":{"line":312,"column":23},"end":{"line":342,"column":11}},"locations":[{"start":{"line":312,"column":23},"end":{"line":342,"column":11}}]},"92":{"type":"branch","line":315,"loc":{"start":{"line":315,"column":17},"end":{"line":324,"column":13}},"locations":[{"start":{"line":315,"column":17},"end":{"line":324,"column":13}}]},"93":{"type":"branch","line":316,"loc":{"start":{"line":316,"column":34},"end":{"line":319,"column":15}},"locations":[{"start":{"line":316,"column":34},"end":{"line":319,"column":15}}]},"94":{"type":"branch","line":315,"loc":{"start":{"line":315,"column":6},"end":{"line":341,"column":7}},"locations":[{"start":{"line":315,"column":6},"end":{"line":341,"column":7}}]},"95":{"type":"branch","line":325,"loc":{"start":{"line":325,"column":36},"end":{"line":329,"column":15}},"locations":[{"start":{"line":325,"column":36},"end":{"line":329,"column":15}}]},"96":{"type":"branch","line":325,"loc":{"start":{"line":325,"column":8},"end":{"line":340,"column":9}},"locations":[{"start":{"line":325,"column":8},"end":{"line":340,"column":9}}]},"97":{"type":"branch","line":329,"loc":{"start":{"line":329,"column":15},"end":{"line":340,"column":9}},"locations":[{"start":{"line":329,"column":15},"end":{"line":340,"column":9}}]},"98":{"type":"branch","line":312,"loc":{"start":{"line":312,"column":4},"end":{"line":345,"column":5}},"locations":[{"start":{"line":312,"column":4},"end":{"line":345,"column":5}}]},"99":{"type":"branch","line":347,"loc":{"start":{"line":347,"column":2},"end":{"line":360,"column":3}},"locations":[{"start":{"line":347,"column":2},"end":{"line":360,"column":3}}]},"100":{"type":"branch","line":350,"loc":{"start":{"line":350,"column":28},"end":{"line":352,"column":5}},"locations":[{"start":{"line":350,"column":28},"end":{"line":352,"column":5}}]},"101":{"type":"branch","line":362,"loc":{"start":{"line":362,"column":2},"end":{"line":370,"column":3}},"locations":[{"start":{"line":362,"column":2},"end":{"line":370,"column":3}}]}},"b":{"0":[109],"1":[312],"2":[109],"3":[274],"4":[267],"5":[71],"6":[203],"7":[274],"8":[603],"9":[444],"10":[26],"11":[3],"12":[53],"13":[12],"14":[15],"15":[36],"16":[14],"17":[201],"18":[588],"19":[402],"20":[149],"21":[76],"22":[71],"23":[203],"24":[65],"25":[60],"26":[0],"27":[49],"28":[45],"29":[33],"30":[1],"31":[44],"32":[11],"33":[8],"34":[8],"35":[3],"36":[3],"37":[8],"38":[49],"39":[77],"40":[250],"41":[208],"42":[201],"43":[7],"44":[5],"45":[2],"46":[42],"47":[516],"48":[267],"49":[262],"50":[249],"51":[21],"52":[228],"53":[516],"54":[436],"55":[660],"56":[210],"57":[450],"58":[226],"59":[210],"60":[3],"61":[1],"62":[0],"63":[77],"64":[524],"65":[76],"66":[13],"67":[0],"68":[9],"69":[1],"70":[8],"71":[4],"72":[63],"73":[448],"74":[42],"75":[5],"76":[37],"77":[34],"78":[21],"79":[4],"80":[2],"81":[19],"82":[220],"83":[65],"84":[12],"85":[1],"86":[0],"87":[0],"88":[11],"89":[53],"90":[76],"91":[33],"92":[1],"93":[0],"94":[32],"95":[11],"96":[21],"97":[0],"98":[43],"99":[65],"100":[12],"101":[14]},"fnMap":{"0":{"name":"MatchHelper","decl":{"start":{"line":16,"column":2},"end":{"line":22,"column":3}},"loc":{"start":{"line":16,"column":2},"end":{"line":22,"column":3}},"line":16},"1":{"name":"setDefault","decl":{"start":{"line":23,"column":2},"end":{"line":38,"column":3}},"loc":{"start":{"line":23,"column":2},"end":{"line":38,"column":3}},"line":23},"2":{"name":"exec","decl":{"start":{"line":39,"column":2},"end":{"line":52,"column":3}},"loc":{"start":{"line":39,"column":2},"end":{"line":52,"column":3}},"line":39},"3":{"name":"run","decl":{"start":{"line":53,"column":2},"end":{"line":95,"column":3}},"loc":{"start":{"line":53,"column":2},"end":{"line":95,"column":3}},"line":53},"4":{"name":"setStacks","decl":{"start":{"line":96,"column":2},"end":{"line":111,"column":3}},"loc":{"start":{"line":96,"column":2},"end":{"line":111,"column":3}},"line":96},"5":{"name":"endStack","decl":{"start":{"line":112,"column":2},"end":{"line":144,"column":3}},"loc":{"start":{"line":112,"column":2},"end":{"line":144,"column":3}},"line":112},"6":{"name":"setSafePoint","decl":{"start":{"line":145,"column":2},"end":{"line":159,"column":3}},"loc":{"start":{"line":145,"column":2},"end":{"line":159,"column":3}},"line":145},"7":{"name":"backSafePoint","decl":{"start":{"line":160,"column":2},"end":{"line":186,"column":3}},"loc":{"start":{"line":160,"column":2},"end":{"line":186,"column":3}},"line":160},"8":{"name":"matchChars","decl":{"start":{"line":187,"column":2},"end":{"line":199,"column":3}},"loc":{"start":{"line":187,"column":2},"end":{"line":199,"column":3}},"line":187},"9":{"name":"compareChars","decl":{"start":{"line":200,"column":2},"end":{"line":223,"column":3}},"loc":{"start":{"line":200,"column":2},"end":{"line":223,"column":3}},"line":200},"10":{"name":"handlerChar","decl":{"start":{"line":224,"column":2},"end":{"line":279,"column":3}},"loc":{"start":{"line":224,"column":2},"end":{"line":279,"column":3}},"line":224},"11":{"name":"startGroup","decl":{"start":{"line":280,"column":2},"end":{"line":310,"column":3}},"loc":{"start":{"line":280,"column":2},"end":{"line":310,"column":3}},"line":280},"12":{"name":"endGroup","decl":{"start":{"line":311,"column":2},"end":{"line":346,"column":3}},"loc":{"start":{"line":311,"column":2},"end":{"line":346,"column":3}},"line":311},"13":{"name":"matchGroup","decl":{"start":{"line":347,"column":2},"end":{"line":360,"column":3}},"loc":{"start":{"line":347,"column":2},"end":{"line":360,"column":3}},"line":347},"14":{"name":"handlerLogicOr","decl":{"start":{"line":362,"column":2},"end":{"line":370,"column":3}},"loc":{"start":{"line":362,"column":2},"end":{"line":370,"column":3}},"line":362}},"f":{"0":109,"1":312,"2":109,"3":274,"4":65,"5":60,"6":77,"7":250,"8":516,"9":516,"10":524,"11":65,"12":76,"13":65,"14":14}}
,"/Users/xixixi/project/private/regular-expression/src/generateNode/ExpNodeError.js": {"path":"/Users/xixixi/project/private/regular-expression/src/generateNode/ExpNodeError.js","all":false,"statementMap":{"0":{"start":{"line":1,"column":0},"end":{"line":1,"column":33}},"1":{"start":{"line":2,"column":0},"end":{"line":2,"column":25}},"2":{"start":{"line":3,"column":0},"end":{"line":3,"column":21}},"3":{"start":{"line":4,"column":0},"end":{"line":4,"column":3}},"4":{"start":{"line":5,"column":0},"end":{"line":5,"column":23}},"5":{"start":{"line":6,"column":0},"end":{"line":6,"column":27}},"6":{"start":{"line":7,"column":0},"end":{"line":7,"column":3}},"7":{"start":{"line":8,"column":0},"end":{"line":8,"column":16}},"8":{"start":{"line":9,"column":0},"end":{"line":9,"column":24}},"9":{"start":{"line":10,"column":0},"end":{"line":10,"column":3}},"10":{"start":{"line":11,"column":0},"end":{"line":11,"column":1}},"11":{"start":{"line":12,"column":0},"end":{"line":12,"column":0}},"12":{"start":{"line":13,"column":0},"end":{"line":13,"column":30}}},"s":{"0":1,"1":1,"2":4,"3":4,"4":1,"5":2,"6":2,"7":1,"8":2,"9":2,"10":1,"11":1,"12":1},"branchMap":{"0":{"type":"branch","line":2,"loc":{"start":{"line":2,"column":2},"end":{"line":4,"column":3}},"locations":[{"start":{"line":2,"column":2},"end":{"line":4,"column":3}}]},"1":{"type":"branch","line":5,"loc":{"start":{"line":5,"column":2},"end":{"line":7,"column":3}},"locations":[{"start":{"line":5,"column":2},"end":{"line":7,"column":3}}]},"2":{"type":"branch","line":8,"loc":{"start":{"line":8,"column":2},"end":{"line":10,"column":3}},"locations":[{"start":{"line":8,"column":2},"end":{"line":10,"column":3}}]}},"b":{"0":[4],"1":[2],"2":[2]},"fnMap":{"0":{"name":"ExpNodeError","decl":{"start":{"line":2,"column":2},"end":{"line":4,"column":3}},"loc":{"start":{"line":2,"column":2},"end":{"line":4,"column":3}},"line":2},"1":{"name":"setErrorMsg","decl":{"start":{"line":5,"column":2},"end":{"line":7,"column":3}},"loc":{"start":{"line":5,"column":2},"end":{"line":7,"column":3}},"line":5},"2":{"name":"getErrorMsg","decl":{"start":{"line":8,"column":2},"end":{"line":10,"column":3}},"loc":{"start":{"line":8,"column":2},"end":{"line":10,"column":3}},"line":8}},"f":{"0":4,"1":2,"2":2}}
,"/Users/xixixi/project/private/regular-expression/src/generateNode/NodeType.js": {"path":"/Users/xixixi/project/private/regular-expression/src/generateNode/NodeType.js","all":false,"statementMap":{"0":{"start":{"line":1,"column":0},"end":{"line":1,"column":18}},"1":{"start":{"line":2,"column":0},"end":{"line":2,"column":28}},"2":{"start":{"line":3,"column":0},"end":{"line":3,"column":24}},"3":{"start":{"line":4,"column":0},"end":{"line":4,"column":22}},"4":{"start":{"line":5,"column":0},"end":{"line":5,"column":18}},"5":{"start":{"line":6,"column":0},"end":{"line":6,"column":28}},"6":{"start":{"line":7,"column":0},"end":{"line":7,"column":22}},"7":{"start":{"line":8,"column":0},"end":{"line":8,"column":26}},"8":{"start":{"line":9,"column":0},"end":{"line":9,"column":32}},"9":{"start":{"line":10,"column":0},"end":{"line":10,"column":22}},"10":{"start":{"line":11,"column":0},"end":{"line":11,"column":18}},"11":{"start":{"line":12,"column":0},"end":{"line":12,"column":2}}},"s":{"0":1,"1":1,"2":1,"3":1,"4":1,"5":1,"6":1,"7":1,"8":1,"9":1,"10":1,"11":1},"branchMap":{},"b":{},"fnMap":{},"f":{}}
,"/Users/xixixi/project/private/regular-expression/src/generateNode/equal.js": {"path":"/Users/xixixi/project/private/regular-expression/src/generateNode/equal.js","all":false,"statementMap":{"0":{"start":{"line":1,"column":0},"end":{"line":1,"column":7}},"1":{"start":{"line":2,"column":0},"end":{"line":2,"column":11}},"2":{"start":{"line":3,"column":0},"end":{"line":3,"column":10}},"3":{"start":{"line":4,"column":0},"end":{"line":4,"column":16}},"4":{"start":{"line":5,"column":0},"end":{"line":5,"column":10}},"5":{"start":{"line":6,"column":0},"end":{"line":6,"column":12}},"6":{"start":{"line":7,"column":0},"end":{"line":7,"column":15}},"7":{"start":{"line":8,"column":0},"end":{"line":8,"column":13}},"8":{"start":{"line":9,"column":0},"end":{"line":9,"column":7}},"9":{"start":{"line":10,"column":0},"end":{"line":10,"column":26}},"10":{"start":{"line":11,"column":0},"end":{"line":11,"column":0}},"11":{"start":{"line":12,"column":0},"end":{"line":12,"column":8}},"12":{"start":{"line":13,"column":0},"end":{"line":13,"column":13}},"13":{"start":{"line":14,"column":0},"end":{"line":14,"column":11}},"14":{"start":{"line":15,"column":0},"end":{"line":15,"column":11}},"15":{"start":{"line":16,"column":0},"end":{"line":16,"column":9}},"16":{"start":{"line":17,"column":0},"end":{"line":17,"column":22}},"17":{"start":{"line":18,"column":0},"end":{"line":18,"column":0}},"18":{"start":{"line":19,"column":0},"end":{"line":19,"column":52}},"19":{"start":{"line":20,"column":0},"end":{"line":20,"column":36}},"20":{"start":{"line":21,"column":0},"end":{"line":21,"column":2}},"21":{"start":{"line":22,"column":0},"end":{"line":22,"column":0}},"22":{"start":{"line":23,"column":0},"end":{"line":23,"column":19}},"23":{"start":{"line":24,"column":0},"end":{"line":24,"column":54}},"24":{"start":{"line":25,"column":0},"end":{"line":25,"column":25}},"25":{"start":{"line":26,"column":0},"end":{"line":26,"column":33}},"26":{"start":{"line":27,"column":0},"end":{"line":27,"column":16}},"27":{"start":{"line":28,"column":0},"end":{"line":28,"column":40}},"28":{"start":{"line":29,"column":0},"end":{"line":29,"column":51}},"29":{"start":{"line":30,"column":0},"end":{"line":30,"column":16}},"30":{"start":{"line":31,"column":0},"end":{"line":31,"column":9}},"31":{"start":{"line":32,"column":0},"end":{"line":32,"column":7}},"32":{"start":{"line":33,"column":0},"end":{"line":33,"column":65}},"33":{"start":{"line":34,"column":0},"end":{"line":34,"column":33}},"34":{"start":{"line":35,"column":0},"end":{"line":35,"column":21}},"35":{"start":{"line":36,"column":0},"end":{"line":36,"column":5}},"36":{"start":{"line":37,"column":0},"end":{"line":37,"column":22}},"37":{"start":{"line":38,"column":0},"end":{"line":38,"column":4}},"38":{"start":{"line":39,"column":0},"end":{"line":39,"column":39}},"39":{"start":{"line":40,"column":0},"end":{"line":40,"column":25}},"40":{"start":{"line":41,"column":0},"end":{"line":41,"column":25}},"41":{"start":{"line":42,"column":0},"end":{"line":42,"column":27}},"42":{"start":{"line":43,"column":0},"end":{"line":43,"column":24}},"43":{"start":{"line":44,"column":0},"end":{"line":44,"column":19}},"44":{"start":{"line":45,"column":0},"end":{"line":45,"column":15}},"45":{"start":{"line":46,"column":0},"end":{"line":46,"column":44}},"46":{"start":{"line":47,"column":0},"end":{"line":47,"column":14}},"47":{"start":{"line":48,"column":0},"end":{"line":48,"column":15}},"48":{"start":{"line":49,"column":0},"end":{"line":49,"column":55}},"49":{"start":{"line":50,"column":0},"end":{"line":50,"column":14}},"50":{"start":{"line":51,"column":0},"end":{"line":51,"column":15}},"51":{"start":{"line":52,"column":0},"end":{"line":52,"column":23}},"52":{"start":{"line":53,"column":0},"end":{"line":53,"column":24}},"53":{"start":{"line":54,"column":0},"end":{"line":54,"column":15}},"54":{"start":{"line":55,"column":0},"end":{"line":55,"column":110}},"55":{"start":{"line":56,"column":0},"end":{"line":56,"column":14}},"56":{"start":{"line":57,"column":0},"end":{"line":57,"column":5}},"57":{"start":{"line":58,"column":0},"end":{"line":58,"column":21}},"58":{"start":{"line":59,"column":0},"end":{"line":59,"column":4}},"59":{"start":{"line":60,"column":0},"end":{"line":60,"column":40}},"60":{"start":{"line":61,"column":0},"end":{"line":61,"column":25}},"61":{"start":{"line":62,"column":0},"end":{"line":62,"column":25}},"62":{"start":{"line":63,"column":0},"end":{"line":63,"column":27}},"63":{"start":{"line":64,"column":0},"end":{"line":64,"column":28}},"64":{"start":{"line":65,"column":0},"end":{"line":65,"column":26}},"65":{"start":{"line":66,"column":0},"end":{"line":66,"column":38}},"66":{"start":{"line":67,"column":0},"end":{"line":67,"column":21}},"67":{"start":{"line":68,"column":0},"end":{"line":68,"column":17}},"68":{"start":{"line":69,"column":0},"end":{"line":69,"column":26}},"69":{"start":{"line":70,"column":0},"end":{"line":70,"column":26}},"70":{"start":{"line":71,"column":0},"end":{"line":71,"column":17}},"71":{"start":{"line":72,"column":0},"end":{"line":72,"column":71}},"72":{"start":{"line":73,"column":0},"end":{"line":73,"column":16}},"73":{"start":{"line":74,"column":0},"end":{"line":74,"column":17}},"74":{"start":{"line":75,"column":0},"end":{"line":75,"column":26}},"75":{"start":{"line":76,"column":0},"end":{"line":76,"column":27}},"76":{"start":{"line":77,"column":0},"end":{"line":77,"column":17}},"77":{"start":{"line":78,"column":0},"end":{"line":78,"column":71}},"78":{"start":{"line":79,"column":0},"end":{"line":79,"column":16}},"79":{"start":{"line":80,"column":0},"end":{"line":80,"column":17}},"80":{"start":{"line":81,"column":0},"end":{"line":81,"column":26}},"81":{"start":{"line":82,"column":0},"end":{"line":82,"column":27}},"82":{"start":{"line":83,"column":0},"end":{"line":83,"column":17}},"83":{"start":{"line":84,"column":0},"end":{"line":84,"column":74}},"84":{"start":{"line":85,"column":0},"end":{"line":85,"column":16}},"85":{"start":{"line":86,"column":0},"end":{"line":86,"column":17}},"86":{"start":{"line":87,"column":0},"end":{"line":87,"column":52}},"87":{"start":{"line":88,"column":0},"end":{"line":88,"column":16}},"88":{"start":{"line":89,"column":0},"end":{"line":89,"column":17}},"89":{"start":{"line":90,"column":0},"end":{"line":90,"column":52}},"90":{"start":{"line":91,"column":0},"end":{"line":91,"column":16}},"91":{"start":{"line":92,"column":0},"end":{"line":92,"column":17}},"92":{"start":{"line":93,"column":0},"end":{"line":93,"column":52}},"93":{"start":{"line":94,"column":0},"end":{"line":94,"column":16}},"94":{"start":{"line":95,"column":0},"end":{"line":95,"column":17}},"95":{"start":{"line":96,"column":0},"end":{"line":96,"column":52}},"96":{"start":{"line":97,"column":0},"end":{"line":97,"column":16}},"97":{"start":{"line":98,"column":0},"end":{"line":98,"column":17}},"98":{"start":{"line":99,"column":0},"end":{"line":99,"column":51}},"99":{"start":{"line":100,"column":0},"end":{"line":100,"column":16}},"100":{"start":{"line":101,"column":0},"end":{"line":101,"column":7}},"101":{"start":{"line":102,"column":0},"end":{"line":102,"column":6}},"102":{"start":{"line":103,"column":0},"end":{"line":103,"column":21}},"103":{"start":{"line":104,"column":0},"end":{"line":104,"column":4}},"104":{"start":{"line":105,"column":0},"end":{"line":105,"column":38}},"105":{"start":{"line":106,"column":0},"end":{"line":106,"column":27}},"106":{"start":{"line":107,"column":0},"end":{"line":107,"column":25}},"107":{"start":{"line":108,"column":0},"end":{"line":108,"column":28}},"108":{"start":{"line":109,"column":0},"end":{"line":109,"column":40}},"109":{"start":{"line":110,"column":0},"end":{"line":110,"column":27}},"110":{"start":{"line":111,"column":0},"end":{"line":111,"column":45}},"111":{"start":{"line":112,"column":0},"end":{"line":112,"column":32}},"112":{"start":{"line":113,"column":0},"end":{"line":113,"column":28}},"113":{"start":{"line":114,"column":0},"end":{"line":114,"column":30}},"114":{"start":{"line":115,"column":0},"end":{"line":115,"column":30}},"115":{"start":{"line":116,"column":0},"end":{"line":116,"column":57}},"116":{"start":{"line":117,"column":0},"end":{"line":117,"column":18}},"117":{"start":{"line":118,"column":0},"end":{"line":118,"column":11}},"118":{"start":{"line":119,"column":0},"end":{"line":119,"column":23}},"119":{"start":{"line":120,"column":0},"end":{"line":120,"column":45}},"120":{"start":{"line":121,"column":0},"end":{"line":121,"column":18}},"121":{"start":{"line":122,"column":0},"end":{"line":122,"column":11}},"122":{"start":{"line":123,"column":0},"end":{"line":123,"column":9}},"123":{"start":{"line":124,"column":0},"end":{"line":124,"column":21}},"124":{"start":{"line":125,"column":0},"end":{"line":125,"column":27}},"125":{"start":{"line":126,"column":0},"end":{"line":126,"column":16}},"126":{"start":{"line":127,"column":0},"end":{"line":127,"column":9}},"127":{"start":{"line":128,"column":0},"end":{"line":128,"column":7}},"128":{"start":{"line":129,"column":0},"end":{"line":129,"column":5}},"129":{"start":{"line":130,"column":0},"end":{"line":130,"column":21}},"130":{"start":{"line":131,"column":0},"end":{"line":131,"column":3}},"131":{"start":{"line":132,"column":0},"end":{"line":132,"column":2}},"132":{"start":{"line":133,"column":0},"end":{"line":133,"column":0}},"133":{"start":{"line":134,"column":0},"end":{"line":134,"column":49}},"134":{"start":{"line":135,"column":0},"end":{"line":135,"column":7}},"135":{"start":{"line":136,"column":0},"end":{"line":136,"column":12}},"136":{"start":{"line":137,"column":0},"end":{"line":137,"column":11}},"137":{"start":{"line":138,"column":0},"end":{"line":138,"column":22}},"138":{"start":{"line":139,"column":0},"end":{"line":139,"column":44}},"139":{"start":{"line":140,"column":0},"end":{"line":140,"column":19}},"140":{"start":{"line":141,"column":0},"end":{"line":141,"column":3}},"141":{"start":{"line":142,"column":0},"end":{"line":142,"column":17}},"142":{"start":{"line":143,"column":0},"end":{"line":143,"column":2}},"143":{"start":{"line":144,"column":0},"end":{"line":144,"column":0}},"144":{"start":{"line":145,"column":0},"end":{"line":145,"column":37}},"145":{"start":{"line":146,"column":0},"end":{"line":146,"column":23}},"146":{"start":{"line":147,"column":0},"end":{"line":147,"column":16}},"147":{"start":{"line":148,"column":0},"end":{"line":148,"column":22}},"148":{"start":{"line":149,"column":0},"end":{"line":149,"column":31}},"149":{"start":{"line":150,"column":0},"end":{"line":150,"column":31}},"150":{"start":{"line":151,"column":0},"end":{"line":151,"column":21}},"151":{"start":{"line":152,"column":0},"end":{"line":152,"column":12}},"152":{"start":{"line":153,"column":0},"end":{"line":153,"column":5}},"153":{"start":{"line":154,"column":0},"end":{"line":154,"column":12}},"154":{"start":{"line":155,"column":0},"end":{"line":155,"column":3}},"155":{"start":{"line":156,"column":0},"end":{"line":156,"column":17}},"156":{"start":{"line":157,"column":0},"end":{"line":157,"column":2}},"157":{"start":{"line":158,"column":0},"end":{"line":158,"column":0}},"158":{"start":{"line":159,"column":0},"end":{"line":159,"column":54}},"159":{"start":{"line":160,"column":0},"end":{"line":160,"column":23}},"160":{"start":{"line":161,"column":0},"end":{"line":161,"column":16}},"161":{"start":{"line":162,"column":0},"end":{"line":162,"column":23}},"162":{"start":{"line":163,"column":0},"end":{"line":163,"column":31}},"163":{"start":{"line":164,"column":0},"end":{"line":164,"column":51}},"164":{"start":{"line":165,"column":0},"end":{"line":165,"column":12}},"165":{"start":{"line":166,"column":0},"end":{"line":166,"column":5}},"166":{"start":{"line":167,"column":0},"end":{"line":167,"column":12}},"167":{"start":{"line":168,"column":0},"end":{"line":168,"column":3}},"168":{"start":{"line":169,"column":0},"end":{"line":169,"column":64}},"169":{"start":{"line":170,"column":0},"end":{"line":170,"column":2}},"170":{"start":{"line":171,"column":0},"end":{"line":171,"column":0}},"171":{"start":{"line":172,"column":0},"end":{"line":172,"column":60}},"172":{"start":{"line":173,"column":0},"end":{"line":173,"column":51}},"173":{"start":{"line":174,"column":0},"end":{"line":174,"column":44}},"174":{"start":{"line":175,"column":0},"end":{"line":175,"column":2}}},"s":{"0":1,"1":1,"2":1,"3":1,"4":1,"5":1,"6":1,"7":1,"8":1,"9":1,"10":1,"11":1,"12":1,"13":1,"14":1,"15":1,"16":1,"17":1,"18":1,"19":27,"20":27,"21":1,"22":1,"23":1,"24":3,"25":3,"26":0,"27":0,"28":0,"29":0,"30":0,"31":0,"32":0,"33":0,"34":0,"35":0,"36":3,"37":3,"38":1,"39":26,"40":26,"41":26,"42":26,"43":26,"44":26,"45":17,"46":17,"47":26,"48":4,"49":4,"50":26,"51":26,"52":26,"53":26,"54":5,"55":5,"56":26,"57":26,"58":26,"59":1,"60":36,"61":36,"62":36,"63":36,"64":31,"65":31,"66":31,"67":31,"68":31,"69":31,"70":31,"71":8,"72":8,"73":31,"74":31,"75":31,"76":31,"77":6,"78":6,"79":31,"80":31,"81":31,"82":31,"83":8,"84":8,"85":31,"86":0,"87":0,"88":31,"89":3,"90":3,"91":31,"92":3,"93":3,"94":31,"95":0,"96":0,"97":31,"98":3,"99":3,"100":31,"101":31,"102":36,"103":36,"104":1,"105":15,"106":15,"107":15,"108":12,"109":12,"110":12,"111":14,"112":14,"113":14,"114":14,"115":11,"116":11,"117":11,"118":14,"119":3,"120":3,"121":3,"122":14,"123":14,"124":11,"125":11,"126":11,"127":14,"128":12,"129":15,"130":15,"131":1,"132":1,"133":1,"134":11,"135":11,"136":11,"137":11,"138":11,"139":9,"140":9,"141":11,"142":11,"143":1,"144":1,"145":3,"146":3,"147":3,"148":3,"149":6,"150":2,"151":2,"152":2,"153":4,"154":4,"155":3,"156":3,"157":1,"158":1,"159":0,"160":0,"161":0,"162":0,"163":0,"164":0,"165":0,"166":0,"167":0,"168":0,"169":0,"170":1,"171":1,"172":80,"173":80,"174":80},"branchMap":{"0":{"type":"branch","line":19,"loc":{"start":{"line":19,"column":18},"end":{"line":21,"column":2}},"locations":[{"start":{"line":19,"column":18},"end":{"line":21,"column":2}}]},"1":{"type":"branch","line":20,"loc":{"start":{"line":20,"column":16},"end":{"line":20,"column":29}},"locations":[{"start":{"line":20,"column":16},"end":{"line":20,"column":29}}]},"2":{"type":"branch","line":20,"loc":{"start":{"line":20,"column":16},"end":{"line":20,"column":36}},"locations":[{"start":{"line":20,"column":16},"end":{"line":20,"column":36}}]},"3":{"type":"branch","line":24,"loc":{"start":{"line":24,"column":14},"end":{"line":38,"column":4}},"locations":[{"start":{"line":24,"column":14},"end":{"line":38,"column":4}}]},"4":{"type":"branch","line":28,"loc":{"start":{"line":28,"column":39},"end":{"line":32,"column":7}},"locations":[{"start":{"line":28,"column":39},"end":{"line":32,"column":7}}]},"5":{"type":"branch","line":29,"loc":{"start":{"line":29,"column":50},"end":{"line":31,"column":9}},"locations":[{"start":{"line":29,"column":50},"end":{"line":31,"column":9}}]},"6":{"type":"branch","line":33,"loc":{"start":{"line":33,"column":18},"end":{"line":33,"column":65}},"locations":[{"start":{"line":33,"column":18},"end":{"line":33,"column":65}}]},"7":{"type":"branch","line":26,"loc":{"start":{"line":26,"column":4},"end":{"line":36,"column":5}},"locations":[{"start":{"line":26,"column":4},"end":{"line":36,"column":5}}]},"8":{"type":"branch","line":39,"loc":{"start":{"line":39,"column":15},"end":{"line":59,"column":4}},"locations":[{"start":{"line":39,"column":15},"end":{"line":59,"column":4}}]},"9":{"type":"branch","line":45,"loc":{"start":{"line":45,"column":6},"end":{"line":47,"column":14}},"locations":[{"start":{"line":45,"column":6},"end":{"line":47,"column":14}}]},"10":{"type":"branch","line":46,"loc":{"start":{"line":46,"column":20},"end":{"line":46,"column":39}},"locations":[{"start":{"line":46,"column":20},"end":{"line":46,"column":39}}]},"11":{"type":"branch","line":46,"loc":{"start":{"line":46,"column":20},"end":{"line":46,"column":44}},"locations":[{"start":{"line":46,"column":20},"end":{"line":46,"column":44}}]},"12":{"type":"branch","line":48,"loc":{"start":{"line":48,"column":6},"end":{"line":50,"column":14}},"locations":[{"start":{"line":48,"column":6},"end":{"line":50,"column":14}}]},"13":{"type":"branch","line":49,"loc":{"start":{"line":49,"column":20},"end":{"line":49,"column":49}},"locations":[{"start":{"line":49,"column":20},"end":{"line":49,"column":49}}]},"14":{"type":"branch","line":49,"loc":{"start":{"line":49,"column":20},"end":{"line":49,"column":55}},"locations":[{"start":{"line":49,"column":20},"end":{"line":49,"column":55}}]},"15":{"type":"branch","line":51,"loc":{"start":{"line":51,"column":6},"end":{"line":52,"column":15}},"locations":[{"start":{"line":51,"column":6},"end":{"line":52,"column":15}}]},"16":{"type":"branch","line":54,"loc":{"start":{"line":54,"column":6},"end":{"line":56,"column":14}},"locations":[{"start":{"line":54,"column":6},"end":{"line":56,"column":14}}]},"17":{"type":"branch","line":55,"loc":{"start":{"line":55,"column":30},"end":{"line":55,"column":70}},"locations":[{"start":{"line":55,"column":30},"end":{"line":55,"column":70}}]},"18":{"type":"branch","line":55,"loc":{"start":{"line":55,"column":30},"end":{"line":55,"column":82}},"locations":[{"start":{"line":55,"column":30},"end":{"line":55,"column":82}}]},"19":{"type":"branch","line":55,"loc":{"start":{"line":55,"column":20},"end":{"line":55,"column":107}},"locations":[{"start":{"line":55,"column":20},"end":{"line":55,"column":107}}]},"20":{"type":"branch","line":55,"loc":{"start":{"line":55,"column":20},"end":{"line":55,"column":110}},"locations":[{"start":{"line":55,"column":20},"end":{"line":55,"column":110}}]},"21":{"type":"branch","line":60,"loc":{"start":{"line":60,"column":16},"end":{"line":104,"column":4}},"locations":[{"start":{"line":60,"column":16},"end":{"line":104,"column":4}}]},"22":{"type":"branch","line":64,"loc":{"start":{"line":64,"column":27},"end":{"line":102,"column":6}},"locations":[{"start":{"line":64,"column":27},"end":{"line":102,"column":6}}]},"23":{"type":"branch","line":68,"loc":{"start":{"line":68,"column":8},"end":{"line":69,"column":17}},"locations":[{"start":{"line":68,"column":8},"end":{"line":69,"column":17}}]},"24":{"type":
[...]
locations":[{"start":{"line":274,"column":12},"end":{"line":274,"column":88}}]},"61":{"type":"branch","line":272,"loc":{"start":{"line":272,"column":10},"end":{"line":277,"column":11}},"locations":[{"start":{"line":272,"column":10},"end":{"line":277,"column":11}}]},"62":{"type":"branch","line":278,"loc":{"start":{"line":278,"column":-1},"end":{"line":278,"column":16}},"locations":[{"start":{"line":278,"column":-1},"end":{"line":278,"column":16}}]},"63":{"type":"branch","line":279,"loc":{"start":{"line":279,"column":8},"end":{"line":283,"column":16}},"locations":[{"start":{"line":279,"column":8},"end":{"line":283,"column":16}}]},"64":{"type":"branch","line":284,"loc":{"start":{"line":284,"column":8},"end":{"line":288,"column":16}},"locations":[{"start":{"line":284,"column":8},"end":{"line":288,"column":16}}]},"65":{"type":"branch","line":289,"loc":{"start":{"line":289,"column":8},"end":{"line":296,"column":16}},"locations":[{"start":{"line":289,"column":8},"end":{"line":296,"column":16}}]},"66":{"type":"branch","line":292,"loc":{"start":{"line":292,"column":46},"end":{"line":295,"column":11}},"locations":[{"start":{"line":292,"column":46},"end":{"line":295,"column":11}}]},"67":{"type":"branch","line":297,"loc":{"start":{"line":297,"column":8},"end":{"line":307,"column":16}},"locations":[{"start":{"line":297,"column":8},"end":{"line":307,"column":16}}]},"68":{"type":"branch","line":301,"loc":{"start":{"line":301,"column":38},"end":{"line":304,"column":17}},"locations":[{"start":{"line":301,"column":38},"end":{"line":304,"column":17}}]},"69":{"type":"branch","line":301,"loc":{"start":{"line":301,"column":10},"end":{"line":306,"column":11}},"locations":[{"start":{"line":301,"column":10},"end":{"line":306,"column":11}}]},"70":{"type":"branch","line":308,"loc":{"start":{"line":308,"column":8},"end":{"line":319,"column":16}},"locations":[{"start":{"line":308,"column":8},"end":{"line":319,"column":16}}]},"71":{"type":"branch","line":311,"loc":{"start":{"line":311,"column":38},"end":{"line":316,"column":17}},"locations":[{"start":{"line":311,"column":38},"end":{"line":316,"column":17}}]},"72":{"type":"branch","line":311,"loc":{"start":{"line":311,"column":10},"end":{"line":318,"column":11}},"locations":[{"start":{"line":311,"column":10},"end":{"line":318,"column":11}}]},"73":{"type":"branch","line":320,"loc":{"start":{"line":320,"column":8},"end":{"line":323,"column":16}},"locations":[{"start":{"line":320,"column":8},"end":{"line":323,"column":16}}]},"74":{"type":"branch","line":324,"loc":{"start":{"line":324,"column":8},"end":{"line":328,"column":16}},"locations":[{"start":{"line":324,"column":8},"end":{"line":328,"column":16}}]},"75":{"type":"branch","line":329,"loc":{"start":{"line":329,"column":8},"end":{"line":333,"column":16}},"locations":[{"start":{"line":329,"column":8},"end":{"line":333,"column":16}}]},"76":{"type":"branch","line":334,"loc":{"start":{"line":334,"column":8},"end":{"line":337,"column":16}},"locations":[{"start":{"line":334,"column":8},"end":{"line":337,"column":16}}]},"77":{"type":"branch","line":338,"loc":{"start":{"line":338,"column":8},"end":{"line":354,"column":9}},"locations":[{"start":{"line":338,"column":8},"end":{"line":354,"column":9}}]},"78":{"type":"branch","line":341,"loc":{"start":{"line":341,"column":29},"end":{"line":344,"column":17}},"locations":[{"start":{"line":341,"column":29},"end":{"line":344,"column":17}}]},"79":{"type":"branch","line":343,"loc":{"start":{"line":343,"column":17},"end":{"line":343,"column":39}},"locations":[{"start":{"line":343,"column":17},"end":{"line":343,"column":39}}]},"80":{"type":"branch","line":343,"loc":{"start":{"line":343,"column":17},"end":{"line":343,"column":41}},"locations":[{"start":{"line":343,"column":17},"end":{"line":343,"column":41}}]},"81":{"type":"branch","line":341,"loc":{"start":{"line":341,"column":10},"end":{"line":349,"column":11}},"locations":[{"start":{"line":341,"column":10},"end":{"line":349,"column":11}}]},"82":{"type":"branch","line":346,"loc":{"start":{"line":346,"column":30},"end":{"line":346,"column":37}},"locations":[{"start":{"line":346,"column":30},"end":{"line":346,"column":37}}]},"83":{"type":"branch","line":346,"loc":{"start":{"line":346,"column":30},"end":{"line":346,"column":39}},"locations":[{"start":{"line":346,"column":30},"end":{"line":346,"column":39}}]},"84":{"type":"branch","line":347,"loc":{"start":{"line":347,"column":36},"end":{"line":347,"column":49}},"locations":[{"start":{"line":347,"column":36},"end":{"line":347,"column":49}}]},"85":{"type":"branch","line":347,"loc":{"start":{"line":347,"column":36},"end":{"line":347,"column":53}},"locations":[{"start":{"line":347,"column":36},"end":{"line":347,"column":53}}]},"86":{"type":"branch","line":348,"loc":{"start":{"line":348,"column":24},"end":{"line":348,"column":31}},"locations":[{"start":{"line":348,"column":24},"end":{"line":348,"column":31}}]},"87":{"type":"branch","line":348,"loc":{"start":{"line":348,"column":24},"end":{"line":348,"column":33}},"locations":[{"start":{"line":348,"column":24},"end":{"line":348,"column":33}}]},"88":{"type":"branch","line":350,"loc":{"start":{"line":350,"column":-1},"end":{"line":352,"column":29}},"locations":[{"start":{"line":350,"column":-1},"end":{"line":352,"column":29}}]},"89":{"type":"branch","line":352,"loc":{"start":{"line":352,"column":19},"end":{"line":352,"column":47}},"locations":[{"start":{"line":352,"column":19},"end":{"line":352,"column":47}}]},"90":{"type":"branch","line":352,"loc":{"start":{"line":352,"column":19},"end":{"line":352,"column":55}},"locations":[{"start":{"line":352,"column":19},"end":{"line":352,"column":55}}]},"91":{"type":"branch","line":355,"loc":{"start":{"line":355,"column":8},"end":{"line":364,"column":16}},"locations":[{"start":{"line":355,"column":8},"end":{"line":364,"column":16}}]},"92":{"type":"branch","line":358,"loc":{"start":{"line":358,"column":59},"end":{"line":361,"column":11}},"locations":[{"start":{"line":358,"column":59},"end":{"line":361,"column":11}}]},"93":{"type":"branch","line":365,"loc":{"start":{"line":365,"column":8},"end":{"line":367,"column":16}},"locations":[{"start":{"line":365,"column":8},"end":{"line":367,"column":16}}]},"94":{"type":"branch","line":245,"loc":{"start":{"line":245,"column":6},"end":{"line":370,"column":5}},"locations":[{"start":{"line":245,"column":6},"end":{"line":370,"column":5}}]},"95":{"type":"branch","line":371,"loc":{"start":{"line":371,"column":4},"end":{"line":377,"column":3}},"locations":[{"start":{"line":371,"column":4},"end":{"line":377,"column":3}}]},"96":{"type":"branch","line":378,"loc":{"start":{"line":378,"column":-1},"end":{"line":378,"column":9}},"locations":[{"start":{"line":378,"column":-1},"end":{"line":378,"column":9}}]},"97":{"type":"branch","line":378,"loc":{"start":{"line":378,"column":51},"end":{"line":381,"column":3}},"locations":[{"start":{"line":378,"column":51},"end":{"line":381,"column":3}}]},"98":{"type":"branch","line":382,"loc":{"start":{"line":382,"column":-1},"end":{"line":382,"column":46}},"locations":[{"start":{"line":382,"column":-1},"end":{"line":382,"column":46}}]},"99":{"type":"branch","line":382,"loc":{"start":{"line":382,"column":46},"end":{"line":384,"column":3}},"locations":[{"start":{"line":382,"column":46},"end":{"line":384,"column":3}}]},"100":{"type":"branch","line":385,"loc":{"start":{"line":385,"column":-1},"end":{"line":389,"column":2}},"locations":[{"start":{"line":385,"column":-1},"end":{"line":389,"column":2}}]},"101":{"type":"branch","line":214,"loc":{"start":{"line":214,"column":20},"end":{"line":229,"column":4}},"locations":[{"start":{"line":214,"column":20},"end":{"line":229,"column":4}}]},"102":{"type":"branch","line":216,"loc":{"start":{"line":216,"column":12},"end":{"line":227,"column":5}},"locations":[{"start":{"line":216,"column":12},"end":{"line":227,"column":5}}]},"103":{"type":"branch","line":216,"loc":{"start":{"line":216,"column":12},"end":{"line":220,"column":11}},"locations":[{"start":{"line":216,"column":12},"end":{"line":220,"column":11}}]},"104":{"type":"branch","line":216,"loc":{"start":{"line":216,"column":4},"end":{"line":227,"column":5}},"locations":[{"start":{"line":216,"column":4},"end":{"line":227,"column":5}}]},"105":{"type":"branch","line":231,"loc":{"start":{"line":231,"column":29},"end":{"line":234,"column":4}},"locations":[{"start":{"line":231,"column":29},"end":{"line":234,"column":4}}]},"106":{"type":"branch","line":232,"loc":{"start":{"line":232,"column":23},"end":{"line":232,"column":71}},"locations":[{"start":{"line":232,"column":23},"end":{"line":232,"column":71}}]},"107":{"type":"branch","line":232,"loc":{"start":{"line":232,"column":23},"end":{"line":232,"column":74}},"locations":[{"start":{"line":232,"column":23},"end":{"line":232,"column":74}}]},"108":{"type":"branch","line":233,"loc":{"start":{"line":233,"column":11},"end":{"line":233,"column":46}},"locations":[{"start":{"line":233,"column":11},"end":{"line":233,"column":46}}]},"109":{"type":"branch","line":233,"loc":{"start":{"line":233,"column":11},"end":{"line":233,"column":78}},"locations":[{"start":{"line":233,"column":11},"end":{"line":233,"column":78}}]}},"b":{"0":[52],"1":[6],"2":[46],"3":[7],"4":[39],"5":[38],"6":[1],"7":[17],"8":[11],"9":[65],"10":[44],"11":[39],"12":[0],"13":[853],"14":[522],"15":[503],"16":[350],"17":[45],"18":[169],"19":[43],"20":[126],"21":[1],"22":[125],"23":[43],"24":[1],"25":[76],"26":[23],"27":[4],"28":[19],"29":[2],"30":[16],"31":[9],"32":[10],"33":[9],"34":[1],"35":[75],"36":[21],"37":[20],"38":[13],"39":[7],"40":[1],"41":[20],"42":[43],"43":[40],"44":[3],"45":[157],"46":[1270],"47":[91],"48":[49],"49":[1221],"50":[52],"51":[22],"52":[1],"53":[21],"54":[21],"55":[20],"56":[1],"57":[22],"58":[21],"59":[20],"60":[20],"61":[1],"62":[21],"63":[9],"64":[7],"65":[17],"66":[6],"67":[45],"68":[43],"69":[2],"70":[44],"71":[43],"72":[1],"73":[1],"74":[21],"75":[6],"76":[6],"77":[76],"78":[18],"79":[16],"80":[2],"81":[57],"82":[53],"83":[4],"84":[53],"85":[4],"86":[53],"87":[4],"88":[75],"89":[18],"90":[57],"91":[74],"92":[12],"93":[798],"94":[1219],"95":[2],"96":[155],"97":[9],"98":[155],"99":[2],"100":[153],"101":[319],"102":[213],"103":[158],"104":[161],"105":[365],"106":[212],"107":[153],"108":[212],"109":[153]},"fnMap":{"0":{"name":"handlerEscapes","decl":{"start":{"line":33,"column":23},"end":{"line":51,"column":2}},"loc":{"start":{"line":33,"column":23},"end":{"line":51,"column":2}},"line":33},"1":{"name":"TokenQIsQuantifier","decl":{"start":{"line":58,"column":27},"end":{"line":70,"column":2}},"loc":{"start":{"line":58,"column":27},"end":{"line":70,"column":2}},"line":58},"2":{"name":"handlerQuantifierNodeIntoExpNodeList","decl":{"start":{"line":72,"column":45},"end":{"line":88,"column":2}},"loc":{"start":{"line":72,"column":45},"end":{"line":88,"column":2}},"line":72},"3":{"name":"mkCharsNodeIntoExpNodeList","decl":{"start":{"line":95,"column":35},"end":{"line":102,"column":2}},"loc":{"start":{"line":95,"column":35},"end":{"line":102,"column":2}},"line":95},"4":{"name":"isQuantifierExp","decl":{"start":{"line":110,"column":24},"end":{"line":124,"column":2}},"loc":{"start":{"line":110,"column":24},"end":{"line":124,"column":2}},"line":110},"5":{"name":"handleGroupOrAssertExp","decl":{"start":{"line":132,"column":31},"end":{"line":154,"column":2}},"loc":{"start":{"line":132,"column":31},"end":{"line":154,"column":2}},"line":132},"6":{"name":"parseRangeCharExp","decl":{"start":{"line":164,"column":26},"end":{"line":186,"column":2}},"loc":{"start":{"line":164,"column":26},"end":{"line":186,"column":2}},"line":164},"7":{"name":"parseQuantifierExp","decl":{"start":{"line":193,"column":27},"end":{"line":199,"column":2}},"loc":{"start":{"line":193,"column":27},"end":{"line":199,"column":2}},"line":193},"8":{"name":"generateNode","decl":{"start":{"line":203,"column":21},"end":{"line":389,"column":2}},"loc":{"start":{"line":203,"column":21},"end":{"line":389,"column":2}},"line":203},"9":{"name":"setStacks","decl":{"start":{"line":214,"column":20},"end":{"line":229,"column":4}},"loc":{"start":{"line":214,"column":20},"end":{"line":229,"column":4}},"line":214},"10":{"name":"getLastNodeInStack","decl":{"start":{"line":231,"column":29},"end":{"line":234,"column":4}},"loc":{"start":{"line":231,"column":29},"end":{"line":234,"column":4}},"line":231}},"f":{"0":52,"1":17,"2":65,"3":853,"4":45,"5":76,"6":21,"7":43,"8":157,"9":319,"10":365}}
,"/Users/xixixi/project/private/regular-expression/src/generateNode/meta.js": {"path":"/Users/xixixi/project/private/regular-expression/src/generateNode/meta.js","all":false,"statementMap":{"0":{"start":{"line":1,"column":0},"end":{"line":1,"column":7}},"1":{"start":{"line":2,"column":0},"end":{"line":2,"column":16}},"2":{"start":{"line":3,"column":0},"end":{"line":3,"column":16}},"3":{"start":{"line":4,"column":0},"end":{"line":4,"column":14}},"4":{"start":{"line":5,"column":0},"end":{"line":5,"column":31}},"5":{"start":{"line":6,"column":0},"end":{"line":6,"column":0}},"6":{"start":{"line":7,"column":0},"end":{"line":7,"column":30}},"7":{"start":{"line":8,"column":0},"end":{"line":8,"column":36}},"8":{"start":{"line":9,"column":0},"end":{"line":9,"column":20}},"9":{"start":{"line":10,"column":0},"end":{"line":10,"column":2}},"10":{"start":{"line":11,"column":0},"end":{"line":11,"column":34}},"11":{"start":{"line":12,"column":0},"end":{"line":12,"column":43}},"12":{"start":{"line":13,"column":0},"end":{"line":13,"column":2}},"13":{"start":{"line":14,"column":0},"end":{"line":14,"column":0}},"14":{"start":{"line":15,"column":0},"end":{"line":15,"column":32}},"15":{"start":{"line":16,"column":0},"end":{"line":16,"column":36}},"16":{"start":{"line":17,"column":0},"end":{"line":17,"column":44}},"17":{"start":{"line":18,"column":0},"end":{"line":18,"column":2}},"18":{"start":{"line":19,"column":0},"end":{"line":19,"column":0}},"19":{"start":{"line":20,"column":0},"end":{"line":20,"column":29}},"20":{"start":{"line":21,"column":0},"end":{"line":21,"column":36}},"21":{"start":{"line":22,"column":0},"end":{"line":22,"column":87}},"22":{"start":{"line":23,"column":0},"end":{"line":23,"column":2}},"23":{"start":{"line":24,"column":0},"end":{"line":24,"column":0}},"24":{"start":{"line":25,"column":0},"end":{"line":25,"column":34}},"25":{"start":{"line":26,"column":0},"end":{"line":26,"column":38}},"26":{"start":{"line":27,"column":0},"end":{"line":27,"column":2}},"27":{"start":{"line":28,"column":0},"end":{"line":28,"column":0}},"28":{"start":{"line":29,"column":0},"end":{"line":29,"column":33}},"29":{"start":{"line":30,"column":0},"end":{"line":30,"column":37}},"30":{"start":{"line":31,"column":0},"end":{"line":31,"column":2}},"31":{"start":{"line":32,"column":0},"end":{"line":32,"column":0}},"32":{"start":{"line":33,"column":0},"end":{"line":33,"column":34}},"33":{"start":{"line":34,"column":0},"end":{"line":34,"column":55}},"34":{"start":{"line":35,"column":0},"end":{"line":35,"column":2}},"35":{"start":{"line":36,"column":0},"end":{"line":36,"column":0}},"36":{"start":{"line":37,"column":0},"end":{"line":37,"column":31}},"37":{"start":{"line":38,"column":0},"end":{"line":38,"column":34}},"38":{"start":{"line":39,"column":0},"end":{"line":39,"column":85}},"39":{"start":{"line":40,"column":0},"end":{"line":40,"column":164}},"40":{"start":{"line":41,"column":0},"end":{"line":41,"column":2}},"41":{"start":{"line":42,"column":0},"end":{"line":42,"column":0}},"42":{"start":{"line":43,"column":0},"end":{"line":43,"column":18}},"43":{"start":{"line":44,"column":0},"end":{"line":44,"column":9}},"44":{"start":{"line":45,"column":0},"end":{"line":45,"column":13}},"45":{"start":{"line":46,"column":0},"end":{"line":46,"column":11}},"46":{"start":{"line":47,"column":0},"end":{"line":47,"column":8}},"47":{"start":{"line":48,"column":0},"end":{"line":48,"column":13}},"48":{"start":{"line":49,"column":0},"end":{"line":49,"column":12}},"49":{"start":{"line":50,"column":0},"end":{"line":50,"column":13}},"50":{"start":{"line":51,"column":0},"end":{"line":51,"column":9}},"51":{"start":{"line":52,"column":0},"end":{"line":52,"column":2}}},"s":{"0":1,"1":1,"2":1,"3":1,"4":1,"5":1,"6":1,"7":0,"8":0,"9":0,"10":1,"11":0,"12":0,"13":1,"14":1,"15":191,"16":191,"17":191,"18":1,"19":1,"20":10,"21":10,"22":10,"23":1,"24":1,"25":46,"26":46,"27":1,"28":1,"29":39,"30":39,"31":1,"32":1,"33":10,"34":10,"35":1,"36":1,"37":6,"38":6,"39":6,"40":6,"41":1,"42":1,"43":1,"44":1,"45":1,"46":1,"47":1,"48":1,"49":1,"50":1,"51":1},"branchMap":{"0":{"type":"branch","line":15,"loc":{"start":{"line":15,"column":17},"end":{"line":18,"column":2}},"locations":[{"start":{"line":15,"column":17},"end":{"line":18,"column":2}}]},"1":{"type":"branch","line":17,"loc":{"start":{"line":17,"column":9},"end":{"line":17,"column":44}},"locations":[{"start":{"line":17,"column":9},"end":{"line":17,"column":44}}]},"2":{"type":"branch","line":20,"loc":{"start":{"line":20,"column":14},"end":{"line":23,"column":2}},"locations":[{"start":{"line":20,"column":14},"end":{"line":23,"column":2}}]},"3":{"type":"branch","line":22,"loc":{"start":{"line":22,"column":10},"end":{"line":22,"column":50}},"locations":[{"start":{"line":22,"column":10},"end":{"line":22,"column":50}}]},"4":{"type":"branch","line":25,"loc":{"start":{"line":25,"column":19},"end":{"line":27,"column":2}},"locations":[{"start":{"line":25,"column":19},"end":{"line":27,"column":2}}]},"5":{"type":"branch","line":29,"loc":{"start":{"line":29,"column":18},"end":{"line":31,"column":2}},"locations":[{"start":{"line":29,"column":18},"end":{"line":31,"column":2}}]},"6":{"type":"branch","line":33,"loc":{"start":{"line":33,"column":19},"end":{"line":35,"column":2}},"locations":[{"start":{"line":33,"column":19},"end":{"line":35,"column":2}}]},"7":{"type":"branch","line":34,"loc":{"start":{"line":34,"column":9},"end":{"line":34,"column":33}},"locations":[{"start":{"line":34,"column":9},"end":{"line":34,"column":33}}]},"8":{"type":"branch","line":34,"loc":{"start":{"line":34,"column":9},"end":{"line":34,"column":55}},"locations":[{"start":{"line":34,"column":9},"end":{"line":34,"column":55}}]},"9":{"type":"branch","line":37,"loc":{"start":{"line":37,"column":16},"end":{"line":41,"column":2}},"locations":[{"start":{"line":37,"column":16},"end":{"line":41,"column":2}}]},"10":{"type":"branch","line":40,"loc":{"start":{"line":40,"column":45},"end":{"line":40,"column":84}},"locations":[{"start":{"line":40,"column":45},"end":{"line":40,"column":84}}]}},"b":{"0":[191],"1":[142],"2":[10],"3":[6],"4":[46],"5":[39],"6":[10],"7":[6],"8":[4],"9":[6],"10":[0]},"fnMap":{"0":{"name":"isMeta","decl":{"start":{"line":7,"column":15},"end":{"line":10,"column":2}},"loc":{"start":{"line":7,"column":15},"end":{"line":10,"column":2}},"line":7},"1":{"name":"isDescribe","decl":{"start":{"line":11,"column":19},"end":{"line":13,"column":2}},"loc":{"start":{"line":11,"column":19},"end":{"line":13,"column":2}},"line":11},"2":{"name":"isNumber","decl":{"start":{"line":15,"column":17},"end":{"line":18,"column":2}},"loc":{"start":{"line":15,"column":17},"end":{"line":18,"column":2}},"line":15},"3":{"name":"isABC","decl":{"start":{"line":20,"column":14},"end":{"line":23,"column":2}},"loc":{"start":{"line":20,"column":14},"end":{"line":23,"column":2}},"line":20},"4":{"name":"isBoundary","decl":{"start":{"line":25,"column":19},"end":{"line":27,"column":2}},"loc":{"start":{"line":25,"column":19},"end":{"line":27,"column":2}},"line":25},"5":{"name":"isCharSet","decl":{"start":{"line":29,"column":18},"end":{"line":31,"column":2}},"loc":{"start":{"line":29,"column":18},"end":{"line":31,"column":2}},"line":29},"6":{"name":"isWordChar","decl":{"start":{"line":33,"column":19},"end":{"line":35,"column":2}},"loc":{"start":{"line":33,"column":19},"end":{"line":35,"column":2}},"line":33},"7":{"name":"isSpace","decl":{"start":{"line":37,"column":16},"end":{"line":41,"column":2}},"loc":{"start":{"line":37,"column":16},"end":{"line":41,"column":2}},"line":37}},"f":{"0":0,"1":0,"2":191,"3":10,"4":46,"5":39,"6":10,"7":6}}
}
