TN:
SF:src/describeChar.js
FNF:0
FNH:0
DA:1,1
DA:2,1
DA:3,1
DA:4,1
DA:5,1
DA:6,1
DA:7,1
DA:8,1
DA:9,1
DA:10,1
DA:11,1
DA:12,1
DA:13,1
DA:14,1
DA:15,1
DA:16,1
DA:17,1
DA:18,1
DA:19,1
DA:20,1
DA:21,1
DA:22,1
DA:23,1
DA:24,1
DA:25,1
DA:26,1
DA:27,1
DA:28,1
LF:28
LH:28
BRF:0
BRH:0
end_of_record
TN:
SF:src/expNode.js
FN:6,NodeInterface
FN:21,QuantifierNode
FN:35,BoundaryNode
FN:47,GroupIdNode
FN:59,GroupNode
FN:75,AssertionsNode
FN:89,CharSetNode
FN:103,RangeCharSetNode
FN:115,PresetCharSetNode
FN:127,LogicOrNode
FN:140,CharsNode
FNF:11
FNH:11
FNDA:250,NodeInterface
FNDA:26,QuantifierNode
FNDA:8,BoundaryNode
FNDA:4,GroupIdNode
FNDA:18,GroupNode
FNDA:8,AssertionsNode
FNDA:16,CharSetNode
FNDA:10,RangeCharSetNode
FNDA:4,PresetCharSetNode
FNDA:16,LogicOrNode
FNDA:140,CharsNode
DA:1,1
DA:2,1
DA:3,1
DA:4,1
DA:5,1
DA:6,250
DA:7,250
DA:8,250
DA:9,250
DA:10,250
DA:11,250
DA:12,250
DA:13,250
DA:14,1
DA:15,1
DA:16,1
DA:17,1
DA:18,1
DA:19,1
DA:20,1
DA:21,1
DA:22,26
DA:23,26
DA:24,26
DA:25,26
DA:26,26
DA:27,26
DA:28,26
DA:29,1
DA:30,1
DA:31,1
DA:32,1
DA:33,1
DA:34,1
DA:35,1
DA:36,8
DA:37,8
DA:38,8
DA:39,8
DA:40,8
DA:41,1
DA:42,1
DA:43,1
DA:44,1
DA:45,1
DA:46,1
DA:47,1
DA:48,4
DA:49,4
DA:50,4
DA:51,4
DA:52,4
DA:53,1
DA:54,1
DA:55,1
DA:56,1
DA:57,1
DA:58,1
DA:59,1
DA:60,18
DA:61,18
DA:62,18
DA:63,18
DA:64,18
DA:65,18
DA:66,18
DA:67,1
DA:68,1
DA:69,1
DA:70,1
DA:71,1
DA:72,1
DA:73,1
DA:74,1
DA:75,1
DA:76,8
DA:77,8
DA:78,8
DA:79,8
DA:80,8
DA:81,8
DA:82,8
DA:83,1
DA:84,1
DA:85,1
DA:86,1
DA:87,1
DA:88,1
DA:89,1
DA:90,16
DA:91,16
DA:92,16
DA:93,16
DA:94,16
DA:95,16
DA:96,1
DA:97,1
DA:98,1
DA:99,1
DA:100,1
DA:101,1
DA:102,1
DA:103,1
DA:104,10
DA:105,10
DA:106,10
DA:107,10
DA:108,10
DA:109,1
DA:110,1
DA:111,1
DA:112,1
DA:113,1
DA:114,1
DA:115,1
DA:116,4
DA:117,4
DA:118,4
DA:119,4
DA:120,4
DA:121,1
DA:122,1
DA:123,1
DA:124,1
DA:125,1
DA:126,1
DA:127,1
DA:128,16
DA:129,16
DA:130,16
DA:131,16
DA:132,16
DA:133,16
DA:134,1
DA:135,1
DA:136,1
DA:137,1
DA:138,1
DA:139,1
DA:140,1
DA:141,140
DA:142,140
DA:143,140
DA:144,140
DA:145,140
DA:146,140
DA:147,1
DA:148,1
DA:149,1
DA:150,1
DA:151,1
DA:152,1
DA:153,1
DA:154,1
DA:155,1
DA:156,1
DA:157,1
DA:158,1
DA:159,1
DA:160,1
DA:161,1
DA:162,1
LF:162
LH:162
BRDA:6,0,0,250
BRDA:21,1,0,26
BRDA:35,2,0,8
BRDA:47,3,0,4
BRDA:59,4,0,18
BRDA:75,5,0,8
BRDA:89,6,0,16
BRDA:103,7,0,10
BRDA:115,8,0,4
BRDA:127,9,0,16
BRDA:140,10,0,140
BRF:11
BRH:11
end_of_record
TN:
SF:src/index.js
FN:4,RegularExpression
FN:10,exec
FN:14,run
FN:21,test
FNF:4
FNH:1
FNDA:0,RegularExpression
FNDA:0,exec
FNDA:0,run
FNDA:1,test
DA:1,1
DA:2,1
DA:3,1
DA:4,1
DA:5,0
DA:6,0
DA:7,0
DA:8,0
DA:9,1
DA:10,1
DA:11,0
DA:12,0
DA:13,1
DA:14,1
DA:15,0
DA:16,0
DA:17,0
DA:18,0
DA:19,0
DA:20,0
DA:21,1
DA:22,1
DA:23,1
DA:24,1
LF:24
LH:12
BRDA:21,0,0,1
BRF:1
BRH:1
end_of_record
TN:
SF:src/meta.js
FN:7,isMeta
FN:11,isDescribe
FN:15,isNumber
FN:20,isABC
FN:25,isBoundary
FN:29,isCharSet
FNF:6
FNH:3
FNDA:0,isMeta
FNDA:0,isDescribe
FNDA:27,isNumber
FNDA:0,isABC
FNDA:6,isBoundary
FNDA:4,isCharSet
DA:1,1
DA:2,1
DA:3,1
DA:4,1
DA:5,1
DA:6,1
DA:7,1
DA:8,0
DA:9,0
DA:10,0
DA:11,1
DA:12,0
DA:13,0
DA:14,1
DA:15,1
DA:16,27
DA:17,27
DA:18,27
DA:19,1
DA:20,1
DA:21,0
DA:22,0
DA:23,0
DA:24,1
DA:25,1
DA:26,6
DA:27,6
DA:28,1
DA:29,1
DA:30,4
DA:31,4
DA:32,1
DA:33,1
DA:34,1
DA:35,1
DA:36,1
DA:37,1
DA:38,1
DA:39,1
DA:40,1
LF:40
LH:32
BRDA:15,0,0,27
BRDA:17,1,0,21
BRDA:25,2,0,6
BRDA:29,3,0,4
BRF:4
BRH:4
end_of_record
TN:
SF:src/parseExp.js
FN:21,handlerEscapes
FN:46,TokenQIsQuantifier
FN:62,mkCharsNodeIntoExpNodeList
FN:77,isQuantifierExp
FN:99,handleGroupOrAssertExp
FN:131,parseRangeCharExp
FN:160,parseQuantifierExp
FN:170,parseExp
FN:181,setStacks
FN:198,getLastNodeInStack
FNF:10
FNH:10
FNDA:8,handlerEscapes
FNDA:4,TokenQIsQuantifier
FNDA:188,mkCharsNodeIntoExpNodeList
FNDA:8,isQuantifierExp
FNDA:13,handleGroupOrAssertExp
FNDA:5,parseRangeCharExp
FNDA:8,parseQuantifierExp
FNDA:33,parseExp
FNDA:76,setStacks
FNDA:76,getLastNodeInStack
DA:1,1
DA:2,1
DA:3,1
DA:4,1
DA:5,1
DA:6,1
DA:7,1
DA:8,1
DA:9,1
DA:10,1
DA:11,1
DA:12,1
DA:13,1
DA:14,1
DA:15,1
DA:16,1
DA:17,1
DA:18,1
DA:19,1
DA:20,1
DA:21,1
DA:22,8
DA:23,8
DA:24,6
DA:25,6
DA:26,6
DA:27,6
DA:28,6
DA:29,4
DA:30,4
DA:31,4
DA:32,3
DA:33,3
DA:34,3
DA:35,3
DA:36,3
DA:37,3
DA:38,8
DA:39,8
DA:40,1
DA:41,1
DA:42,1
DA:43,1
DA:44,1
DA:45,1
DA:46,1
DA:47,4
DA:48,4
DA:49,1
DA:50,1
DA:51,3
DA:52,3
DA:53,3
DA:54,3
DA:55,3
DA:56,1
DA:57,1
DA:58,1
DA:59,1
DA:60,1
DA:61,1
DA:62,1
DA:63,188
DA:64,188
DA:65,78
DA:66,78
DA:67,78
DA:68,78
DA:69,188
DA:70,1
DA:71,1
DA:72,1
DA:73,1
DA:74,1
DA:75,1
DA:76,1
DA:77,1
DA:78,8
DA:79,8
DA:80,27
DA:81,27
DA:82,19
DA:83,19
DA:84,19
DA:85,0
DA:86,19
DA:87,0
DA:88,0
DA:89,27
DA:90,8
DA:91,8
DA:92,1
DA:93,1
DA:94,1
DA:95,1
DA:96,1
DA:97,1
DA:98,1
DA:99,1
DA:100,13
DA:101,13
DA:102,13
DA:103,5
DA:104,5
DA:105,4
DA:106,4
DA:107,4
DA:108,2
DA:109,2
DA:110,2
DA:111,4
DA:112,2
DA:113,2
DA:114,0
DA:115,0
DA:116,0
DA:117,0
DA:118,4
DA:119,5
DA:120,13
DA:121,13
DA:122,1
DA:123,1
DA:124,1
DA:125,1
DA:126,1
DA:127,1
DA:128,1
DA:129,1
DA:130,1
DA:131,1
DA:132,5
DA:133,5
DA:134,5
DA:135,5
DA:136,5
DA:137,5
DA:138,5
DA:139,0
DA:140,0
DA:141,0
DA:142,0
DA:143,0
DA:144,0
DA:145,0
DA:146,0
DA:147,0
DA:148,0
DA:149,0
DA:150,0
DA:151,5
DA:152,5
DA:153,5
DA:154,1
DA:155,1
DA:156,1
DA:157,1
DA:158,1
DA:159,1
DA:160,1
DA:161,8
DA:162,8
DA:163,8
DA:164,8
DA:165,8
DA:166,8
DA:167,1
DA:168,1
DA:169,1
DA:170,1
DA:171,33
DA:172,33
DA:173,33
DA:174,33
DA:175,33
DA:176,33
DA:177,33
DA:178,33
DA:179,33
DA:180,33
DA:181,33
DA:182,76
DA:183,76
DA:184,38
DA:185,38
DA:186,38
DA:187,38
DA:188,38
DA:189,38
DA:190,38
DA:191,38
DA:192,38
DA:193,38
DA:194,38
DA:195,76
DA:196,76
DA:197,33
DA:198,33
DA:199,76
DA:200,76
DA:201,76
DA:202,33
DA:203,33
DA:204,277
DA:205,277
DA:206,277
DA:207,277
DA:208,23
DA:209,23
DA:210,23
DA:211,23
DA:212,254
DA:213,254
DA:214,254
DA:215,254
DA:216,254
DA:217,254
DA:218,254
DA:219,254
DA:220,254
DA:221,254
DA:222,254
DA:223,254
DA:224,254
DA:225,254
DA:226,254
DA:227,254
DA:228,254
DA:229,254
DA:230,254
DA:231,254
DA:232,254
DA:233,254
DA:234,254
DA:235,254
DA:236,254
DA:237,254
DA:238,254
DA:239,254
DA:240,254
DA:241,254
DA:242,254
DA:243,254
DA:244,254
DA:245,254
DA:246,254
DA:247,254
DA:248,254
DA:249,254
DA:250,254
DA:251,254
DA:252,254
DA:253,254
DA:254,254
DA:255,254
DA:256,254
DA:257,254
DA:258,254
DA:259,254
DA:260,254
DA:261,254
DA:262,254
DA:263,254
DA:264,254
DA:265,254
DA:266,254
DA:267,254
DA:268,254
DA:269,254
DA:270,254
DA:271,254
DA:272,254
DA:273,254
DA:274,254
DA:275,254
DA:276,254
DA:277,254
DA:278,254
DA:279,254
DA:280,254
DA:281,254
DA:282,254
DA:283,254
DA:284,254
DA:285,254
DA:286,254
DA:287,254
DA:288,254
DA:289,254
DA:290,254
DA:291,254
DA:292,254
DA:293,254
DA:294,254
DA:295,254
DA:296,254
DA:297,254
DA:298,254
DA:299,254
DA:300,254
DA:301,254
DA:302,254
DA:303,254
DA:304,254
DA:305,254
DA:306,254
DA:307,254
DA:308,254
DA:309,254
DA:310,254
DA:311,254
DA:312,254
DA:313,254
DA:314,254
DA:315,254
DA:316,254
DA:317,254
DA:318,254
DA:319,254
DA:320,254
DA:321,254
DA:322,254
DA:323,254
DA:324,254
DA:325,254
DA:326,254
DA:327,254
DA:328,254
DA:329,254
DA:330,254
DA:331,254
DA:332,254
DA:333,254
DA:334,33
DA:335,3
DA:336,3
DA:337,3
DA:338,33
DA:339,0
DA:340,0
DA:341,33
DA:342,33
DA:343,33
DA:344,33
DA:345,33
DA:346,1
DA:347,1
DA:348,1
DA:349,1
LF:349
LH:328
BRDA:21,0,0,8
BRDA:23,1,0,2
BRDA:23,2,0,6
BRDA:28,3,0,2
BRDA:28,4,0,4
BRDA:31,5,0,1
BRDA:31,6,0,3
BRDA:46,7,0,4
BRDA:48,8,0,3
BRDA:48,9,0,1
BRDA:51,10,0,3
BRDA:62,11,0,188
BRDA:64,12,0,120
BRDA:64,13,0,110
BRDA:64,14,0,78
BRDA:77,15,0,8
BRDA:79,16,0,27
BRDA:81,17,0,8
BRDA:81,18,0,19
BRDA:84,19,0,0
BRDA:86,20,0,7
BRDA:86,21,0,0
BRDA:99,22,0,13
BRDA:102,23,0,5
BRDA:104,24,0,1
BRDA:104,25,0,4
BRDA:107,26,0,2
BRDA:111,27,0,2
BRDA:113,28,0,0
BRDA:131,29,0,5
BRDA:143,30,0,4
BRDA:143,31,0,1
BRDA:138,32,0,0
BRDA:160,33,0,8
BRDA:164,34,0,5
BRDA:164,35,0,3
BRDA:170,36,0,33
BRDA:203,37,0,277
BRDA:207,38,0,40
BRDA:207,39,0,23
BRDA:212,40,0,254
BRDA:213,41,0,8
BRDA:216,42,0,9
BRDA:220,43,0,1
BRDA:220,44,0,8
BRDA:224,45,0,9
BRDA:227,46,0,0
BRDA:234,47,0,5
BRDA:239,48,0,0
BRDA:246,49,0,1
BRDA:250,50,0,3
BRDA:254,51,0,4
BRDA:257,52,0,1
BRDA:261,53,0,8
BRDA:265,54,0,0
BRDA:272,55,0,8
BRDA:275,56,0,0
BRDA:283,57,0,1
BRDA:287,58,0,8
BRDA:292,59,0,1
BRDA:297,60,0,1
BRDA:301,61,0,13
BRDA:304,62,0,4
BRDA:306,63,0,2
BRDA:306,64,0,2
BRDA:304,65,0,9
BRDA:309,66,0,8
BRDA:309,67,0,1
BRDA:310,68,0,8
BRDA:310,69,0,1
BRDA:311,70,0,8
BRDA:311,71,0,1
BRDA:315,72,0,4
BRDA:315,73,0,9
BRDA:318,74,0,13
BRDA:321,75,0,5
BRDA:328,76,0,162
BRDA:212,77,0,254
BRDA:334,78,0,3
BRDA:334,79,0,3
BRDA:338,80,0,0
BRDA:181,81,0,76
BRDA:183,82,0,38
BRDA:198,83,0,76
BRDA:199,84,0,46
BRDA:199,85,0,30
BRDA:200,86,0,46
BRDA:200,87,0,30
BRF:88
BRH:79
end_of_record
