TN:
SF:src/DescribeChar.js
FNF:0
FNH:0
DA:1,1
DA:2,1
DA:3,1
DA:4,1
DA:5,1
DA:6,1
DA:7,1
DA:8,1
DA:9,1
DA:10,1
DA:11,1
DA:12,1
DA:13,1
DA:14,1
DA:15,1
DA:16,1
DA:17,1
DA:18,1
DA:19,1
DA:20,1
DA:21,1
DA:22,1
DA:23,1
DA:24,1
DA:25,1
DA:26,1
DA:27,1
DA:28,1
LF:28
LH:28
BRF:0
BRH:0
end_of_record
TN:
SF:src/index.js
FN:8,RegularExpression
FN:21,exec
FN:25,run
FNF:3
FNH:3
FNDA:45,RegularExpression
FNDA:45,exec
FNDA:45,run
DA:1,1
DA:2,1
DA:3,1
DA:4,1
DA:5,1
DA:6,1
DA:7,1
DA:8,1
DA:9,45
DA:10,45
DA:11,45
DA:12,45
DA:13,45
DA:14,45
DA:15,45
DA:16,45
DA:17,45
DA:18,45
DA:19,45
DA:20,1
DA:21,1
DA:22,45
DA:23,45
DA:24,1
DA:25,1
DA:26,45
DA:27,45
DA:28,45
DA:29,45
DA:30,1
DA:31,1
DA:32,1
DA:33,1
DA:34,1
LF:34
LH:34
BRDA:8,0,0,45
BRDA:21,1,0,45
BRDA:25,2,0,45
BRF:3
BRH:3
end_of_record
TN:
SF:src/match.js
FN:16,MatchHelper
FN:23,setDefault
FN:38,exec
FN:52,run
FN:92,setStacks
FN:105,endStack
FN:126,setSafePoint
FN:141,backSafePoint
FN:158,matchChars
FN:171,compareChars
FN:195,handlerChar
FN:253,startGroup
FN:285,endGroup
FN:322,matchGroup
FNF:14
FNH:14
FNDA:45,MatchHelper
FNDA:117,setDefault
FNDA:45,exec
FNDA:106,run
FNDA:43,setStacks
FNDA:44,endStack
FNDA:46,setSafePoint
FNDA:88,backSafePoint
FNDA:228,matchChars
FNDA:228,compareChars
FNDA:236,handlerChar
FNDA:43,startGroup
FNDA:65,endGroup
FNDA:43,matchGroup
DA:1,1
DA:2,1
DA:3,1
DA:4,1
DA:5,1
DA:6,1
DA:7,1
DA:8,1
DA:9,1
DA:10,1
DA:11,1
DA:12,1
DA:13,1
DA:14,1
DA:15,1
DA:16,1
DA:17,45
DA:18,45
DA:19,45
DA:20,45
DA:21,45
DA:22,45
DA:23,1
DA:24,117
DA:25,117
DA:26,117
DA:27,117
DA:28,117
DA:29,117
DA:30,117
DA:31,117
DA:32,117
DA:33,117
DA:34,117
DA:35,117
DA:36,117
DA:37,117
DA:38,1
DA:39,45
DA:40,45
DA:41,45
DA:42,106
DA:43,106
DA:44,34
DA:45,34
DA:46,72
DA:47,72
DA:48,72
DA:49,72
DA:50,45
DA:51,45
DA:52,1
DA:53,106
DA:54,279
DA:55,279
DA:56,279
DA:57,279
DA:58,205
DA:59,205
DA:60,279
DA:61,26
DA:62,26
DA:63,279
DA:64,3
DA:65,3
DA:66,279
DA:67,43
DA:68,43
DA:69,279
DA:70,0
DA:71,279
DA:72,0
DA:73,0
DA:74,279
DA:75,2
DA:76,2
DA:77,279
DA:78,0
DA:79,279
DA:80,0
DA:81,279
DA:82,279
DA:83,72
DA:84,72
DA:85,279
DA:86,65
DA:87,65
DA:88,279
DA:89,106
DA:90,106
DA:91,106
DA:92,1
DA:93,43
DA:94,43
DA:95,43
DA:96,43
DA:97,43
DA:98,43
DA:99,43
DA:100,43
DA:101,43
DA:102,43
DA:103,43
DA:104,43
DA:105,1
DA:106,44
DA:107,44
DA:108,44
DA:109,44
DA:110,44
DA:111,44
DA:112,44
DA:113,44
DA:114,41
DA:115,41
DA:116,40
DA:117,40
DA:118,40
DA:119,40
DA:120,41
DA:121,44
DA:122,44
DA:123,44
DA:124,44
DA:125,1
DA:126,1
DA:127,46
DA:128,46
DA:129,46
DA:130,46
DA:131,46
DA:132,46
DA:133,46
DA:134,46
DA:135,46
DA:136,46
DA:137,46
DA:138,46
DA:139,46
DA:140,46
DA:141,1
DA:142,88
DA:143,16
DA:144,16
DA:145,16
DA:146,16
DA:147,16
DA:148,16
DA:149,16
DA:150,16
DA:151,16
DA:152,16
DA:153,16
DA:154,16
DA:155,16
DA:156,16
DA:157,88
DA:158,1
DA:159,228
DA:160,228
DA:161,90
DA:162,90
DA:163,90
DA:164,90
DA:165,90
DA:166,90
DA:167,90
DA:168,90
DA:169,90
DA:170,228
DA:171,1
DA:172,228
DA:173,228
DA:174,228
DA:175,228
DA:176,228
DA:177,197
DA:178,263
DA:179,73
DA:180,73
DA:181,190
DA:182,190
DA:183,197
DA:184,197
DA:185,228
DA:186,3
DA:187,3
DA:188,228
DA:189,28
DA:190,28
DA:191,228
DA:192,228
DA:193,228
DA:194,228
DA:195,1
DA:196,236
DA:197,236
DA:198,195
DA:199,195
DA:200,195
DA:201,195
DA:202,195
DA:203,195
DA:204,195
DA:205,195
DA:206,195
DA:207,195
DA:208,195
DA:209,195
DA:210,195
DA:211,195
DA:212,195
DA:213,195
DA:214,195
DA:215,195
DA:216,195
DA:217,195
DA:218,195
DA:219,195
DA:220,195
DA:221,195
DA:222,195
DA:223,195
DA:224,195
DA:225,195
DA:226,20
DA:227,17
DA:228,17
DA:229,17
DA:230,17
DA:231,17
DA:232,17
DA:233,17
DA:234,17
DA:235,17
DA:236,17
DA:237,17
DA:238,195
DA:239,8
DA:240,6
DA:241,6
DA:242,6
DA:243,6
DA:244,8
DA:245,195
DA:246,195
DA:247,195
DA:248,113
DA:249,113
DA:250,113
DA:251,195
DA:252,236
DA:253,1
DA:254,43
DA:255,43
DA:256,31
DA:257,31
DA:258,31
DA:259,31
DA:260,31
DA:261,31
DA:262,31
DA:263,31
DA:264,31
DA:265,31
DA:266,31
DA:267,31
DA:268,31
DA:269,31
DA:270,31
DA:271,31
DA:272,31
DA:273,31
DA:274,31
DA:275,31
DA:276,31
DA:277,31
DA:278,31
DA:279,31
DA:280,31
DA:281,31
DA:282,31
DA:283,31
DA:284,43
DA:285,1
DA:286,65
DA:287,32
DA:288,32
DA:289,32
DA:290,32
DA:291,32
DA:292,32
DA:293,32
DA:294,32
DA:295,32
DA:296,32
DA:297,32
DA:298,32
DA:299,32
DA:300,32
DA:301,32
DA:302,32
DA:303,32
DA:304,32
DA:305,32
DA:306,32
DA:307,32
DA:308,32
DA:309,32
DA:310,32
DA:311,32
DA:312,32
DA:313,32
DA:314,32
DA:315,32
DA:316,32
DA:317,32
DA:318,32
DA:319,32
DA:320,32
DA:321,65
DA:322,1
DA:323,43
DA:324,43
DA:325,43
DA:326,43
DA:327,43
DA:328,43
DA:329,43
DA:330,43
DA:331,43
DA:332,43
DA:333,1
DA:334,1
LF:334
LH:329
BRDA:16,0,0,45
BRDA:23,1,0,117
BRDA:38,2,0,45
BRDA:41,3,0,106
BRDA:43,4,0,34
BRDA:46,5,0,72
BRDA:52,6,0,106
BRDA:53,7,0,279
BRDA:57,8,0,205
BRDA:60,9,0,26
BRDA:63,10,0,3
BRDA:66,11,0,43
BRDA:69,12,0,0
BRDA:71,13,0,0
BRDA:74,14,0,2
BRDA:77,15,0,0
BRDA:79,16,0,0
BRDA:82,17,0,72
BRDA:85,18,0,264
BRDA:85,19,0,207
BRDA:85,20,0,99
BRDA:85,21,0,65
BRDA:90,22,0,34
BRDA:90,23,0,72
BRDA:92,24,0,43
BRDA:105,25,0,44
BRDA:113,26,0,41
BRDA:114,27,0,29
BRDA:115,28,0,1
BRDA:115,29,0,40
BRDA:126,30,0,46
BRDA:141,31,0,88
BRDA:142,32,0,72
BRDA:142,33,0,16
BRDA:158,34,0,228
BRDA:160,35,0,138
BRDA:165,36,0,133
BRDA:160,37,0,90
BRDA:167,38,0,8
BRDA:167,39,0,82
BRDA:171,40,0,228
BRDA:176,41,0,197
BRDA:177,42,0,263
BRDA:178,43,0,73
BRDA:181,44,0,190
BRDA:183,45,0,124
BRDA:183,46,0,73
BRDA:185,47,0,3
BRDA:186,48,0,1
BRDA:186,49,0,0
BRDA:188,50,0,28
BRDA:195,51,0,236
BRDA:197,52,0,41
BRDA:199,53,0,13
BRDA:201,54,0,0
BRDA:205,55,0,9
BRDA:207,56,0,1
BRDA:207,57,0,8
BRDA:205,58,0,4
BRDA:199,59,0,28
BRDA:197,60,0,195
BRDA:225,61,0,20
BRDA:226,62,0,3
BRDA:226,63,0,17
BRDA:238,64,0,8
BRDA:239,65,0,2
BRDA:239,66,0,2
BRDA:239,67,0,6
BRDA:247,68,0,113
BRDA:253,69,0,43
BRDA:255,70,0,12
BRDA:257,71,0,1
BRDA:258,72,0,0
BRDA:261,73,0,0
BRDA:257,74,0,11
BRDA:255,75,0,31
BRDA:285,76,0,65
BRDA:286,77,0,33
BRDA:289,78,0,1
BRDA:290,79,0,0
BRDA:289,80,0,32
BRDA:299,81,0,11
BRDA:299,82,0,21
BRDA:303,83,0,0
BRDA:286,84,0,32
BRDA:322,85,0,43
BRF:86
BRH:76
end_of_record
TN:
SF:src/generateNode/ExpNodeError.js
FN:2,ExpNodeError
FN:5,setErrorMsg
FN:8,getErrorMsg
FNF:3
FNH:3
FNDA:4,ExpNodeError
FNDA:2,setErrorMsg
FNDA:2,getErrorMsg
DA:1,1
DA:2,1
DA:3,4
DA:4,4
DA:5,1
DA:6,2
DA:7,2
DA:8,1
DA:9,2
DA:10,2
DA:11,1
DA:12,1
DA:13,1
LF:13
LH:13
BRDA:2,0,0,4
BRDA:5,1,0,2
BRDA:8,2,0,2
BRF:3
BRH:3
end_of_record
TN:
SF:src/generateNode/NodeType.js
FNF:0
FNH:0
DA:1,1
DA:2,1
DA:3,1
DA:4,1
DA:5,1
DA:6,1
DA:7,1
DA:8,1
DA:9,1
DA:10,1
DA:11,1
DA:12,1
LF:12
LH:12
BRF:0
BRH:0
end_of_record
TN:
SF:src/generateNode/equal.js
FN:19,doReverse
FN:24,Object.<anonymous>.nodeEqual
FN:39,Object.<anonymous>.nodeEqual
FN:60,Object.<anonymous>.nodeEqual
FN:108,defaultEqual
FN:121,Object.<anonymous>.module.exports
FNF:6
FNH:5
FNDA:6,doReverse
FNDA:3,Object.<anonymous>.nodeEqual
FNDA:26,Object.<anonymous>.nodeEqual
FNDA:2,Object.<anonymous>.nodeEqual
FNDA:0,defaultEqual
FNDA:31,Object.<anonymous>.module.exports
DA:1,1
DA:2,1
DA:3,1
DA:4,1
DA:5,1
DA:6,1
DA:7,1
DA:8,1
DA:9,1
DA:10,1
DA:11,1
DA:12,1
DA:13,1
DA:14,1
DA:15,1
DA:16,1
DA:17,1
DA:18,1
DA:19,1
DA:20,6
DA:21,6
DA:22,1
DA:23,1
DA:24,1
DA:25,3
DA:26,3
DA:27,0
DA:28,0
DA:29,0
DA:30,0
DA:31,0
DA:32,0
DA:33,0
DA:34,0
DA:35,0
DA:36,0
DA:37,3
DA:38,3
DA:39,1
DA:40,26
DA:41,26
DA:42,26
DA:43,26
DA:44,26
DA:45,26
DA:46,17
DA:47,17
DA:48,26
DA:49,4
DA:50,4
DA:51,26
DA:52,26
DA:53,26
DA:54,26
DA:55,5
DA:56,5
DA:57,26
DA:58,26
DA:59,26
DA:60,1
DA:61,2
DA:62,2
DA:63,2
DA:64,2
DA:65,1
DA:66,1
DA:67,1
DA:68,1
DA:69,1
DA:70,1
DA:71,1
DA:72,0
DA:73,0
DA:74,1
DA:75,1
DA:76,1
DA:77,1
DA:78,1
DA:79,1
DA:80,1
DA:81,0
DA:82,0
DA:83,0
DA:84,1
DA:85,0
DA:86,0
DA:87,1
DA:88,0
DA:89,0
DA:90,1
DA:91,0
DA:92,0
DA:93,1
DA:94,0
DA:95,0
DA:96,1
DA:97,0
DA:98,0
DA:99,1
DA:100,0
DA:101,0
DA:102,1
DA:103,1
DA:104,2
DA:105,2
DA:106,1
DA:107,1
DA:108,1
DA:109,0
DA:110,0
DA:111,0
DA:112,0
DA:113,0
DA:114,0
DA:115,0
DA:116,0
DA:117,0
DA:118,0
DA:119,0
DA:120,1
DA:121,1
DA:122,31
DA:123,31
DA:124,31
LF:124
LH:86
BRDA:19,0,0,6
BRDA:20,1,0,3
BRDA:20,2,0,3
BRDA:24,3,0,3
BRDA:28,4,0,5
BRDA:29,5,0,0
BRDA:33,6,0,0
BRDA:26,7,0,0
BRDA:39,8,0,26
BRDA:45,9,0,17
BRDA:46,10,0,5
BRDA:46,11,0,12
BRDA:48,12,0,4
BRDA:49,13,0,2
BRDA:49,14,0,2
BRDA:51,15,0,3
BRDA:54,16,0,5
BRDA:55,17,0,4
BRDA:55,18,0,2
BRDA:55,19,0,2
BRDA:55,20,0,3
BRDA:60,21,0,2
BRDA:64,22,0,1
BRDA:68,23,0,0
BRDA:71,24,0,0
BRDA:74,25,0,0
BRDA:78,26,0,0
BRDA:80,27,0,0
BRDA:84,28,0,0
BRDA:87,29,0,0
BRDA:90,30,0,0
BRDA:93,31,0,0
BRDA:96,32,0,0
BRDA:99,33,0,0
BRDA:121,34,0,31
BRDA:122,35,0,0
BRF:36
BRH:21
end_of_record
TN:
SF:src/generateNode/expNode.js
FN:18,NodeInterface
FN:34,QuantifierNode
FN:48,BoundaryNode
FN:60,GroupIdNode
FN:75,GroupNode
FN:92,AssertionsNode
FN:107,CharSetNode
FN:122,RangeCharSetNode
FN:134,PresetCharSetNode
FN:148,LogicOrNode
FN:161,CharsNode
FN:176,isNodeType
FN:186,inNodeTypes
FN:195,getQuantifierNodeInNode
FNF:14
FNH:14
FNDA:572,NodeInterface
FNDA:71,QuantifierNode
FNDA:23,BoundaryNode
FNDA:9,GroupIdNode
FNDA:62,GroupNode
FNDA:8,AssertionsNode
FNDA:22,CharSetNode
FNDA:15,RangeCharSetNode
FNDA:8,PresetCharSetNode
FNDA:22,LogicOrNode
FNDA:332,CharsNode
FNDA:690,isNodeType
FNDA:50,inNodeTypes
FNDA:297,getQuantifierNodeInNode
DA:1,1
DA:2,1
DA:3,1
DA:4,1
DA:5,1
DA:6,1
DA:7,1
DA:8,1
DA:9,1
DA:10,1
DA:11,1
DA:12,1
DA:13,1
DA:14,1
DA:15,1
DA:16,1
DA:17,1
DA:18,572
DA:19,572
DA:20,572
DA:21,572
DA:22,572
DA:23,572
DA:24,572
DA:25,572
DA:26,1
DA:27,1
DA:28,1
DA:29,1
DA:30,1
DA:31,1
DA:32,1
DA:33,1
DA:34,1
DA:35,71
DA:36,71
DA:37,71
DA:38,71
DA:39,71
DA:40,71
DA:41,71
DA:42,1
DA:43,1
DA:44,1
DA:45,1
DA:46,1
DA:47,1
DA:48,1
DA:49,23
DA:50,23
DA:51,23
DA:52,23
DA:53,23
DA:54,1
DA:55,1
DA:56,1
DA:57,1
DA:58,1
DA:59,1
DA:60,1
DA:61,9
DA:62,9
DA:63,9
DA:64,9
DA:65,9
DA:66,9
DA:67,1
DA:68,1
DA:69,1
DA:70,1
DA:71,1
DA:72,1
DA:73,1
DA:74,1
DA:75,1
DA:76,62
DA:77,62
DA:78,62
DA:79,62
DA:80,62
DA:81,62
DA:82,62
DA:83,62
DA:84,1
DA:85,1
DA:86,1
DA:87,1
DA:88,1
DA:89,1
DA:90,1
DA:91,1
DA:92,1
DA:93,8
DA:94,8
DA:95,8
DA:96,8
DA:97,8
DA:98,8
DA:99,8
DA:100,1
DA:101,1
DA:102,1
DA:103,1
DA:104,1
DA:105,1
DA:106,1
DA:107,1
DA:108,22
DA:109,22
DA:110,22
DA:111,22
DA:112,22
DA:113,22
DA:114,22
DA:115,1
DA:116,1
DA:117,1
DA:118,1
DA:119,1
DA:120,1
DA:121,1
DA:122,1
DA:123,15
DA:124,15
DA:125,15
DA:126,15
DA:127,15
DA:128,1
DA:129,1
DA:130,1
DA:131,1
DA:132,1
DA:133,1
DA:134,1
DA:135,8
DA:136,8
DA:137,8
DA:138,8
DA:139,8
DA:140,8
DA:141,1
DA:142,1
DA:143,1
DA:144,1
DA:145,1
DA:146,1
DA:147,1
DA:148,1
DA:149,22
DA:150,22
DA:151,22
DA:152,22
DA:153,22
DA:154,22
DA:155,1
DA:156,1
DA:157,1
DA:158,1
DA:159,1
DA:160,1
DA:161,1
DA:162,332
DA:163,332
DA:164,332
DA:165,332
DA:166,332
DA:167,332
DA:168,332
DA:169,1
DA:170,1
DA:171,1
DA:172,1
DA:173,1
DA:174,1
DA:175,1
DA:176,1
DA:177,690
DA:178,690
DA:179,1
DA:180,1
DA:181,1
DA:182,1
DA:183,1
DA:184,1
DA:185,1
DA:186,1
DA:187,50
DA:188,50
DA:189,1
DA:190,1
DA:191,1
DA:192,1
DA:193,1
DA:194,1
DA:195,1
DA:196,297
DA:197,297
DA:198,1
DA:199,1
DA:200,1
DA:201,1
DA:202,1
DA:203,1
DA:204,1
DA:205,1
DA:206,1
DA:207,1
DA:208,1
DA:209,1
DA:210,1
DA:211,1
DA:212,1
DA:213,1
DA:214,1
DA:215,1
LF:215
LH:215
BRDA:18,0,0,572
BRDA:34,1,0,71
BRDA:48,2,0,23
BRDA:60,3,0,9
BRDA:75,4,0,62
BRDA:92,5,0,8
BRDA:107,6,0,22
BRDA:122,7,0,15
BRDA:134,8,0,8
BRDA:148,9,0,22
BRDA:161,10,0,332
BRDA:176,11,0,690
BRDA:177,12,0,432
BRDA:186,13,0,50
BRDA:195,14,0,297
BRF:15
BRH:15
end_of_record
TN:
SF:src/generateNode/index.js
FN:33,handlerEscapes
FN:58,TokenQIsQuantifier
FN:72,handlerQuantifierNodeIntoExpNodeList
FN:95,mkCharsNodeIntoExpNodeList
FN:110,isQuantifierExp
FN:132,handleGroupOrAssertExp
FN:164,parseRangeCharExp
FN:193,parseQuantifierExp
FN:203,generateNode
FN:214,setStacks
FN:231,getLastNodeInStack
FNF:11
FNH:11
FNDA:18,handlerEscapes
FNDA:17,TokenQIsQuantifier
FNDA:50,handlerQuantifierNodeIntoExpNodeList
FNDA:483,mkCharsNodeIntoExpNodeList
FNDA:30,isQuantifierExp
FNDA:55,handleGroupOrAssertExp
FNDA:9,parseRangeCharExp
FNDA:28,parseQuantifierExp
FNDA:91,generateNode
FNDA:207,setStacks
FNDA:222,getLastNodeInStack
DA:1,1
DA:2,1
DA:3,1
DA:4,1
DA:5,1
DA:6,1
DA:7,1
DA:8,1
DA:9,1
DA:10,1
DA:11,1
DA:12,1
DA:13,1
DA:14,1
DA:15,1
DA:16,1
DA:17,1
DA:18,1
DA:19,1
DA:20,1
DA:21,1
DA:22,1
DA:23,1
DA:24,1
DA:25,1
DA:26,1
DA:27,1
DA:28,1
DA:29,1
DA:30,1
DA:31,1
DA:32,1
DA:33,1
DA:34,18
DA:35,18
DA:36,12
DA:37,12
DA:38,12
DA:39,12
DA:40,12
DA:41,5
DA:42,5
DA:43,5
DA:44,1
DA:45,1
DA:46,1
DA:47,1
DA:48,1
DA:49,1
DA:50,18
DA:51,18
DA:52,1
DA:53,1
DA:54,1
DA:55,1
DA:56,1
DA:57,1
DA:58,1
DA:59,17
DA:60,17
DA:61,17
DA:62,17
DA:63,17
DA:64,17
DA:65,17
DA:66,11
DA:67,11
DA:68,11
DA:69,17
DA:70,17
DA:71,1
DA:72,1
DA:73,50
DA:74,50
DA:75,0
DA:76,0
DA:77,0
DA:78,0
DA:79,0
DA:80,0
DA:81,0
DA:82,0
DA:83,0
DA:84,0
DA:85,0
DA:86,0
DA:87,0
DA:88,50
DA:89,1
DA:90,1
DA:91,1
DA:92,1
DA:93,1
DA:94,1
DA:95,1
DA:96,483
DA:97,483
DA:98,211
DA:99,211
DA:100,211
DA:101,211
DA:102,483
DA:103,1
DA:104,1
DA:105,1
DA:106,1
DA:107,1
DA:108,1
DA:109,1
DA:110,1
DA:111,30
DA:112,30
DA:113,109
DA:114,109
DA:115,81
DA:116,81
DA:117,81
DA:118,80
DA:119,80
DA:120,1
DA:121,1
DA:122,109
DA:123,30
DA:124,30
DA:125,1
DA:126,1
DA:127,1
DA:128,1
DA:129,1
DA:130,1
DA:131,1
DA:132,1
DA:133,55
DA:134,55
DA:135,55
DA:136,8
DA:137,8
DA:138,5
DA:139,5
DA:140,5
DA:141,2
DA:142,2
DA:143,2
DA:144,5
DA:145,3
DA:146,3
DA:147,1
DA:148,1
DA:149,1
DA:150,1
DA:151,5
DA:152,8
DA:153,54
DA:154,54
DA:155,1
DA:156,1
DA:157,1
DA:158,1
DA:159,1
DA:160,1
DA:161,1
DA:162,1
DA:163,1
DA:164,1
DA:165,9
DA:166,9
DA:167,9
DA:168,9
DA:169,9
DA:170,9
DA:171,9
DA:172,1
DA:173,1
DA:174,1
DA:175,1
DA:176,1
DA:177,1
DA:178,1
DA:179,1
DA:180,1
DA:181,1
DA:182,1
DA:183,1
DA:184,9
DA:185,8
DA:186,8
DA:187,1
DA:188,1
DA:189,1
DA:190,1
DA:191,1
DA:192,1
DA:193,1
DA:194,28
DA:195,28
DA:196,28
DA:197,28
DA:198,28
DA:199,28
DA:200,1
DA:201,1
DA:202,1
DA:203,1
DA:204,91
DA:205,91
DA:206,91
DA:207,91
DA:208,91
DA:209,91
DA:210,91
DA:211,91
DA:212,91
DA:213,91
DA:214,91
DA:215,207
DA:216,207
DA:217,105
DA:218,105
DA:219,105
DA:220,105
DA:221,105
DA:222,105
DA:223,105
DA:224,105
DA:225,105
DA:226,105
DA:227,105
DA:228,207
DA:229,207
DA:230,91
DA:231,91
DA:232,222
DA:233,222
DA:234,222
DA:235,91
DA:236,91
DA:237,752
DA:238,752
DA:239,752
DA:240,752
DA:241,30
DA:242,30
DA:243,30
DA:244,30
DA:245,722
DA:246,720
DA:247,720
DA:248,720
DA:249,720
DA:250,720
DA:251,720
DA:252,720
DA:253,720
DA:254,720
DA:255,720
DA:256,720
DA:257,720
DA:258,720
DA:259,720
DA:260,720
DA:261,720
DA:262,720
DA:263,720
DA:264,720
DA:265,720
DA:266,720
DA:267,720
DA:268,720
DA:269,720
DA:270,720
DA:271,720
DA:272,720
DA:273,720
DA:274,720
DA:275,720
DA:276,720
DA:277,720
DA:278,720
DA:279,720
DA:280,720
DA:281,720
DA:282,720
DA:283,720
DA:284,720
DA:285,720
DA:286,720
DA:287,720
DA:288,720
DA:289,720
DA:290,720
DA:291,720
DA:292,720
DA:293,720
DA:294,720
DA:295,720
DA:296,720
DA:297,720
DA:298,720
DA:299,720
DA:300,720
DA:301,720
DA:302,720
DA:303,720
DA:304,720
DA:305,720
DA:306,720
DA:307,720
DA:308,720
DA:309,720
DA:310,720
DA:311,720
DA:312,720
DA:313,720
DA:314,720
DA:315,720
DA:316,720
DA:317,720
DA:318,720
DA:319,720
DA:320,720
DA:321,720
DA:322,720
DA:323,720
DA:324,720
DA:325,720
DA:326,720
DA:327,720
DA:328,720
DA:329,720
DA:330,720
DA:331,720
DA:332,720
DA:333,720
DA:334,720
DA:335,720
DA:336,720
DA:337,720
DA:338,720
DA:339,720
DA:340,720
DA:341,720
DA:342,720
DA:343,720
DA:344,720
DA:345,720
DA:346,720
DA:347,720
DA:348,720
DA:349,720
DA:350,720
DA:351,720
DA:352,720
DA:353,720
DA:354,720
DA:355,720
DA:356,720
DA:357,720
DA:358,720
DA:359,720
DA:360,720
DA:361,720
DA:362,720
DA:363,720
DA:364,720
DA:365,720
DA:366,720
DA:367,720
DA:368,720
DA:369,720
DA:370,720
DA:371,91
DA:372,2
DA:373,2
DA:374,2
DA:375,2
DA:376,2
DA:377,2
DA:378,91
DA:379,6
DA:380,6
DA:381,6
DA:382,91
DA:383,2
DA:384,2
DA:385,87
DA:386,87
DA:387,87
DA:388,87
DA:389,87
DA:390,1
DA:391,1
DA:392,1
LF:392
LH:379
BRDA:33,0,0,18
BRDA:35,1,0,6
BRDA:35,2,0,12
BRDA:40,3,0,7
BRDA:40,4,0,5
BRDA:43,5,0,4
BRDA:43,6,0,1
BRDA:58,7,0,17
BRDA:65,8,0,11
BRDA:72,9,0,50
BRDA:75,10,0,33
BRDA:77,11,0,28
BRDA:74,12,0,0
BRDA:95,13,0,483
BRDA:97,14,0,280
BRDA:97,15,0,272
BRDA:97,16,0,211
BRDA:110,17,0,30
BRDA:112,18,0,109
BRDA:114,19,0,28
BRDA:114,20,0,81
BRDA:117,21,0,1
BRDA:117,22,0,80
BRDA:119,23,0,28
BRDA:119,24,0,1
BRDA:132,25,0,55
BRDA:135,26,0,8
BRDA:137,27,0,3
BRDA:137,28,0,5
BRDA:140,29,0,2
BRDA:144,30,0,2
BRDA:144,31,0,3
BRDA:146,32,0,2
BRDA:146,33,0,1
BRDA:153,34,0,54
BRDA:164,35,0,9
BRDA:171,36,0,8
BRDA:176,37,0,4
BRDA:171,38,0,1
BRDA:184,39,0,8
BRDA:193,40,0,28
BRDA:197,41,0,25
BRDA:197,42,0,3
BRDA:203,43,0,91
BRDA:236,44,0,752
BRDA:240,45,0,50
BRDA:240,46,0,30
BRDA:245,47,0,722
BRDA:246,48,0,18
BRDA:249,49,0,12
BRDA:253,50,0,1
BRDA:253,51,0,11
BRDA:257,52,0,11
BRDA:260,53,0,10
BRDA:260,54,0,1
BRDA:267,55,0,10
BRDA:272,56,0,9
BRDA:274,57,0,8
BRDA:274,58,0,8
BRDA:272,59,0,1
BRDA:278,60,0,9
BRDA:279,61,0,9
BRDA:284,62,0,7
BRDA:289,63,0,17
BRDA:292,64,0,6
BRDA:297,65,0,30
BRDA:301,66,0,28
BRDA:301,67,0,2
BRDA:308,68,0,29
BRDA:311,69,0,28
BRDA:311,70,0,1
BRDA:320,71,0,1
BRDA:324,72,0,11
BRDA:329,73,0,6
BRDA:334,74,0,6
BRDA:338,75,0,55
BRDA:341,76,0,4
BRDA:343,77,0,2
BRDA:343,78,0,2
BRDA:341,79,0,50
BRDA:346,80,0,47
BRDA:346,81,0,3
BRDA:347,82,0,47
BRDA:347,83,0,3
BRDA:348,84,0,47
BRDA:348,85,0,3
BRDA:350,86,0,54
BRDA:352,87,0,4
BRDA:352,88,0,50
BRDA:355,89,0,53
BRDA:358,90,0,5
BRDA:365,91,0,447
BRDA:245,92,0,720
BRDA:371,93,0,2
BRDA:378,94,0,89
BRDA:378,95,0,6
BRDA:382,96,0,89
BRDA:382,97,0,2
BRDA:385,98,0,87
BRDA:214,99,0,207
BRDA:216,100,0,152
BRDA:216,101,0,102
BRDA:216,102,0,105
BRDA:231,103,0,222
BRDA:232,104,0,135
BRDA:232,105,0,87
BRDA:233,106,0,135
BRDA:233,107,0,87
BRF:108
BRH:107
end_of_record
TN:
SF:src/generateNode/meta.js
FN:7,isMeta
FN:11,isDescribe
FN:15,isNumber
FN:20,isABC
FN:25,isBoundary
FN:29,isCharSet
FN:33,isWordChar
FN:37,isSpace
FNF:8
FNH:6
FNDA:0,isMeta
FNDA:0,isDescribe
FNDA:98,isNumber
FNDA:2,isABC
FNDA:12,isBoundary
FNDA:5,isCharSet
FNDA:2,isWordChar
FNDA:1,isSpace
DA:1,1
DA:2,1
DA:3,1
DA:4,1
DA:5,1
DA:6,1
DA:7,1
DA:8,0
DA:9,0
DA:10,0
DA:11,1
DA:12,0
DA:13,0
DA:14,1
DA:15,1
DA:16,98
DA:17,98
DA:18,98
DA:19,1
DA:20,1
DA:21,2
DA:22,2
DA:23,2
DA:24,1
DA:25,1
DA:26,12
DA:27,12
DA:28,1
DA:29,1
DA:30,5
DA:31,5
DA:32,1
DA:33,1
DA:34,2
DA:35,2
DA:36,1
DA:37,1
DA:38,1
DA:39,1
DA:40,1
DA:41,1
DA:42,1
DA:43,1
DA:44,1
DA:45,1
DA:46,1
DA:47,1
DA:48,1
DA:49,1
DA:50,1
DA:51,1
DA:52,1
LF:52
LH:47
BRDA:15,0,0,98
BRDA:17,1,0,85
BRDA:20,2,0,2
BRDA:22,3,0,0
BRDA:25,4,0,12
BRDA:29,5,0,5
BRDA:33,6,0,2
BRDA:34,7,0,0
BRDA:34,8,0,0
BRDA:37,9,0,1
BRDA:40,10,0,0
BRF:11
BRH:7
end_of_record
